CPU %               MEM USAGE / LIMIT    MEM %               NET I/O             BLOCK I/O           PIDS
0.00%               25.3MiB / 1.944GiB   1.27%               906B / 0B           0B / 0B             19
0.00%               25.3MiB / 1.944GiB   1.27%               906B / 0B           0B / 0B             19
0.00%               25.3MiB / 1.944GiB   1.27%               906B / 0B           0B / 0B             19
0.00%               25.3MiB / 1.944GiB   1.27%               906B / 0B           0B / 0B             19
0.00%               25.3MiB / 1.944GiB   1.27%               906B / 0B           0B / 0B             19
0.00%               25.3MiB / 1.944GiB   1.27%               906B / 0B           0B / 0B             19
0.00%               25.3MiB / 1.944GiB   1.27%               906B / 0B           0B / 0B             19
0.00%               25.3MiB / 1.944GiB   1.27%               906B / 0B           0B / 0B             19
0.00%               25.3MiB / 1.944GiB   1.27%               906B / 0B           0B / 0B             19
0.00%               25.3MiB / 1.944GiB   1.27%               906B / 0B           0B / 0B             19
73.73%              47.05MiB / 1.944GiB   2.36%               1.67MB / 2.89MB     0B / 0B             23
73.73%              47.05MiB / 1.944GiB   2.36%               1.67MB / 2.89MB     0B / 0B             23
91.97%              56MiB / 1.944GiB    2.81%               2.71MB / 9.73MB     0B / 0B             23
91.97%              56MiB / 1.944GiB    2.81%               2.71MB / 9.73MB     0B / 0B             23
97.69%              55.75MiB / 1.944GiB   2.80%               4.49MB / 16.3MB     0B / 0B             23
97.69%              55.75MiB / 1.944GiB   2.80%               4.49MB / 16.3MB     0B / 0B             23
103.93%             55.63MiB / 1.944GiB   2.79%               6.03MB / 22.8MB     0B / 0B             23
103.93%             55.63MiB / 1.944GiB   2.79%               6.03MB / 22.8MB     0B / 0B             23
100.57%             58.05MiB / 1.944GiB   2.92%               7.8MB / 28.8MB      0B / 0B             23
100.57%             58.05MiB / 1.944GiB   2.92%               7.8MB / 28.8MB      0B / 0B             23
74.07%              56.51MiB / 1.944GiB   2.84%               9.06MB / 35.2MB     0B / 0B             23
74.07%              56.51MiB / 1.944GiB   2.84%               9.06MB / 35.2MB     0B / 0B             23
84.26%              55.2MiB / 1.944GiB   2.77%               11MB / 41.7MB       0B / 0B             23
84.26%              55.2MiB / 1.944GiB   2.77%               11MB / 41.7MB       0B / 0B             23
80.91%              55.7MiB / 1.944GiB   2.80%               12.5MB / 47.7MB     0B / 0B             23
80.91%              55.7MiB / 1.944GiB   2.80%               12.5MB / 47.7MB     0B / 0B             23
84.94%              54.14MiB / 1.944GiB   2.72%               14.1MB / 54.2MB     0B / 0B             23
84.94%              54.14MiB / 1.944GiB   2.72%               14.1MB / 54.2MB     0B / 0B             23
61.78%              55.66MiB / 1.944GiB   2.80%               15.6MB / 61.1MB     0B / 0B             23
61.78%              55.66MiB / 1.944GiB   2.80%               15.6MB / 61.1MB     0B / 0B             23
83.44%              55.37MiB / 1.944GiB   2.78%               17.7MB / 68.6MB     0B / 0B             23
83.44%              55.37MiB / 1.944GiB   2.78%               17.7MB / 68.6MB     0B / 0B             23
68.32%              56.21MiB / 1.944GiB   2.82%               19.2MB / 74.9MB     0B / 0B             23
68.32%              56.21MiB / 1.944GiB   2.82%               19.2MB / 74.9MB     0B / 0B             23
79.64%              56.36MiB / 1.944GiB   2.83%               20.7MB / 80.9MB     0B / 0B             23
79.64%              56.36MiB / 1.944GiB   2.83%               20.7MB / 80.9MB     0B / 0B             23
64.64%              57.2MiB / 1.944GiB   2.87%               22.3MB / 87.1MB     0B / 0B             23
64.64%              57.2MiB / 1.944GiB   2.87%               22.3MB / 87.1MB     0B / 0B             23
79.98%              56.79MiB / 1.944GiB   2.85%               24.1MB / 93.5MB     0B / 0B             23
79.98%              56.79MiB / 1.944GiB   2.85%               24.1MB / 93.5MB     0B / 0B             23
20.35%              56.78MiB / 1.944GiB   2.85%               24.6MB / 95.5MB     0B / 0B             23
20.35%              56.78MiB / 1.944GiB   2.85%               24.6MB / 95.5MB     0B / 0B             23
53.26%              62.73MiB / 1.944GiB   3.15%               26MB / 101MB        0B / 0B             23
53.26%              62.73MiB / 1.944GiB   3.15%               26MB / 101MB        0B / 0B             23
46.14%              58.89MiB / 1.944GiB   2.96%               27.1MB / 107MB      0B / 0B             23
46.14%              58.89MiB / 1.944GiB   2.96%               27.1MB / 107MB      0B / 0B             23
77.02%              58.68MiB / 1.944GiB   2.95%               29.1MB / 114MB      0B / 0B             23
77.02%              58.68MiB / 1.944GiB   2.95%               29.1MB / 114MB      0B / 0B             23
52.83%              58.65MiB / 1.944GiB   2.95%               30.4MB / 119MB      0B / 0B             23
52.83%              58.65MiB / 1.944GiB   2.95%               30.4MB / 119MB      0B / 0B             23
92.52%              59.06MiB / 1.944GiB   2.97%               32.3MB / 126MB      0B / 0B             23
92.52%              59.06MiB / 1.944GiB   2.97%               32.3MB / 126MB      0B / 0B             23
85.81%              60.25MiB / 1.944GiB   3.03%               33.9MB / 133MB      0B / 0B             23
85.81%              60.25MiB / 1.944GiB   3.03%               33.9MB / 133MB      0B / 0B             23
103.40%             60.39MiB / 1.944GiB   3.03%               35.7MB / 139MB      0B / 0B             23
103.40%             60.39MiB / 1.944GiB   3.03%               35.7MB / 139MB      0B / 0B             23
81.76%              59.63MiB / 1.944GiB   3.00%               37.3MB / 146MB      0B / 0B             23
81.76%              59.63MiB / 1.944GiB   3.00%               37.3MB / 146MB      0B / 0B             23
73.87%              60.22MiB / 1.944GiB   3.03%               39.1MB / 153MB      0B / 0B             23
73.87%              60.22MiB / 1.944GiB   3.03%               39.1MB / 153MB      0B / 0B             23
80.63%              59.73MiB / 1.944GiB   3.00%               40.8MB / 160MB      0B / 0B             23
80.63%              59.73MiB / 1.944GiB   3.00%               40.8MB / 160MB      0B / 0B             23
80.77%              59.44MiB / 1.944GiB   2.99%               42.8MB / 168MB      0B / 0B             23
80.77%              59.44MiB / 1.944GiB   2.99%               42.8MB / 168MB      0B / 0B             23
86.77%              60.58MiB / 1.944GiB   3.04%               44.6MB / 175MB      0B / 0B             23
86.77%              60.58MiB / 1.944GiB   3.04%               44.6MB / 175MB      0B / 0B             23
91.12%              60.92MiB / 1.944GiB   3.06%               46.4MB / 182MB      0B / 0B             23
91.12%              60.92MiB / 1.944GiB   3.06%               46.4MB / 182MB      0B / 0B             23
76.12%              60.66MiB / 1.944GiB   3.05%               48.3MB / 189MB      0B / 0B             23
76.12%              60.66MiB / 1.944GiB   3.05%               48.3MB / 189MB      0B / 0B             23
75.32%              59.98MiB / 1.944GiB   3.01%               49.9MB / 196MB      0B / 0B             23
75.32%              59.98MiB / 1.944GiB   3.01%               49.9MB / 196MB      0B / 0B             23
116.31%             61.16MiB / 1.944GiB   3.07%               51.9MB / 203MB      0B / 0B             23
116.31%             61.16MiB / 1.944GiB   3.07%               51.9MB / 203MB      0B / 0B             23
47.71%              61.52MiB / 1.944GiB   3.09%               53.2MB / 208MB      0B / 0B             23
47.71%              61.52MiB / 1.944GiB   3.09%               53.2MB / 208MB      0B / 0B             23
76.06%              60.86MiB / 1.944GiB   3.06%               55MB / 216MB        0B / 0B             23
76.06%              60.86MiB / 1.944GiB   3.06%               55MB / 216MB        0B / 0B             23
74.12%              61.44MiB / 1.944GiB   3.09%               56.8MB / 223MB      0B / 0B             23
74.12%              61.44MiB / 1.944GiB   3.09%               56.8MB / 223MB      0B / 0B             23
100.96%             61.55MiB / 1.944GiB   3.09%               58.5MB / 230MB      0B / 0B             23
100.96%             61.55MiB / 1.944GiB   3.09%               58.5MB / 230MB      0B / 0B             23
74.21%              62.25MiB / 1.944GiB   3.13%               60MB / 235MB        0B / 0B             23
74.21%              62.25MiB / 1.944GiB   3.13%               60MB / 235MB        0B / 0B             23
63.30%              62.65MiB / 1.944GiB   3.15%               61.4MB / 241MB      0B / 0B             23
63.30%              62.65MiB / 1.944GiB   3.15%               61.4MB / 241MB      0B / 0B             23
64.87%              62.84MiB / 1.944GiB   3.16%               62.9MB / 247MB      0B / 0B             23
64.87%              62.84MiB / 1.944GiB   3.16%               62.9MB / 247MB      0B / 0B             23
86.94%              62.54MiB / 1.944GiB   3.14%               64.6MB / 254MB      0B / 0B             23
86.94%              62.54MiB / 1.944GiB   3.14%               64.6MB / 254MB      0B / 0B             23
69.11%              61.74MiB / 1.944GiB   3.10%               66.2MB / 260MB      0B / 0B             23
69.11%              61.74MiB / 1.944GiB   3.10%               66.2MB / 260MB      0B / 0B             23
61.93%              61.93MiB / 1.944GiB   3.11%               67.8MB / 267MB      0B / 0B             23
61.93%              61.93MiB / 1.944GiB   3.11%               67.8MB / 267MB      0B / 0B             23
71.83%              62.43MiB / 1.944GiB   3.14%               69.5MB / 273MB      0B / 0B             23
71.83%              62.43MiB / 1.944GiB   3.14%               69.5MB / 273MB      0B / 0B             23
86.26%              62.44MiB / 1.944GiB   3.14%               71.1MB / 279MB      0B / 0B             23
86.26%              62.44MiB / 1.944GiB   3.14%               71.1MB / 279MB      0B / 0B             23
60.13%              61.51MiB / 1.944GiB   3.09%               72.3MB / 285MB      0B / 0B             23
60.13%              61.51MiB / 1.944GiB   3.09%               72.3MB / 285MB      0B / 0B             23
69.42%              61.86MiB / 1.944GiB   3.11%               74.2MB / 292MB      0B / 0B             23
69.42%              61.86MiB / 1.944GiB   3.11%               74.2MB / 292MB      0B / 0B             23
69.21%              62.12MiB / 1.944GiB   3.12%               75.9MB / 298MB      0B / 0B             23
69.21%              62.12MiB / 1.944GiB   3.12%               75.9MB / 298MB      0B / 0B             23
88.72%              62.98MiB / 1.944GiB   3.16%               77.5MB / 305MB      0B / 0B             23
88.72%              62.98MiB / 1.944GiB   3.16%               77.5MB / 305MB      0B / 0B             23
56.19%              61.96MiB / 1.944GiB   3.11%               78.9MB / 310MB      0B / 0B             23
56.19%              61.96MiB / 1.944GiB   3.11%               78.9MB / 310MB      0B / 0B             23
66.22%              63.18MiB / 1.944GiB   3.17%               80.6MB / 317MB      0B / 0B             23
66.22%              63.18MiB / 1.944GiB   3.17%               80.6MB / 317MB      0B / 0B             23
91.95%              63.41MiB / 1.944GiB   3.19%               82.6MB / 324MB      0B / 0B             23
91.95%              63.41MiB / 1.944GiB   3.19%               82.6MB / 324MB      0B / 0B             23
76.32%              64.39MiB / 1.944GiB   3.24%               83.8MB / 329MB      0B / 0B             23
76.32%              64.39MiB / 1.944GiB   3.24%               83.8MB / 329MB      0B / 0B             23
70.31%              62.85MiB / 1.944GiB   3.16%               85.5MB / 336MB      0B / 0B             23
70.31%              62.85MiB / 1.944GiB   3.16%               85.5MB / 336MB      0B / 0B             23
83.30%              63.02MiB / 1.944GiB   3.17%               87.1MB / 343MB      0B / 0B             23
83.30%              63.02MiB / 1.944GiB   3.17%               87.1MB / 343MB      0B / 0B             23
68.87%              62.57MiB / 1.944GiB   3.14%               89MB / 350MB        0B / 0B             23
68.87%              62.57MiB / 1.944GiB   3.14%               89MB / 350MB        0B / 0B             23
65.61%              63.03MiB / 1.944GiB   3.17%               90.7MB / 357MB      0B / 0B             23
65.61%              63.03MiB / 1.944GiB   3.17%               90.7MB / 357MB      0B / 0B             23
75.87%              63.48MiB / 1.944GiB   3.19%               92.3MB / 363MB      0B / 0B             23
75.87%              63.48MiB / 1.944GiB   3.19%               92.3MB / 363MB      0B / 0B             23
73.42%              63.98MiB / 1.944GiB   3.21%               93.8MB / 370MB      0B / 0B             23
73.42%              63.98MiB / 1.944GiB   3.21%               93.8MB / 370MB      0B / 0B             23
97.35%              66.17MiB / 1.944GiB   3.32%               95.7MB / 376MB      0B / 0B             23
97.35%              66.17MiB / 1.944GiB   3.32%               95.7MB / 376MB      0B / 0B             23
58.23%              66.29MiB / 1.944GiB   3.33%               97.4MB / 383MB      0B / 0B             23
58.23%              66.29MiB / 1.944GiB   3.33%               97.4MB / 383MB      0B / 0B             23
91.15%              66.16MiB / 1.944GiB   3.32%               99MB / 390MB        0B / 0B             23
91.15%              66.16MiB / 1.944GiB   3.32%               99MB / 390MB        0B / 0B             23
76.26%              65.83MiB / 1.944GiB   3.31%               101MB / 395MB       0B / 0B             23
76.26%              65.83MiB / 1.944GiB   3.31%               101MB / 395MB       0B / 0B             23
91.28%              66.12MiB / 1.944GiB   3.32%               102MB / 402MB       0B / 0B             23
91.28%              66.12MiB / 1.944GiB   3.32%               102MB / 402MB       0B / 0B             23
83.21%              65.92MiB / 1.944GiB   3.31%               104MB / 408MB       0B / 0B             23
83.21%              65.92MiB / 1.944GiB   3.31%               104MB / 408MB       0B / 0B             23
83.21%              65.92MiB / 1.944GiB   3.31%               104MB / 408MB       0B / 0B             23
83.21%              65.92MiB / 1.944GiB   3.31%               104MB / 408MB       0B / 0B             23
7.52%               65.7MiB / 1.944GiB   3.30%               106MB / 416MB       0B / 0B             23
7.52%               65.7MiB / 1.944GiB   3.30%               106MB / 416MB       0B / 0B             23
63.64%              68.56MiB / 1.944GiB   3.44%               107MB / 423MB       0B / 0B             23
63.64%              68.56MiB / 1.944GiB   3.44%               107MB / 423MB       0B / 0B             23
74.73%              64.98MiB / 1.944GiB   3.26%               109MB / 429MB       0B / 0B             23
74.73%              64.98MiB / 1.944GiB   3.26%               109MB / 429MB       0B / 0B             23
61.33%              66.58MiB / 1.944GiB   3.35%               111MB / 435MB       0B / 0B             23
61.33%              66.58MiB / 1.944GiB   3.35%               111MB / 435MB       0B / 0B             23
90.95%              65.98MiB / 1.944GiB   3.32%               112MB / 441MB       0B / 0B             23
90.95%              65.98MiB / 1.944GiB   3.32%               112MB / 441MB       0B / 0B             23
79.43%              66.3MiB / 1.944GiB   3.33%               114MB / 447MB       0B / 0B             23
79.43%              66.3MiB / 1.944GiB   3.33%               114MB / 447MB       0B / 0B             23
86.21%              67.25MiB / 1.944GiB   3.38%               116MB / 454MB       0B / 0B             23
86.21%              67.25MiB / 1.944GiB   3.38%               116MB / 454MB       0B / 0B             23
90.74%              68.62MiB / 1.944GiB   3.45%               117MB / 461MB       0B / 0B             23
90.74%              68.62MiB / 1.944GiB   3.45%               117MB / 461MB       0B / 0B             23
81.93%              67.32MiB / 1.944GiB   3.38%               119MB / 466MB       0B / 0B             23
81.93%              67.32MiB / 1.944GiB   3.38%               119MB / 466MB       0B / 0B             23
64.44%              67.39MiB / 1.944GiB   3.39%               120MB / 471MB       0B / 0B             23
64.44%              67.39MiB / 1.944GiB   3.39%               120MB / 471MB       0B / 0B             23
84.02%              66.48MiB / 1.944GiB   3.34%               122MB / 479MB       0B / 0B             23
84.02%              66.48MiB / 1.944GiB   3.34%               122MB / 479MB       0B / 0B             23
84.20%              68.14MiB / 1.944GiB   3.42%               123MB / 485MB       0B / 0B             23
84.20%              68.14MiB / 1.944GiB   3.42%               123MB / 485MB       0B / 0B             23
67.04%              67.72MiB / 1.944GiB   3.40%               125MB / 491MB       0B / 0B             23
67.04%              67.72MiB / 1.944GiB   3.40%               125MB / 491MB       0B / 0B             23
79.10%              68.37MiB / 1.944GiB   3.43%               127MB / 497MB       0B / 0B             23
79.10%              68.37MiB / 1.944GiB   3.43%               127MB / 497MB       0B / 0B             23
110.25%             70.74MiB / 1.944GiB   3.55%               128MB / 504MB       0B / 0B             23
110.25%             70.74MiB / 1.944GiB   3.55%               128MB / 504MB       0B / 0B             23
101.04%             67.3MiB / 1.944GiB   3.38%               130MB / 510MB       0B / 0B             23
101.04%             67.3MiB / 1.944GiB   3.38%               130MB / 510MB       0B / 0B             23
91.26%              65.98MiB / 1.944GiB   3.31%               131MB / 516MB       0B / 0B             23
91.26%              65.98MiB / 1.944GiB   3.31%               131MB / 516MB       0B / 0B             23
54.82%              67.37MiB / 1.944GiB   3.38%               133MB / 519MB       0B / 0B             23
54.82%              67.37MiB / 1.944GiB   3.38%               133MB / 519MB       0B / 0B             23
60.76%              71.57MiB / 1.944GiB   3.60%               134MB / 525MB       0B / 0B             23
60.76%              71.57MiB / 1.944GiB   3.60%               134MB / 525MB       0B / 0B             23
62.57%              72.16MiB / 1.944GiB   3.63%               135MB / 530MB       0B / 0B             23
62.57%              72.16MiB / 1.944GiB   3.63%               135MB / 530MB       0B / 0B             23
102.89%             70.88MiB / 1.944GiB   3.56%               137MB / 537MB       0B / 0B             23
102.89%             70.88MiB / 1.944GiB   3.56%               137MB / 537MB       0B / 0B             23
87.28%              70.39MiB / 1.944GiB   3.54%               138MB / 542MB       0B / 0B             23
87.28%              70.39MiB / 1.944GiB   3.54%               138MB / 542MB       0B / 0B             23
83.10%              69.02MiB / 1.944GiB   3.47%               140MB / 548MB       0B / 0B             23
83.10%              69.02MiB / 1.944GiB   3.47%               140MB / 548MB       0B / 0B             23
60.55%              69.04MiB / 1.944GiB   3.47%               141MB / 554MB       0B / 0B             23
60.55%              69.04MiB / 1.944GiB   3.47%               141MB / 554MB       0B / 0B             23
76.07%              68.23MiB / 1.944GiB   3.43%               143MB / 560MB       0B / 0B             23
76.07%              68.23MiB / 1.944GiB   3.43%               143MB / 560MB       0B / 0B             23
67.81%              68.87MiB / 1.944GiB   3.46%               144MB / 566MB       0B / 0B             23
67.81%              68.87MiB / 1.944GiB   3.46%               144MB / 566MB       0B / 0B             23
67.81%              68.87MiB / 1.944GiB   3.46%               144MB / 566MB       0B / 0B             23
71.62%              67.93MiB / 1.944GiB   3.41%               146MB / 573MB       0B / 0B             23
71.62%              67.93MiB / 1.944GiB   3.41%               146MB / 573MB       0B / 0B             23
81.80%              68.46MiB / 1.944GiB   3.44%               147MB / 579MB       0B / 0B             23
81.80%              68.46MiB / 1.944GiB   3.44%               147MB / 579MB       0B / 0B             23
76.25%              69.05MiB / 1.944GiB   3.47%               149MB / 584MB       0B / 0B             23
76.25%              69.05MiB / 1.944GiB   3.47%               149MB / 584MB       0B / 0B             23
63.78%              69MiB / 1.944GiB    3.47%               150MB / 589MB       0B / 0B             23
63.78%              69MiB / 1.944GiB    3.47%               150MB / 589MB       0B / 0B             23
67.65%              68.45MiB / 1.944GiB   3.44%               152MB / 595MB       0B / 0B             23
67.65%              68.45MiB / 1.944GiB   3.44%               152MB / 595MB       0B / 0B             23
92.67%              71.04MiB / 1.944GiB   3.57%               153MB / 601MB       0B / 0B             23
92.67%              71.04MiB / 1.944GiB   3.57%               153MB / 601MB       0B / 0B             23
76.98%              70.54MiB / 1.944GiB   3.54%               155MB / 607MB       0B / 0B             23
76.98%              70.54MiB / 1.944GiB   3.54%               155MB / 607MB       0B / 0B             23
93.85%              70.95MiB / 1.944GiB   3.56%               156MB / 613MB       0B / 0B             23
93.85%              70.95MiB / 1.944GiB   3.56%               156MB / 613MB       0B / 0B             23
87.45%              69.66MiB / 1.944GiB   3.50%               158MB / 620MB       0B / 0B             23
87.45%              69.66MiB / 1.944GiB   3.50%               158MB / 620MB       0B / 0B             23
69.01%              71.44MiB / 1.944GiB   3.59%               159MB / 625MB       0B / 0B             23
69.01%              71.44MiB / 1.944GiB   3.59%               159MB / 625MB       0B / 0B             23
90.45%              72.2MiB / 1.944GiB   3.63%               161MB / 632MB       0B / 0B             23
90.45%              72.2MiB / 1.944GiB   3.63%               161MB / 632MB       0B / 0B             23
66.08%              69.14MiB / 1.944GiB   3.47%               162MB / 637MB       0B / 0B             23
66.08%              69.14MiB / 1.944GiB   3.47%               162MB / 637MB       0B / 0B             23
63.80%              68.6MiB / 1.944GiB   3.45%               164MB / 644MB       0B / 0B             23
63.80%              68.6MiB / 1.944GiB   3.45%               164MB / 644MB       0B / 0B             23
80.37%              68.77MiB / 1.944GiB   3.46%               166MB / 650MB       0B / 0B             23
80.37%              68.77MiB / 1.944GiB   3.46%               166MB / 650MB       0B / 0B             23
56.71%              70.18MiB / 1.944GiB   3.53%               167MB / 656MB       0B / 0B             23
56.71%              70.18MiB / 1.944GiB   3.53%               167MB / 656MB       0B / 0B             23
75.87%              67.83MiB / 1.944GiB   3.41%               168MB / 662MB       0B / 0B             23
75.87%              67.83MiB / 1.944GiB   3.41%               168MB / 662MB       0B / 0B             23
71.74%              68.65MiB / 1.944GiB   3.45%               170MB / 668MB       0B / 0B             23
71.74%              68.65MiB / 1.944GiB   3.45%               170MB / 668MB       0B / 0B             23
82.76%              69.55MiB / 1.944GiB   3.49%               172MB / 674MB       0B / 0B             23
82.76%              69.55MiB / 1.944GiB   3.49%               172MB / 674MB       0B / 0B             23
45.14%              70.4MiB / 1.944GiB   3.54%               173MB / 679MB       0B / 0B             23
45.14%              70.4MiB / 1.944GiB   3.54%               173MB / 679MB       0B / 0B             23
79.80%              70.31MiB / 1.944GiB   3.53%               174MB / 686MB       0B / 0B             23
79.80%              70.31MiB / 1.944GiB   3.53%               174MB / 686MB       0B / 0B             23
98.80%              70.99MiB / 1.944GiB   3.57%               176MB / 693MB       0B / 0B             23
98.80%              70.99MiB / 1.944GiB   3.57%               176MB / 693MB       0B / 0B             23
75.64%              73.25MiB / 1.944GiB   3.68%               178MB / 700MB       0B / 0B             23
75.64%              73.25MiB / 1.944GiB   3.68%               178MB / 700MB       0B / 0B             23
62.74%              69.88MiB / 1.944GiB   3.51%               180MB / 706MB       0B / 0B             23
62.74%              69.88MiB / 1.944GiB   3.51%               180MB / 706MB       0B / 0B             23
68.03%              70.36MiB / 1.944GiB   3.53%               181MB / 712MB       0B / 0B             23
68.03%              70.36MiB / 1.944GiB   3.53%               181MB / 712MB       0B / 0B             23
66.65%              70.81MiB / 1.944GiB   3.56%               183MB / 718MB       0B / 0B             23
66.65%              70.81MiB / 1.944GiB   3.56%               183MB / 718MB       0B / 0B             23
70.70%              72.3MiB / 1.944GiB   3.63%               184MB / 725MB       0B / 0B             23
70.70%              72.3MiB / 1.944GiB   3.63%               184MB / 725MB       0B / 0B             23
64.89%              71.16MiB / 1.944GiB   3.58%               186MB / 731MB       0B / 0B             23
64.89%              71.16MiB / 1.944GiB   3.58%               186MB / 731MB       0B / 0B             23
70.26%              70.71MiB / 1.944GiB   3.55%               188MB / 738MB       0B / 0B             23
70.26%              70.71MiB / 1.944GiB   3.55%               188MB / 738MB       0B / 0B             23
53.52%              71.2MiB / 1.944GiB   3.58%               189MB / 743MB       0B / 0B             23
53.52%              71.2MiB / 1.944GiB   3.58%               189MB / 743MB       0B / 0B             23
80.06%              72.77MiB / 1.944GiB   3.66%               191MB / 749MB       0B / 0B             23
80.06%              72.77MiB / 1.944GiB   3.66%               191MB / 749MB       0B / 0B             23
80.56%              73.02MiB / 1.944GiB   3.67%               192MB / 755MB       0B / 0B             23
80.56%              73.02MiB / 1.944GiB   3.67%               192MB / 755MB       0B / 0B             23
75.71%              72.53MiB / 1.944GiB   3.64%               193MB / 760MB       0B / 0B             23
75.71%              72.53MiB / 1.944GiB   3.64%               193MB / 760MB       0B / 0B             23
79.76%              73.5MiB / 1.944GiB   3.69%               195MB / 765MB       0B / 0B             23
79.76%              73.5MiB / 1.944GiB   3.69%               195MB / 765MB       0B / 0B             23
48.61%              72.59MiB / 1.944GiB   3.65%               196MB / 770MB       0B / 0B             23
48.61%              72.59MiB / 1.944GiB   3.65%               196MB / 770MB       0B / 0B             23
72.81%              72.4MiB / 1.944GiB   3.64%               198MB / 775MB       0B / 0B             23
72.81%              72.4MiB / 1.944GiB   3.64%               198MB / 775MB       0B / 0B             23
81.19%              75.18MiB / 1.944GiB   3.78%               199MB / 781MB       0B / 0B             23
81.19%              75.18MiB / 1.944GiB   3.78%               199MB / 781MB       0B / 0B             23
64.19%              74.43MiB / 1.944GiB   3.74%               200MB / 787MB       0B / 0B             23
64.19%              74.43MiB / 1.944GiB   3.74%               200MB / 787MB       0B / 0B             23
73.05%              73.58MiB / 1.944GiB   3.70%               202MB / 793MB       0B / 0B             23
73.05%              73.58MiB / 1.944GiB   3.70%               202MB / 793MB       0B / 0B             23
97.58%              76.48MiB / 1.944GiB   3.84%               203MB / 798MB       0B / 0B             23
97.58%              76.48MiB / 1.944GiB   3.84%               203MB / 798MB       0B / 0B             23
48.28%              73.22MiB / 1.944GiB   3.68%               204MB / 803MB       0B / 0B             23
48.28%              73.22MiB / 1.944GiB   3.68%               204MB / 803MB       0B / 0B             23
82.64%              73.77MiB / 1.944GiB   3.71%               206MB / 808MB       0B / 0B             23
82.64%              73.77MiB / 1.944GiB   3.71%               206MB / 808MB       0B / 0B             23
39.41%              73.32MiB / 1.944GiB   3.68%               207MB / 812MB       0B / 0B             23
39.41%              73.32MiB / 1.944GiB   3.68%               207MB / 812MB       0B / 0B             23
80.73%              73.09MiB / 1.944GiB   3.67%               208MB / 818MB       0B / 0B             23
80.73%              73.09MiB / 1.944GiB   3.67%               208MB / 818MB       0B / 0B             23
60.75%              72.69MiB / 1.944GiB   3.65%               210MB / 823MB       0B / 0B             23
60.75%              72.69MiB / 1.944GiB   3.65%               210MB / 823MB       0B / 0B             23
65.11%              75.33MiB / 1.944GiB   3.78%               211MB / 829MB       0B / 0B             23
65.11%              75.33MiB / 1.944GiB   3.78%               211MB / 829MB       0B / 0B             23
62.39%              74.28MiB / 1.944GiB   3.73%               212MB / 835MB       0B / 0B             23
62.39%              74.28MiB / 1.944GiB   3.73%               212MB / 835MB       0B / 0B             23
68.23%              77.39MiB / 1.944GiB   3.89%               214MB / 841MB       0B / 0B             23
68.23%              77.39MiB / 1.944GiB   3.89%               214MB / 841MB       0B / 0B             23
45.06%              76.6MiB / 1.944GiB   3.85%               215MB / 846MB       0B / 0B             23
45.06%              76.6MiB / 1.944GiB   3.85%               215MB / 846MB       0B / 0B             23
71.62%              75.63MiB / 1.944GiB   3.80%               217MB / 852MB       0B / 0B             23
71.62%              75.63MiB / 1.944GiB   3.80%               217MB / 852MB       0B / 0B             23
84.53%              76.9MiB / 1.944GiB   3.86%               218MB / 858MB       0B / 0B             23
84.53%              76.9MiB / 1.944GiB   3.86%               218MB / 858MB       0B / 0B             23
61.21%              75.82MiB / 1.944GiB   3.81%               220MB / 864MB       0B / 0B             23
61.21%              75.82MiB / 1.944GiB   3.81%               220MB / 864MB       0B / 0B             23
77.64%              75.33MiB / 1.944GiB   3.78%               221MB / 870MB       0B / 0B             23
77.64%              75.33MiB / 1.944GiB   3.78%               221MB / 870MB       0B / 0B             23
59.38%              76.3MiB / 1.944GiB   3.83%               223MB / 874MB       0B / 0B             23
59.38%              76.3MiB / 1.944GiB   3.83%               223MB / 874MB       0B / 0B             23
70.49%              76.95MiB / 1.944GiB   3.87%               224MB / 882MB       0B / 0B             23
70.49%              76.95MiB / 1.944GiB   3.87%               224MB / 882MB       0B / 0B             23
82.61%              81.14MiB / 1.944GiB   4.08%               226MB / 887MB       0B / 0B             23
82.61%              81.14MiB / 1.944GiB   4.08%               226MB / 887MB       0B / 0B             23
79.99%              75.18MiB / 1.944GiB   3.78%               227MB / 893MB       0B / 0B             23
79.99%              75.18MiB / 1.944GiB   3.78%               227MB / 893MB       0B / 0B             23
64.21%              76.39MiB / 1.944GiB   3.84%               229MB / 898MB       0B / 0B             23
64.21%              76.39MiB / 1.944GiB   3.84%               229MB / 898MB       0B / 0B             23
92.89%              77.77MiB / 1.944GiB   3.91%               230MB / 903MB       0B / 0B             23
92.89%              77.77MiB / 1.944GiB   3.91%               230MB / 903MB       0B / 0B             23
88.57%              76.43MiB / 1.944GiB   3.84%               231MB / 908MB       0B / 0B             23
88.57%              76.43MiB / 1.944GiB   3.84%               231MB / 908MB       0B / 0B             23
69.41%              76.36MiB / 1.944GiB   3.84%               233MB / 915MB       0B / 0B             23
69.41%              76.36MiB / 1.944GiB   3.84%               233MB / 915MB       0B / 0B             23
76.11%              77.44MiB / 1.944GiB   3.89%               234MB / 920MB       0B / 0B             23
76.11%              77.44MiB / 1.944GiB   3.89%               234MB / 920MB       0B / 0B             23
68.05%              76.98MiB / 1.944GiB   3.87%               235MB / 926MB       0B / 0B             23
68.05%              76.98MiB / 1.944GiB   3.87%               235MB / 926MB       0B / 0B             23
96.64%              76.92MiB / 1.944GiB   3.86%               237MB / 932MB       0B / 0B             23
96.64%              76.92MiB / 1.944GiB   3.86%               237MB / 932MB       0B / 0B             23
90.79%              76.66MiB / 1.944GiB   3.85%               239MB / 938MB       0B / 0B             23
90.79%              76.66MiB / 1.944GiB   3.85%               239MB / 938MB       0B / 0B             23
67.67%              76.6MiB / 1.944GiB   3.85%               240MB / 944MB       0B / 0B             23
67.67%              76.6MiB / 1.944GiB   3.85%               240MB / 944MB       0B / 0B             23
90.71%              77.27MiB / 1.944GiB   3.88%               242MB / 950MB       0B / 0B             23
90.71%              77.27MiB / 1.944GiB   3.88%               242MB / 950MB       0B / 0B             23
74.00%              77.77MiB / 1.944GiB   3.91%               243MB / 956MB       0B / 0B             23
74.00%              77.77MiB / 1.944GiB   3.91%               243MB / 956MB       0B / 0B             23
92.26%              77.09MiB / 1.944GiB   3.87%               245MB / 961MB       0B / 0B             23
92.26%              77.09MiB / 1.944GiB   3.87%               245MB / 961MB       0B / 0B             23
81.17%              79.19MiB / 1.944GiB   3.98%               246MB / 968MB       0B / 0B             23
81.17%              79.19MiB / 1.944GiB   3.98%               246MB / 968MB       0B / 0B             23
82.16%              77.58MiB / 1.944GiB   3.90%               248MB / 974MB       0B / 0B             23
82.16%              77.58MiB / 1.944GiB   3.90%               248MB / 974MB       0B / 0B             23
88.11%              77.72MiB / 1.944GiB   3.90%               249MB / 979MB       0B / 0B             23
88.11%              77.72MiB / 1.944GiB   3.90%               249MB / 979MB       0B / 0B             23
66.39%              77.73MiB / 1.944GiB   3.91%               251MB / 985MB       0B / 0B             23
66.39%              77.73MiB / 1.944GiB   3.91%               251MB / 985MB       0B / 0B             23
55.54%              78.07MiB / 1.944GiB   3.92%               252MB / 989MB       0B / 0B             23
55.54%              78.07MiB / 1.944GiB   3.92%               252MB / 989MB       0B / 0B             23
79.94%              79.02MiB / 1.944GiB   3.97%               253MB / 995MB       0B / 0B             23
79.94%              79.02MiB / 1.944GiB   3.97%               253MB / 995MB       0B / 0B             23
96.95%              79.1MiB / 1.944GiB   3.97%               255MB / 1GB         0B / 0B             23
96.95%              79.1MiB / 1.944GiB   3.97%               255MB / 1GB         0B / 0B             23
58.96%              77.36MiB / 1.944GiB   3.89%               256MB / 1.01GB      0B / 0B             23
58.96%              77.36MiB / 1.944GiB   3.89%               256MB / 1.01GB      0B / 0B             23
78.67%              79.59MiB / 1.944GiB   4.00%               258MB / 1.01GB      0B / 0B             23
78.67%              79.59MiB / 1.944GiB   4.00%               258MB / 1.01GB      0B / 0B             23
72.19%              79.07MiB / 1.944GiB   3.97%               259MB / 1.02GB      0B / 0B             23
72.19%              79.07MiB / 1.944GiB   3.97%               259MB / 1.02GB      0B / 0B             23
78.05%              78.86MiB / 1.944GiB   3.96%               261MB / 1.02GB      0B / 0B             23
78.05%              78.86MiB / 1.944GiB   3.96%               261MB / 1.02GB      0B / 0B             23
63.20%              78.8MiB / 1.944GiB   3.96%               262MB / 1.03GB      0B / 0B             23
63.20%              78.8MiB / 1.944GiB   3.96%               262MB / 1.03GB      0B / 0B             23
87.79%              78.91MiB / 1.944GiB   3.96%               264MB / 1.04GB      0B / 0B             23
87.79%              78.91MiB / 1.944GiB   3.96%               264MB / 1.04GB      0B / 0B             23
59.10%              78.8MiB / 1.944GiB   3.96%               265MB / 1.04GB      0B / 0B             23
59.10%              78.8MiB / 1.944GiB   3.96%               265MB / 1.04GB      0B / 0B             23
71.67%              78.4MiB / 1.944GiB   3.94%               267MB / 1.05GB      0B / 0B             23
71.67%              78.4MiB / 1.944GiB   3.94%               267MB / 1.05GB      0B / 0B             23
62.58%              78.39MiB / 1.944GiB   3.94%               268MB / 1.05GB      0B / 0B             23
62.58%              78.39MiB / 1.944GiB   3.94%               268MB / 1.05GB      0B / 0B             23
67.83%              77.81MiB / 1.944GiB   3.91%               270MB / 1.06GB      0B / 0B             23
67.83%              77.81MiB / 1.944GiB   3.91%               270MB / 1.06GB      0B / 0B             23
74.68%              79.58MiB / 1.944GiB   4.00%               271MB / 1.07GB      0B / 0B             23
74.68%              79.58MiB / 1.944GiB   4.00%               271MB / 1.07GB      0B / 0B             23
73.21%              80.17MiB / 1.944GiB   4.03%               273MB / 1.07GB      0B / 0B             23
73.21%              80.17MiB / 1.944GiB   4.03%               273MB / 1.07GB      0B / 0B             23
98.39%              80.15MiB / 1.944GiB   4.03%               274MB / 1.08GB      0B / 0B             23
98.39%              80.15MiB / 1.944GiB   4.03%               274MB / 1.08GB      0B / 0B             23
54.73%              80.23MiB / 1.944GiB   4.03%               275MB / 1.08GB      0B / 0B             23
54.73%              80.23MiB / 1.944GiB   4.03%               275MB / 1.08GB      0B / 0B             23
54.73%              80.23MiB / 1.944GiB   4.03%               275MB / 1.08GB      0B / 0B             23
79.70%              79.52MiB / 1.944GiB   3.99%               277MB / 1.09GB      0B / 0B             23
79.70%              79.52MiB / 1.944GiB   3.99%               277MB / 1.09GB      0B / 0B             23
40.71%              79.23MiB / 1.944GiB   3.98%               278MB / 1.09GB      0B / 0B             23
40.71%              79.23MiB / 1.944GiB   3.98%               278MB / 1.09GB      0B / 0B             23
80.85%              81.04MiB / 1.944GiB   4.07%               280MB / 1.1GB       0B / 0B             23
80.85%              81.04MiB / 1.944GiB   4.07%               280MB / 1.1GB       0B / 0B             23
74.65%              80.77MiB / 1.944GiB   4.06%               282MB / 1.11GB      0B / 0B             23
74.65%              80.77MiB / 1.944GiB   4.06%               282MB / 1.11GB      0B / 0B             23
94.96%              80.89MiB / 1.944GiB   4.06%               283MB / 1.11GB      0B / 0B             23
94.96%              80.89MiB / 1.944GiB   4.06%               283MB / 1.11GB      0B / 0B             23
80.29%              82MiB / 1.944GiB    4.12%               285MB / 1.12GB      0B / 0B             23
80.29%              82MiB / 1.944GiB    4.12%               285MB / 1.12GB      0B / 0B             23
56.53%              82.49MiB / 1.944GiB   4.14%               286MB / 1.12GB      0B / 0B             23
56.53%              82.49MiB / 1.944GiB   4.14%               286MB / 1.12GB      0B / 0B             23
61.96%              82.95MiB / 1.944GiB   4.17%               287MB / 1.13GB      0B / 0B             23
61.96%              82.95MiB / 1.944GiB   4.17%               287MB / 1.13GB      0B / 0B             23
69.43%              81.45MiB / 1.944GiB   4.09%               289MB / 1.14GB      0B / 0B             23
69.43%              81.45MiB / 1.944GiB   4.09%               289MB / 1.14GB      0B / 0B             23
74.64%              81.16MiB / 1.944GiB   4.08%               291MB / 1.14GB      0B / 0B             23
74.64%              81.16MiB / 1.944GiB   4.08%               291MB / 1.14GB      0B / 0B             23
78.15%              83.8MiB / 1.944GiB   4.21%               292MB / 1.15GB      0B / 0B             23
78.15%              83.8MiB / 1.944GiB   4.21%               292MB / 1.15GB      0B / 0B             23
64.20%              82.48MiB / 1.944GiB   4.14%               293MB / 1.15GB      0B / 0B             23
64.20%              82.48MiB / 1.944GiB   4.14%               293MB / 1.15GB      0B / 0B             23
100.68%             81.87MiB / 1.944GiB   4.11%               295MB / 1.16GB      0B / 0B             23
100.68%             81.87MiB / 1.944GiB   4.11%               295MB / 1.16GB      0B / 0B             23
78.87%              82.27MiB / 1.944GiB   4.13%               297MB / 1.17GB      0B / 0B             23
78.87%              82.27MiB / 1.944GiB   4.13%               297MB / 1.17GB      0B / 0B             23
67.02%              80.48MiB / 1.944GiB   4.04%               298MB / 1.17GB      0B / 0B             23
67.02%              80.48MiB / 1.944GiB   4.04%               298MB / 1.17GB      0B / 0B             23
78.55%              80.6MiB / 1.944GiB   4.05%               300MB / 1.18GB      0B / 0B             23
78.55%              80.6MiB / 1.944GiB   4.05%               300MB / 1.18GB      0B / 0B             23
71.82%              81.91MiB / 1.944GiB   4.12%               301MB / 1.18GB      0B / 0B             23
71.82%              81.91MiB / 1.944GiB   4.12%               301MB / 1.18GB      0B / 0B             23
57.82%              83MiB / 1.944GiB    4.17%               303MB / 1.19GB      0B / 0B             23
57.82%              83MiB / 1.944GiB    4.17%               303MB / 1.19GB      0B / 0B             23
45.19%              83.01MiB / 1.944GiB   4.17%               303MB / 1.19GB      0B / 0B             23
45.19%              83.01MiB / 1.944GiB   4.17%               303MB / 1.19GB      0B / 0B             23
74.15%              83.15MiB / 1.944GiB   4.18%               305MB / 1.2GB       0B / 0B             23
74.15%              83.15MiB / 1.944GiB   4.18%               305MB / 1.2GB       0B / 0B             23
54.98%              83.49MiB / 1.944GiB   4.19%               307MB / 1.2GB       0B / 0B             23
54.98%              83.49MiB / 1.944GiB   4.19%               307MB / 1.2GB       0B / 0B             23
79.03%              83.99MiB / 1.944GiB   4.22%               308MB / 1.21GB      0B / 0B             23
79.03%              83.99MiB / 1.944GiB   4.22%               308MB / 1.21GB      0B / 0B             23
93.25%              83.6MiB / 1.944GiB   4.20%               310MB / 1.22GB      0B / 0B             23
93.25%              83.6MiB / 1.944GiB   4.20%               310MB / 1.22GB      0B / 0B             23
65.25%              83.55MiB / 1.944GiB   4.20%               311MB / 1.22GB      0B / 0B             23
65.25%              83.55MiB / 1.944GiB   4.20%               311MB / 1.22GB      0B / 0B             23
51.69%              83.39MiB / 1.944GiB   4.19%               312MB / 1.23GB      0B / 0B             23
51.69%              83.39MiB / 1.944GiB   4.19%               312MB / 1.23GB      0B / 0B             23
43.89%              83.09MiB / 1.944GiB   4.17%               313MB / 1.23GB      0B / 0B             23
43.89%              83.09MiB / 1.944GiB   4.17%               313MB / 1.23GB      0B / 0B             23
69.52%              82.83MiB / 1.944GiB   4.16%               315MB / 1.24GB      0B / 0B             23
69.52%              82.83MiB / 1.944GiB   4.16%               315MB / 1.24GB      0B / 0B             23
62.65%              83.77MiB / 1.944GiB   4.21%               316MB / 1.24GB      0B / 0B             23
62.65%              83.77MiB / 1.944GiB   4.21%               316MB / 1.24GB      0B / 0B             23
50.01%              83.27MiB / 1.944GiB   4.18%               318MB / 1.25GB      0B / 0B             23
50.01%              83.27MiB / 1.944GiB   4.18%               318MB / 1.25GB      0B / 0B             23
67.86%              83.61MiB / 1.944GiB   4.20%               319MB / 1.25GB      0B / 0B             23
67.86%              83.61MiB / 1.944GiB   4.20%               319MB / 1.25GB      0B / 0B             23
59.53%              82.48MiB / 1.944GiB   4.14%               321MB / 1.26GB      0B / 0B             23
59.53%              82.48MiB / 1.944GiB   4.14%               321MB / 1.26GB      0B / 0B             23
66.50%              83.29MiB / 1.944GiB   4.18%               322MB / 1.27GB      0B / 0B             23
66.50%              83.29MiB / 1.944GiB   4.18%               322MB / 1.27GB      0B / 0B             23
56.78%              82.59MiB / 1.944GiB   4.15%               324MB / 1.27GB      0B / 0B             23
56.78%              82.59MiB / 1.944GiB   4.15%               324MB / 1.27GB      0B / 0B             23
92.27%              83.45MiB / 1.944GiB   4.19%               325MB / 1.28GB      0B / 0B             23
92.27%              83.45MiB / 1.944GiB   4.19%               325MB / 1.28GB      0B / 0B             23
71.12%              83.33MiB / 1.944GiB   4.19%               327MB / 1.28GB      0B / 0B             23
71.12%              83.33MiB / 1.944GiB   4.19%               327MB / 1.28GB      0B / 0B             23
80.84%              85.12MiB / 1.944GiB   4.28%               329MB / 1.29GB      0B / 0B             23
80.84%              85.12MiB / 1.944GiB   4.28%               329MB / 1.29GB      0B / 0B             23
64.41%              84.96MiB / 1.944GiB   4.27%               330MB / 1.3GB       0B / 0B             23
64.41%              84.96MiB / 1.944GiB   4.27%               330MB / 1.3GB       0B / 0B             23
80.27%              85.55MiB / 1.944GiB   4.30%               332MB / 1.3GB       0B / 0B             23
80.27%              85.55MiB / 1.944GiB   4.30%               332MB / 1.3GB       0B / 0B             23
75.85%              85.14MiB / 1.944GiB   4.28%               333MB / 1.31GB      0B / 0B             23
75.85%              85.14MiB / 1.944GiB   4.28%               333MB / 1.31GB      0B / 0B             23
81.72%              84.36MiB / 1.944GiB   4.24%               335MB / 1.32GB      0B / 0B             23
81.72%              84.36MiB / 1.944GiB   4.24%               335MB / 1.32GB      0B / 0B             23
70.89%              84.86MiB / 1.944GiB   4.26%               336MB / 1.32GB      0B / 0B             23
70.89%              84.86MiB / 1.944GiB   4.26%               336MB / 1.32GB      0B / 0B             23
78.55%              85.58MiB / 1.944GiB   4.30%               338MB / 1.33GB      0B / 0B             23
78.55%              85.58MiB / 1.944GiB   4.30%               338MB / 1.33GB      0B / 0B             23
51.02%              86.86MiB / 1.944GiB   4.36%               339MB / 1.33GB      0B / 0B             23
51.02%              86.86MiB / 1.944GiB   4.36%               339MB / 1.33GB      0B / 0B             23
92.52%              85.17MiB / 1.944GiB   4.28%               341MB / 1.34GB      0B / 0B             23
92.52%              85.17MiB / 1.944GiB   4.28%               341MB / 1.34GB      0B / 0B             23
53.69%              86.53MiB / 1.944GiB   4.35%               342MB / 1.34GB      0B / 0B             23
53.69%              86.53MiB / 1.944GiB   4.35%               342MB / 1.34GB      0B / 0B             23
80.86%              85.81MiB / 1.944GiB   4.31%               343MB / 1.35GB      0B / 0B             23
80.86%              85.81MiB / 1.944GiB   4.31%               343MB / 1.35GB      0B / 0B             23
54.26%              86.21MiB / 1.944GiB   4.33%               345MB / 1.36GB      0B / 0B             23
54.26%              86.21MiB / 1.944GiB   4.33%               345MB / 1.36GB      0B / 0B             23
73.27%              85.32MiB / 1.944GiB   4.29%               346MB / 1.36GB      0B / 0B             23
73.27%              85.32MiB / 1.944GiB   4.29%               346MB / 1.36GB      0B / 0B             23
57.47%              85.62MiB / 1.944GiB   4.30%               348MB / 1.37GB      0B / 0B             23
57.47%              85.62MiB / 1.944GiB   4.30%               348MB / 1.37GB      0B / 0B             23
80.13%              86.25MiB / 1.944GiB   4.33%               349MB / 1.37GB      0B / 0B             23
80.13%              86.25MiB / 1.944GiB   4.33%               349MB / 1.37GB      0B / 0B             23
64.75%              85.59MiB / 1.944GiB   4.30%               351MB / 1.38GB      0B / 0B             23
64.75%              85.59MiB / 1.944GiB   4.30%               351MB / 1.38GB      0B / 0B             23
99.75%              86.62MiB / 1.944GiB   4.35%               353MB / 1.39GB      0B / 0B             23
99.75%              86.62MiB / 1.944GiB   4.35%               353MB / 1.39GB      0B / 0B             23
69.83%              86.48MiB / 1.944GiB   4.34%               354MB / 1.39GB      0B / 0B             23
69.83%              86.48MiB / 1.944GiB   4.34%               354MB / 1.39GB      0B / 0B             23
65.41%              87.35MiB / 1.944GiB   4.39%               355MB / 1.4GB       0B / 0B             23
65.41%              87.35MiB / 1.944GiB   4.39%               355MB / 1.4GB       0B / 0B             23
80.87%              87.11MiB / 1.944GiB   4.38%               357MB / 1.4GB       0B / 0B             23
80.87%              87.11MiB / 1.944GiB   4.38%               357MB / 1.4GB       0B / 0B             23
60.60%              87.23MiB / 1.944GiB   4.38%               358MB / 1.41GB      0B / 0B             23
60.60%              87.23MiB / 1.944GiB   4.38%               358MB / 1.41GB      0B / 0B             23
87.69%              87.34MiB / 1.944GiB   4.39%               360MB / 1.42GB      0B / 0B             23
87.69%              87.34MiB / 1.944GiB   4.39%               360MB / 1.42GB      0B / 0B             23
89.33%              87.92MiB / 1.944GiB   4.42%               362MB / 1.42GB      0B / 0B             23
89.33%              87.92MiB / 1.944GiB   4.42%               362MB / 1.42GB      0B / 0B             23
73.05%              87.43MiB / 1.944GiB   4.39%               363MB / 1.43GB      0B / 0B             23
73.05%              87.43MiB / 1.944GiB   4.39%               363MB / 1.43GB      0B / 0B             23
62.52%              87.95MiB / 1.944GiB   4.42%               364MB / 1.43GB      0B / 0B             23
62.52%              87.95MiB / 1.944GiB   4.42%               364MB / 1.43GB      0B / 0B             23
63.48%              86.7MiB / 1.944GiB   4.36%               366MB / 1.44GB      0B / 0B             23
63.48%              86.7MiB / 1.944GiB   4.36%               366MB / 1.44GB      0B / 0B             23
69.05%              86.59MiB / 1.944GiB   4.35%               367MB / 1.44GB      0B / 0B             23
69.05%              86.59MiB / 1.944GiB   4.35%               367MB / 1.44GB      0B / 0B             23
63.72%              87.41MiB / 1.944GiB   4.39%               369MB / 1.45GB      0B / 0B             23
63.72%              87.41MiB / 1.944GiB   4.39%               369MB / 1.45GB      0B / 0B             23
79.93%              87.14MiB / 1.944GiB   4.38%               370MB / 1.46GB      0B / 0B             23
79.93%              87.14MiB / 1.944GiB   4.38%               370MB / 1.46GB      0B / 0B             23
61.23%              87.28MiB / 1.944GiB   4.39%               372MB / 1.46GB      0B / 0B             23
61.23%              87.28MiB / 1.944GiB   4.39%               372MB / 1.46GB      0B / 0B             23
85.80%              87.83MiB / 1.944GiB   4.41%               373MB / 1.47GB      0B / 0B             23
85.80%              87.83MiB / 1.944GiB   4.41%               373MB / 1.47GB      0B / 0B             23
56.09%              88.76MiB / 1.944GiB   4.46%               374MB / 1.47GB      0B / 0B             23
56.09%              88.76MiB / 1.944GiB   4.46%               374MB / 1.47GB      0B / 0B             23
72.78%              87.88MiB / 1.944GiB   4.42%               376MB / 1.48GB      0B / 0B             23
72.78%              87.88MiB / 1.944GiB   4.42%               376MB / 1.48GB      0B / 0B             23
63.03%              87.05MiB / 1.944GiB   4.37%               378MB / 1.49GB      0B / 0B             23
63.03%              87.05MiB / 1.944GiB   4.37%               378MB / 1.49GB      0B / 0B             23
74.36%              88.72MiB / 1.944GiB   4.46%               379MB / 1.49GB      0B / 0B             23
74.36%              88.72MiB / 1.944GiB   4.46%               379MB / 1.49GB      0B / 0B             23
76.71%              89.22MiB / 1.944GiB   4.48%               381MB / 1.5GB       0B / 0B             23
76.71%              89.22MiB / 1.944GiB   4.48%               381MB / 1.5GB       0B / 0B             23
80.62%              89.22MiB / 1.944GiB   4.48%               382MB / 1.5GB       0B / 0B             23
80.62%              89.22MiB / 1.944GiB   4.48%               382MB / 1.5GB       0B / 0B             23
65.28%              88.4MiB / 1.944GiB   4.44%               384MB / 1.51GB      0B / 0B             23
65.28%              88.4MiB / 1.944GiB   4.44%               384MB / 1.51GB      0B / 0B             23
78.07%              89.19MiB / 1.944GiB   4.48%               385MB / 1.51GB      0B / 0B             23
78.07%              89.19MiB / 1.944GiB   4.48%               385MB / 1.51GB      0B / 0B             23
71.03%              88.27MiB / 1.944GiB   4.43%               387MB / 1.52GB      0B / 0B             23
71.03%              88.27MiB / 1.944GiB   4.43%               387MB / 1.52GB      0B / 0B             23
59.88%              88.54MiB / 1.944GiB   4.45%               388MB / 1.53GB      0B / 0B             23
59.88%              88.54MiB / 1.944GiB   4.45%               388MB / 1.53GB      0B / 0B             23
89.67%              88.87MiB / 1.944GiB   4.46%               389MB / 1.53GB      0B / 0B             23
89.67%              88.87MiB / 1.944GiB   4.46%               389MB / 1.53GB      0B / 0B             23
50.78%              88.97MiB / 1.944GiB   4.47%               390MB / 1.54GB      0B / 0B             23
50.78%              88.97MiB / 1.944GiB   4.47%               390MB / 1.54GB      0B / 0B             23
72.78%              89.26MiB / 1.944GiB   4.48%               392MB / 1.54GB      0B / 0B             23
72.78%              89.26MiB / 1.944GiB   4.48%               392MB / 1.54GB      0B / 0B             23
50.69%              88.84MiB / 1.944GiB   4.46%               393MB / 1.55GB      0B / 0B             23
50.69%              88.84MiB / 1.944GiB   4.46%               393MB / 1.55GB      0B / 0B             23
83.55%              91.05MiB / 1.944GiB   4.57%               395MB / 1.55GB      0B / 0B             23
83.55%              91.05MiB / 1.944GiB   4.57%               395MB / 1.55GB      0B / 0B             23
61.57%              91.76MiB / 1.944GiB   4.61%               396MB / 1.56GB      0B / 0B             23
61.57%              91.76MiB / 1.944GiB   4.61%               396MB / 1.56GB      0B / 0B             23
76.96%              92.51MiB / 1.944GiB   4.65%               397MB / 1.56GB      0B / 0B             23
76.96%              92.51MiB / 1.944GiB   4.65%               397MB / 1.56GB      0B / 0B             23
65.75%              91.45MiB / 1.944GiB   4.59%               398MB / 1.57GB      0B / 0B             23
65.75%              91.45MiB / 1.944GiB   4.59%               398MB / 1.57GB      0B / 0B             23
