 CPU %               MEM USAGE / LIMIT     MEM %               NET I/O             BLOCK I/O           PIDS
 0.00%               130.5MiB / 1.944GiB   6.56%               906B / 0B           0B / 0B             42
 0.00%               130.5MiB / 1.944GiB   6.56%               906B / 0B           0B / 0B             42
 0.21%               130.5MiB / 1.944GiB   6.56%               906B / 0B           0B / 0B             42
 0.21%               130.5MiB / 1.944GiB   6.56%               906B / 0B           0B / 0B             42
 0.35%               130.5MiB / 1.944GiB   6.56%               906B / 0B           0B / 0B             42
 0.35%               130.5MiB / 1.944GiB   6.56%               906B / 0B           0B / 0B             42
 0.19%               130.5MiB / 1.944GiB   6.56%               906B / 0B           0B / 0B             42
 0.19%               130.5MiB / 1.944GiB   6.56%               906B / 0B           0B / 0B             42
 0.24%               130.5MiB / 1.944GiB   6.56%               976B / 0B           0B / 0B             42
 0.24%               130.5MiB / 1.944GiB   6.56%               976B / 0B           0B / 0B             42
 0.32%               130.5MiB / 1.944GiB   6.56%               976B / 0B           0B / 0B             42
 0.32%               130.5MiB / 1.944GiB   6.56%               976B / 0B           0B / 0B             42
 81.58%              157.3MiB / 1.944GiB   7.90%               1.6MB / 40.4kB      0B / 0B             161
 81.58%              157.3MiB / 1.944GiB   7.90%               1.6MB / 40.4kB      0B / 0B             161
 100.81%             182.7MiB / 1.944GiB   9.18%               1.6MB / 40.4kB      0B / 0B             229
 100.81%             182.7MiB / 1.944GiB   9.18%               1.6MB / 40.4kB      0B / 0B             229
 100.62%             198.4MiB / 1.944GiB   9.97%               1.6MB / 40.4kB      0B / 0B             229
 100.62%             198.4MiB / 1.944GiB   9.97%               1.6MB / 40.4kB      0B / 0B             229
 100.85%             208.8MiB / 1.944GiB   10.49%              1.61MB / 153kB      0B / 0B             233
 100.85%             208.8MiB / 1.944GiB   10.49%              1.61MB / 153kB      0B / 0B             233
 103.48%             223.1MiB / 1.944GiB   11.21%              1.73MB / 1.1MB      0B / 0B             233
 103.48%             223.1MiB / 1.944GiB   11.21%              1.73MB / 1.1MB      0B / 0B             233
 100.02%             228.5MiB / 1.944GiB   11.48%              1.76MB / 1.55MB     0B / 0B             233
 100.02%             228.5MiB / 1.944GiB   11.48%              1.76MB / 1.55MB     0B / 0B             233
 100.66%             238MiB / 1.944GiB   11.96%              2.63MB / 2.57MB     0B / 0B             233
 100.66%             238MiB / 1.944GiB   11.96%              2.63MB / 2.57MB     0B / 0B             233
 101.88%             246.8MiB / 1.944GiB   12.40%              3.57MB / 3.55MB     0B / 0B             233
 101.88%             246.8MiB / 1.944GiB   12.40%              3.57MB / 3.55MB     0B / 0B             233
 102.04%             247.6MiB / 1.944GiB   12.44%              4.35MB / 4.79MB     0B / 0B             233
 102.04%             247.6MiB / 1.944GiB   12.44%              4.35MB / 4.79MB     0B / 0B             233
 102.95%             247.7MiB / 1.944GiB   12.45%              5.27MB / 5.94MB     0B / 0B             233
 102.95%             247.7MiB / 1.944GiB   12.45%              5.27MB / 5.94MB     0B / 0B             233
 101.90%             248.2MiB / 1.944GiB   12.47%              6.11MB / 7.01MB     0B / 0B             233
 101.90%             248.2MiB / 1.944GiB   12.47%              6.11MB / 7.01MB     0B / 0B             233
 102.28%             248.5MiB / 1.944GiB   12.48%              6.89MB / 8.21MB     0B / 0B             233
 102.28%             248.5MiB / 1.944GiB   12.48%              6.89MB / 8.21MB     0B / 0B             233
 103.81%             249.2MiB / 1.944GiB   12.52%              7.71MB / 9.36MB     0B / 0B             233
 103.81%             249.2MiB / 1.944GiB   12.52%              7.71MB / 9.36MB     0B / 0B             233
 102.38%             249.7MiB / 1.944GiB   12.55%              8.61MB / 10.5MB     0B / 0B             233
 102.38%             249.7MiB / 1.944GiB   12.55%              8.61MB / 10.5MB     0B / 0B             233
 102.65%             249.9MiB / 1.944GiB   12.56%              9.52MB / 11.8MB     0B / 0B             233
 102.65%             249.9MiB / 1.944GiB   12.56%              9.52MB / 11.8MB     0B / 0B             233
 101.90%             250.8MiB / 1.944GiB   12.60%              10.4MB / 13MB       0B / 0B             233
 101.90%             250.8MiB / 1.944GiB   12.60%              10.4MB / 13MB       0B / 0B             233
 102.96%             250.6MiB / 1.944GiB   12.59%              11.3MB / 14.2MB     0B / 0B             233
 102.96%             250.6MiB / 1.944GiB   12.59%              11.3MB / 14.2MB     0B / 0B             233
 102.55%             251MiB / 1.944GiB   12.61%              12.2MB / 15.4MB     0B / 0B             233
 102.55%             251MiB / 1.944GiB   12.61%              12.2MB / 15.4MB     0B / 0B             233
 104.06%             251.5MiB / 1.944GiB   12.64%              13.2MB / 16.9MB     0B / 0B             233
 104.06%             251.5MiB / 1.944GiB   12.64%              13.2MB / 16.9MB     0B / 0B             233
 102.70%             251.7MiB / 1.944GiB   12.65%              14.2MB / 18.1MB     0B / 0B             233
 102.70%             251.7MiB / 1.944GiB   12.65%              14.2MB / 18.1MB     0B / 0B             233
 102.01%             252.4MiB / 1.944GiB   12.68%              15.1MB / 19.3MB     0B / 0B             233
 102.01%             252.4MiB / 1.944GiB   12.68%              15.1MB / 19.3MB     0B / 0B             233
 102.17%             252.5MiB / 1.944GiB   12.69%              16.1MB / 20.8MB     0B / 0B             233
 102.17%             252.5MiB / 1.944GiB   12.69%              16.1MB / 20.8MB     0B / 0B             233
 102.40%             253.1MiB / 1.944GiB   12.72%              17.2MB / 22MB       0B / 0B             233
 102.40%             253.1MiB / 1.944GiB   12.72%              17.2MB / 22MB       0B / 0B             233
 102.65%             253.3MiB / 1.944GiB   12.73%              18.1MB / 23.5MB     0B / 0B             233
 102.65%             253.3MiB / 1.944GiB   12.73%              18.1MB / 23.5MB     0B / 0B             233
 101.58%             253.6MiB / 1.944GiB   12.74%              19.3MB / 25.1MB     0B / 0B             233
 101.58%             253.6MiB / 1.944GiB   12.74%              19.3MB / 25.1MB     0B / 0B             233
 104.11%             253.8MiB / 1.944GiB   12.75%              20.3MB / 26.5MB     0B / 0B             233
 104.11%             253.8MiB / 1.944GiB   12.75%              20.3MB / 26.5MB     0B / 0B             233
 102.73%             254.2MiB / 1.944GiB   12.77%              21.5MB / 28.2MB     0B / 0B             233
 102.73%             254.2MiB / 1.944GiB   12.77%              21.5MB / 28.2MB     0B / 0B             233
 103.20%             254.4MiB / 1.944GiB   12.78%              22.7MB / 29.8MB     0B / 0B             233
 103.20%             254.4MiB / 1.944GiB   12.78%              22.7MB / 29.8MB     0B / 0B             233
 102.57%             254.7MiB / 1.944GiB   12.80%              23.9MB / 31.3MB     0B / 0B             233
 102.57%             254.7MiB / 1.944GiB   12.80%              23.9MB / 31.3MB     0B / 0B             233
 102.95%             255.1MiB / 1.944GiB   12.82%              24.8MB / 32.8MB     0B / 0B             233
 102.95%             255.1MiB / 1.944GiB   12.82%              24.8MB / 32.8MB     0B / 0B             233
 104.92%             255.5MiB / 1.944GiB   12.84%              26.2MB / 34.4MB     0B / 0B             233
 104.92%             255.5MiB / 1.944GiB   12.84%              26.2MB / 34.4MB     0B / 0B             233
 105.34%             271.3MiB / 1.944GiB   13.63%              27.3MB / 36MB       0B / 0B             233
 105.34%             271.3MiB / 1.944GiB   13.63%              27.3MB / 36MB       0B / 0B             233
 104.83%             303.1MiB / 1.944GiB   15.23%              28.4MB / 37.6MB     0B / 0B             233
 104.83%             303.1MiB / 1.944GiB   15.23%              28.4MB / 37.6MB     0B / 0B             233
 105.85%             304.2MiB / 1.944GiB   15.28%              29.6MB / 39.1MB     0B / 0B             233
 105.85%             304.2MiB / 1.944GiB   15.28%              29.6MB / 39.1MB     0B / 0B             233
 103.36%             304MiB / 1.944GiB   15.27%              30.7MB / 40.8MB     0B / 0B             233
 103.36%             304MiB / 1.944GiB   15.27%              30.7MB / 40.8MB     0B / 0B             233
 103.50%             304.4MiB / 1.944GiB   15.29%              31.9MB / 42.3MB     0B / 0B             233
 103.50%             304.4MiB / 1.944GiB   15.29%              31.9MB / 42.3MB     0B / 0B             233
 103.78%             304.5MiB / 1.944GiB   15.30%              33.1MB / 44.2MB     0B / 0B             233
 103.78%             304.5MiB / 1.944GiB   15.30%              33.1MB / 44.2MB     0B / 0B             233
 102.14%             305.2MiB / 1.944GiB   15.33%              34.5MB / 45.8MB     0B / 0B             233
 102.14%             305.2MiB / 1.944GiB   15.33%              34.5MB / 45.8MB     0B / 0B             233
 103.03%             305.4MiB / 1.944GiB   15.34%              35.7MB / 47.4MB     0B / 0B             233
 103.03%             305.4MiB / 1.944GiB   15.34%              35.7MB / 47.4MB     0B / 0B             233
 103.05%             305.7MiB / 1.944GiB   15.36%              37MB / 49.3MB       0B / 0B             233
 103.05%             305.7MiB / 1.944GiB   15.36%              37MB / 49.3MB       0B / 0B             233
 102.50%             306.4MiB / 1.944GiB   15.40%              38.3MB / 51.1MB     0B / 0B             233
 102.50%             306.4MiB / 1.944GiB   15.40%              38.3MB / 51.1MB     0B / 0B             233
 103.24%             307.1MiB / 1.944GiB   15.43%              39.7MB / 52.9MB     0B / 0B             233
 103.24%             307.1MiB / 1.944GiB   15.43%              39.7MB / 52.9MB     0B / 0B             233
 106.29%             307.4MiB / 1.944GiB   15.44%              41MB / 54.5MB       0B / 0B             233
 106.29%             307.4MiB / 1.944GiB   15.44%              41MB / 54.5MB       0B / 0B             233
 103.30%             307.6MiB / 1.944GiB   15.45%              42.2MB / 56.4MB     0B / 0B             233
 103.30%             307.6MiB / 1.944GiB   15.45%              42.2MB / 56.4MB     0B / 0B             233
 103.25%             308.1MiB / 1.944GiB   15.48%              43.6MB / 58.1MB     0B / 0B             233
 103.25%             308.1MiB / 1.944GiB   15.48%              43.6MB / 58.1MB     0B / 0B             233
 102.77%             308.4MiB / 1.944GiB   15.49%              44.9MB / 60MB       0B / 0B             233
 102.77%             308.4MiB / 1.944GiB   15.49%              44.9MB / 60MB       0B / 0B             233
 103.26%             309MiB / 1.944GiB   15.52%              46.3MB / 61.8MB     0B / 0B             233
 103.26%             309MiB / 1.944GiB   15.52%              46.3MB / 61.8MB     0B / 0B             233
 104.87%             309.1MiB / 1.944GiB   15.53%              47.7MB / 63.8MB     0B / 0B             233
 104.87%             309.1MiB / 1.944GiB   15.53%              47.7MB / 63.8MB     0B / 0B             233
 103.30%             309.8MiB / 1.944GiB   15.57%              49.3MB / 65.8MB     0B / 0B             233
 103.30%             309.8MiB / 1.944GiB   15.57%              49.3MB / 65.8MB     0B / 0B             233
 101.93%             309.9MiB / 1.944GiB   15.57%              50.8MB / 67.8MB     0B / 0B             233
 101.93%             309.9MiB / 1.944GiB   15.57%              50.8MB / 67.8MB     0B / 0B             233
 102.85%             324.2MiB / 1.944GiB   16.29%              52.2MB / 69.8MB     0B / 0B             233
 102.85%             324.2MiB / 1.944GiB   16.29%              52.2MB / 69.8MB     0B / 0B             233
 103.32%             324.3MiB / 1.944GiB   16.29%              53.7MB / 71.9MB     0B / 0B             233
 103.32%             324.3MiB / 1.944GiB   16.29%              53.7MB / 71.9MB     0B / 0B             233
 102.98%             324.8MiB / 1.944GiB   16.32%              55.3MB / 74MB       0B / 0B             233
 102.98%             324.8MiB / 1.944GiB   16.32%              55.3MB / 74MB       0B / 0B             233
 104.46%             325.1MiB / 1.944GiB   16.33%              56.9MB / 76.2MB     0B / 0B             233
 104.46%             325.1MiB / 1.944GiB   16.33%              56.9MB / 76.2MB     0B / 0B             233
 101.91%             325.3MiB / 1.944GiB   16.34%              58.7MB / 78.6MB     0B / 0B             233
 101.91%             325.3MiB / 1.944GiB   16.34%              58.7MB / 78.6MB     0B / 0B             233
 103.98%             325.9MiB / 1.944GiB   16.37%              60.4MB / 81.1MB     0B / 0B             233
 103.98%             325.9MiB / 1.944GiB   16.37%              60.4MB / 81.1MB     0B / 0B             233
 106.22%             326.2MiB / 1.944GiB   16.39%              62.3MB / 83.4MB     0B / 0B             233
 106.22%             326.2MiB / 1.944GiB   16.39%              62.3MB / 83.4MB     0B / 0B             233
 102.20%             326.2MiB / 1.944GiB   16.39%              63.8MB / 85.8MB     0B / 0B             233
 102.20%             326.2MiB / 1.944GiB   16.39%              63.8MB / 85.8MB     0B / 0B             233
 102.01%             326.5MiB / 1.944GiB   16.40%              65.7MB / 88.4MB     0B / 0B             233
 102.01%             326.5MiB / 1.944GiB   16.40%              65.7MB / 88.4MB     0B / 0B             233
 107.80%             326.5MiB / 1.944GiB   16.40%              67.6MB / 90.8MB     0B / 0B             233
 107.80%             326.5MiB / 1.944GiB   16.40%              67.6MB / 90.8MB     0B / 0B             233
 106.66%             326.9MiB / 1.944GiB   16.43%              69.6MB / 93.2MB     0B / 0B             233
 106.66%             326.9MiB / 1.944GiB   16.43%              69.6MB / 93.2MB     0B / 0B             233
 103.98%             327.1MiB / 1.944GiB   16.44%              71.3MB / 95.7MB     0B / 0B             233
 103.98%             327.1MiB / 1.944GiB   16.44%              71.3MB / 95.7MB     0B / 0B             233
 104.46%             327.4MiB / 1.944GiB   16.45%              73.1MB / 98.2MB     0B / 0B             233
 104.46%             327.4MiB / 1.944GiB   16.45%              73.1MB / 98.2MB     0B / 0B             233
 103.32%             327.8MiB / 1.944GiB   16.47%              75.1MB / 101MB      0B / 0B             233
 103.32%             327.8MiB / 1.944GiB   16.47%              75.1MB / 101MB      0B / 0B             233
 103.13%             327.7MiB / 1.944GiB   16.47%              76.8MB / 103MB      0B / 0B             233
 103.13%             327.7MiB / 1.944GiB   16.47%              76.8MB / 103MB      0B / 0B             233
 103.27%             328.2MiB / 1.944GiB   16.49%              78.6MB / 105MB      0B / 0B             233
 103.27%             328.2MiB / 1.944GiB   16.49%              78.6MB / 105MB      0B / 0B             233
 103.29%             328.1MiB / 1.944GiB   16.48%              80.6MB / 108MB      0B / 0B             233
 103.29%             328.1MiB / 1.944GiB   16.48%              80.6MB / 108MB      0B / 0B             233
 103.23%             328.8MiB / 1.944GiB   16.52%              82.4MB / 110MB      0B / 0B             233
 103.23%             328.8MiB / 1.944GiB   16.52%              82.4MB / 110MB      0B / 0B             233
 103.69%             329.2MiB / 1.944GiB   16.54%              84.3MB / 113MB      0B / 0B             233
 103.69%             329.2MiB / 1.944GiB   16.54%              84.3MB / 113MB      0B / 0B             233
 105.73%             329.5MiB / 1.944GiB   16.55%              86MB / 115MB        0B / 0B             233
 105.73%             329.5MiB / 1.944GiB   16.55%              86MB / 115MB        0B / 0B             233
 102.44%             330MiB / 1.944GiB   16.58%              87.6MB / 117MB      0B / 0B             233
 102.44%             330MiB / 1.944GiB   16.58%              87.6MB / 117MB      0B / 0B             233
 102.10%             333.4MiB / 1.944GiB   16.75%              89.5MB / 120MB      0B / 0B             233
 102.10%             333.4MiB / 1.944GiB   16.75%              89.5MB / 120MB      0B / 0B             233
 102.63%             338.4MiB / 1.944GiB   17.00%              91.3MB / 122MB      0B / 0B             233
 102.63%             338.4MiB / 1.944GiB   17.00%              91.3MB / 122MB      0B / 0B             233
 102.07%             338.3MiB / 1.944GiB   17.00%              93.1MB / 125MB      0B / 0B             233
 102.07%             338.3MiB / 1.944GiB   17.00%              93.1MB / 125MB      0B / 0B             233
 103.88%             339MiB / 1.944GiB   17.03%              95MB / 127MB        0B / 0B             233
 103.88%             339MiB / 1.944GiB   17.03%              95MB / 127MB        0B / 0B             233
 102.89%             339.3MiB / 1.944GiB   17.05%              96.9MB / 130MB      0B / 0B             233
 102.89%             339.3MiB / 1.944GiB   17.05%              96.9MB / 130MB      0B / 0B             233
 101.93%             343MiB / 1.944GiB   17.23%              98.7MB / 132MB      0B / 0B             233
 101.93%             343MiB / 1.944GiB   17.23%              98.7MB / 132MB      0B / 0B             233
 103.29%             343.5MiB / 1.944GiB   17.26%              100MB / 134MB       0B / 0B             233
 103.29%             343.5MiB / 1.944GiB   17.26%              100MB / 134MB       0B / 0B             233
 104.61%             344.2MiB / 1.944GiB   17.29%              102MB / 137MB       0B / 0B             233
 104.61%             344.2MiB / 1.944GiB   17.29%              102MB / 137MB       0B / 0B             233
 104.22%             344.3MiB / 1.944GiB   17.30%              104MB / 139MB       0B / 0B             233
 104.22%             344.3MiB / 1.944GiB   17.30%              104MB / 139MB       0B / 0B             233
 104.41%             344.4MiB / 1.944GiB   17.31%              106MB / 142MB       0B / 0B             233
 104.41%             344.4MiB / 1.944GiB   17.31%              106MB / 142MB       0B / 0B             233
 104.42%             344.9MiB / 1.944GiB   17.33%              108MB / 144MB       0B / 0B             233
 104.42%             344.9MiB / 1.944GiB   17.33%              108MB / 144MB       0B / 0B             233
 103.90%             345MiB / 1.944GiB   17.33%              110MB / 147MB       0B / 0B             233
 103.90%             345MiB / 1.944GiB   17.33%              110MB / 147MB       0B / 0B             233
 107.32%             345.3MiB / 1.944GiB   17.35%              112MB / 149MB       0B / 0B             233
 107.32%             345.3MiB / 1.944GiB   17.35%              112MB / 149MB       0B / 0B             233
 104.60%             345.6MiB / 1.944GiB   17.37%              113MB / 152MB       0B / 0B             233
 104.60%             345.6MiB / 1.944GiB   17.37%              113MB / 152MB       0B / 0B             233
 105.27%             345.6MiB / 1.944GiB   17.36%              115MB / 154MB       0B / 0B             233
 105.27%             345.6MiB / 1.944GiB   17.36%              115MB / 154MB       0B / 0B             233
 103.20%             346.1MiB / 1.944GiB   17.39%              117MB / 156MB       0B / 0B             233
 103.20%             346.1MiB / 1.944GiB   17.39%              117MB / 156MB       0B / 0B             233
 106.69%             346.6MiB / 1.944GiB   17.41%              119MB / 159MB       0B / 0B             233
 106.69%             346.6MiB / 1.944GiB   17.41%              119MB / 159MB       0B / 0B             233
 102.56%             346.8MiB / 1.944GiB   17.42%              120MB / 161MB       0B / 0B             233
 102.56%             346.8MiB / 1.944GiB   17.42%              120MB / 161MB       0B / 0B             233
 104.18%             347MiB / 1.944GiB   17.44%              122MB / 163MB       0B / 0B             233
 104.18%             347MiB / 1.944GiB   17.44%              122MB / 163MB       0B / 0B             233
 103.46%             347.6MiB / 1.944GiB   17.47%              124MB / 166MB       0B / 0B             233
 103.46%             347.6MiB / 1.944GiB   17.47%              124MB / 166MB       0B / 0B             233
 102.28%             347.9MiB / 1.944GiB   17.48%              126MB / 168MB       0B / 0B             233
 102.28%             347.9MiB / 1.944GiB   17.48%              126MB / 168MB       0B / 0B             233
 102.11%             347.9MiB / 1.944GiB   17.48%              128MB / 171MB       0B / 0B             233
 102.11%             347.9MiB / 1.944GiB   17.48%              128MB / 171MB       0B / 0B             233
 105.22%             348.1MiB / 1.944GiB   17.49%              130MB / 173MB       0B / 0B             233
 105.22%             348.1MiB / 1.944GiB   17.49%              130MB / 173MB       0B / 0B             233
 102.55%             348.2MiB / 1.944GiB   17.50%              132MB / 176MB       0B / 0B             233
 102.55%             348.2MiB / 1.944GiB   17.50%              132MB / 176MB       0B / 0B             233
 103.41%             348.5MiB / 1.944GiB   17.51%              134MB / 178MB       0B / 0B             233
 103.41%             348.5MiB / 1.944GiB   17.51%              134MB / 178MB       0B / 0B             233
 102.56%             349.3MiB / 1.944GiB   17.55%              136MB / 181MB       0B / 0B             233
 102.56%             349.3MiB / 1.944GiB   17.55%              136MB / 181MB       0B / 0B             233
 101.99%             349.5MiB / 1.944GiB   17.56%              137MB / 183MB       0B / 0B             233
 101.99%             349.5MiB / 1.944GiB   17.56%              137MB / 183MB       0B / 0B             233
 102.85%             349.8MiB / 1.944GiB   17.57%              139MB / 186MB       0B / 0B             233
 102.85%             349.8MiB / 1.944GiB   17.57%              139MB / 186MB       0B / 0B             233
 102.55%             349.8MiB / 1.944GiB   17.57%              141MB / 188MB       0B / 0B             233
 102.55%             349.8MiB / 1.944GiB   17.57%              141MB / 188MB       0B / 0B             233
 106.28%             350.3MiB / 1.944GiB   17.60%              143MB / 191MB       0B / 0B             233
 106.28%             350.3MiB / 1.944GiB   17.60%              143MB / 191MB       0B / 0B             233
 103.03%             350.5MiB / 1.944GiB   17.61%              145MB / 193MB       0B / 0B             233
 103.03%             350.5MiB / 1.944GiB   17.61%              145MB / 193MB       0B / 0B             233
 103.09%             347.7MiB / 1.944GiB   17.47%              147MB / 195MB       0B / 0B             233
 103.09%             347.7MiB / 1.944GiB   17.47%              147MB / 195MB       0B / 0B             233
 102.43%             347.6MiB / 1.944GiB   17.46%              149MB / 198MB       0B / 0B             233
 102.43%             347.6MiB / 1.944GiB   17.46%              149MB / 198MB       0B / 0B             233
 102.90%             347.9MiB / 1.944GiB   17.48%              151MB / 201MB       0B / 0B             233
 102.90%             347.9MiB / 1.944GiB   17.48%              151MB / 201MB       0B / 0B             233
 103.23%             348.5MiB / 1.944GiB   17.51%              152MB / 203MB       0B / 0B             233
 103.23%             348.5MiB / 1.944GiB   17.51%              152MB / 203MB       0B / 0B             233
 103.77%             350.8MiB / 1.944GiB   17.62%              154MB / 205MB       0B / 0B             233
 103.77%             350.8MiB / 1.944GiB   17.62%              154MB / 205MB       0B / 0B             233
 105.17%             352MiB / 1.944GiB   17.68%              156MB / 208MB       0B / 0B             233
 105.17%             352MiB / 1.944GiB   17.68%              156MB / 208MB       0B / 0B             233
 104.49%             352.1MiB / 1.944GiB   17.69%              158MB / 210MB       0B / 0B             233
 104.49%             352.1MiB / 1.944GiB   17.69%              158MB / 210MB       0B / 0B             233
 106.57%             352.2MiB / 1.944GiB   17.69%              160MB / 213MB       0B / 0B             233
 106.57%             352.2MiB / 1.944GiB   17.69%              160MB / 213MB       0B / 0B             233
 103.45%             352.1MiB / 1.944GiB   17.69%              161MB / 215MB       0B / 0B             233
 103.45%             352.1MiB / 1.944GiB   17.69%              161MB / 215MB       0B / 0B             233
 102.38%             352.3MiB / 1.944GiB   17.70%              163MB / 218MB       0B / 0B             233
 102.38%             352.3MiB / 1.944GiB   17.70%              163MB / 218MB       0B / 0B             233
 102.85%             347.6MiB / 1.944GiB   17.47%              165MB / 220MB       0B / 0B             233
 102.85%             347.6MiB / 1.944GiB   17.47%              165MB / 220MB       0B / 0B             233
 103.90%             347.8MiB / 1.944GiB   17.48%              167MB / 223MB       0B / 0B             233
 103.90%             347.8MiB / 1.944GiB   17.48%              167MB / 223MB       0B / 0B             233
 103.57%             348.4MiB / 1.944GiB   17.50%              169MB / 225MB       0B / 0B             233
 103.57%             348.4MiB / 1.944GiB   17.50%              169MB / 225MB       0B / 0B             233
 103.39%             348.8MiB / 1.944GiB   17.52%              171MB / 228MB       0B / 0B             233
 103.39%             348.8MiB / 1.944GiB   17.52%              171MB / 228MB       0B / 0B             233
 102.27%             349.2MiB / 1.944GiB   17.54%              173MB / 230MB       0B / 0B             233
 102.27%             349.2MiB / 1.944GiB   17.54%              173MB / 230MB       0B / 0B             233
 102.82%             349.2MiB / 1.944GiB   17.54%              175MB / 233MB       0B / 0B             233
 102.82%             349.2MiB / 1.944GiB   17.54%              175MB / 233MB       0B / 0B             233
 101.81%             349.4MiB / 1.944GiB   17.55%              177MB / 235MB       0B / 0B             233
 101.81%             349.4MiB / 1.944GiB   17.55%              177MB / 235MB       0B / 0B             233
 103.71%             349.9MiB / 1.944GiB   17.58%              179MB / 238MB       0B / 0B             233
 103.71%             349.9MiB / 1.944GiB   17.58%              179MB / 238MB       0B / 0B             233
 102.09%             350.2MiB / 1.944GiB   17.59%              181MB / 240MB       0B / 0B             233
 102.09%             350.2MiB / 1.944GiB   17.59%              181MB / 240MB       0B / 0B             233
 103.85%             351.5MiB / 1.944GiB   17.66%              182MB / 243MB       0B / 0B             233
 103.85%             351.5MiB / 1.944GiB   17.66%              182MB / 243MB       0B / 0B             233
 103.06%             351.7MiB / 1.944GiB   17.67%              184MB / 245MB       0B / 0B             233
 103.06%             351.7MiB / 1.944GiB   17.67%              184MB / 245MB       0B / 0B             233
 102.80%             352.2MiB / 1.944GiB   17.69%              186MB / 248MB       0B / 0B             233
 102.80%             352.2MiB / 1.944GiB   17.69%              186MB / 248MB       0B / 0B             233
 103.34%             352MiB / 1.944GiB   17.68%              188MB / 250MB       0B / 0B             233
 103.34%             352MiB / 1.944GiB   17.68%              188MB / 250MB       0B / 0B             233
 107.67%             352.3MiB / 1.944GiB   17.70%              190MB / 252MB       0B / 0B             233
 107.67%             352.3MiB / 1.944GiB   17.70%              190MB / 252MB       0B / 0B             233
 106.35%             352.6MiB / 1.944GiB   17.72%              191MB / 255MB       0B / 0B             233
 106.35%             352.6MiB / 1.944GiB   17.72%              191MB / 255MB       0B / 0B             233
 101.56%             353.2MiB / 1.944GiB   17.74%              193MB / 257MB       0B / 0B             233
 101.56%             353.2MiB / 1.944GiB   17.74%              193MB / 257MB       0B / 0B             233
 101.89%             353.4MiB / 1.944GiB   17.75%              195MB / 259MB       0B / 0B             233
 101.89%             353.4MiB / 1.944GiB   17.75%              195MB / 259MB       0B / 0B             233
 112.78%             353.7MiB / 1.944GiB   17.77%              197MB / 262MB       0B / 0B             233
 112.78%             353.7MiB / 1.944GiB   17.77%              197MB / 262MB       0B / 0B             233
 103.18%             353.9MiB / 1.944GiB   17.78%              198MB / 264MB       0B / 0B             233
 103.18%             353.9MiB / 1.944GiB   17.78%              198MB / 264MB       0B / 0B             233
 103.48%             354.3MiB / 1.944GiB   17.80%              200MB / 267MB       0B / 0B             233
 103.48%             354.3MiB / 1.944GiB   17.80%              200MB / 267MB       0B / 0B             233
 110.41%             354.9MiB / 1.944GiB   17.83%              202MB / 269MB       0B / 0B             233
 110.41%             354.9MiB / 1.944GiB   17.83%              202MB / 269MB       0B / 0B             233
 103.25%             355.2MiB / 1.944GiB   17.84%              204MB / 271MB       0B / 0B             233
 103.25%             355.2MiB / 1.944GiB   17.84%              204MB / 271MB       0B / 0B             233
 103.79%             355.2MiB / 1.944GiB   17.84%              205MB / 274MB       0B / 0B             233
 103.79%             355.2MiB / 1.944GiB   17.84%              205MB / 274MB       0B / 0B             233
 102.76%             355.3MiB / 1.944GiB   17.85%              207MB / 276MB       0B / 0B             233
 102.76%             355.3MiB / 1.944GiB   17.85%              207MB / 276MB       0B / 0B             233
 97.57%              356MiB / 1.944GiB   17.89%              209MB / 278MB       0B / 0B             233
 97.57%              356MiB / 1.944GiB   17.89%              209MB / 278MB       0B / 0B             233
 102.54%             356.1MiB / 1.944GiB   17.89%              211MB / 281MB       0B / 0B             233
 102.54%             356.1MiB / 1.944GiB   17.89%              211MB / 281MB       0B / 0B             233
 102.83%             356.5MiB / 1.944GiB   17.91%              213MB / 283MB       0B / 0B             233
 102.83%             356.5MiB / 1.944GiB   17.91%              213MB / 283MB       0B / 0B             233
 94.25%              356.9MiB / 1.944GiB   17.93%              215MB / 286MB       0B / 0B             233
 94.25%              356.9MiB / 1.944GiB   17.93%              215MB / 286MB       0B / 0B             233
 102.37%             357.2MiB / 1.944GiB   17.95%              216MB / 288MB       0B / 0B             233
 102.37%             357.2MiB / 1.944GiB   17.95%              216MB / 288MB       0B / 0B             233
 102.96%             357.4MiB / 1.944GiB   17.96%              218MB / 291MB       0B / 0B             233
 102.96%             357.4MiB / 1.944GiB   17.96%              218MB / 291MB       0B / 0B             233
 101.73%             358MiB / 1.944GiB   17.99%              220MB / 293MB       0B / 0B             233
 101.73%             358MiB / 1.944GiB   17.99%              220MB / 293MB       0B / 0B             233
 102.10%             358.2MiB / 1.944GiB   18.00%              222MB / 295MB       0B / 0B             233
 102.10%             358.2MiB / 1.944GiB   18.00%              222MB / 295MB       0B / 0B             233
 103.49%             358.2MiB / 1.944GiB   18.00%              224MB / 298MB       0B / 0B             233
 103.49%             358.2MiB / 1.944GiB   18.00%              224MB / 298MB       0B / 0B             233
 103.63%             358.6MiB / 1.944GiB   18.02%              226MB / 300MB       0B / 0B             233
 103.63%             358.6MiB / 1.944GiB   18.02%              226MB / 300MB       0B / 0B             233
 101.41%             359.3MiB / 1.944GiB   18.05%              227MB / 303MB       0B / 0B             233
 101.41%             359.3MiB / 1.944GiB   18.05%              227MB / 303MB       0B / 0B             233
 105.78%             359.4MiB / 1.944GiB   18.06%              229MB / 305MB       0B / 0B             233
 105.78%             359.4MiB / 1.944GiB   18.06%              229MB / 305MB       0B / 0B             233
 105.29%             361.6MiB / 1.944GiB   18.17%              231MB / 308MB       0B / 0B             233
 105.29%             361.6MiB / 1.944GiB   18.17%              231MB / 308MB       0B / 0B             233
 106.78%             362MiB / 1.944GiB   18.19%              233MB / 311MB       0B / 0B             233
 106.78%             362MiB / 1.944GiB   18.19%              233MB / 311MB       0B / 0B             233
 103.67%             362.7MiB / 1.944GiB   18.22%              235MB / 313MB       0B / 0B             233
 103.67%             362.7MiB / 1.944GiB   18.22%              235MB / 313MB       0B / 0B             233
 102.88%             362.7MiB / 1.944GiB   18.22%              237MB / 316MB       0B / 0B             233
 102.88%             362.7MiB / 1.944GiB   18.22%              237MB / 316MB       0B / 0B             233
 102.88%             362.7MiB / 1.944GiB   18.22%              237MB / 316MB       0B / 0B             233
 102.88%             362.7MiB / 1.944GiB   18.22%              237MB / 316MB       0B / 0B             233
 55.67%              363MiB / 1.944GiB   18.24%              239MB / 318MB       0B / 0B             233
 55.67%              363MiB / 1.944GiB   18.24%              239MB / 318MB       0B / 0B             233
 105.91%             363.6MiB / 1.944GiB   18.27%              241MB / 321MB       0B / 0B             233
 105.91%             363.6MiB / 1.944GiB   18.27%              241MB / 321MB       0B / 0B             233
 97.08%              363.6MiB / 1.944GiB   18.27%              243MB / 323MB       0B / 0B             233
 97.08%              363.6MiB / 1.944GiB   18.27%              243MB / 323MB       0B / 0B             233
 107.54%             363.9MiB / 1.944GiB   18.28%              245MB / 326MB       0B / 0B             233
 107.54%             363.9MiB / 1.944GiB   18.28%              245MB / 326MB       0B / 0B             233
 104.62%             364.3MiB / 1.944GiB   18.30%              247MB / 329MB       0B / 0B             233
 104.62%             364.3MiB / 1.944GiB   18.30%              247MB / 329MB       0B / 0B             233
 103.63%             364.1MiB / 1.944GiB   18.29%              249MB / 331MB       0B / 0B             233
 103.63%             364.1MiB / 1.944GiB   18.29%              249MB / 331MB       0B / 0B             233
 103.13%             364.1MiB / 1.944GiB   18.29%              251MB / 334MB       0B / 0B             233
 103.13%             364.1MiB / 1.944GiB   18.29%              251MB / 334MB       0B / 0B             233
 103.63%             364.7MiB / 1.944GiB   18.32%              252MB / 336MB       0B / 0B             233
 103.63%             364.7MiB / 1.944GiB   18.32%              252MB / 336MB       0B / 0B             233
 104.16%             365MiB / 1.944GiB   18.34%              255MB / 339MB       0B / 0B             233
 104.16%             365MiB / 1.944GiB   18.34%              255MB / 339MB       0B / 0B             233
 103.71%             365.6MiB / 1.944GiB   18.37%              257MB / 342MB       0B / 0B             233
 103.71%             365.6MiB / 1.944GiB   18.37%              257MB / 342MB       0B / 0B             233
 102.24%             365.5MiB / 1.944GiB   18.36%              258MB / 344MB       0B / 0B             233
 102.24%             365.5MiB / 1.944GiB   18.36%              258MB / 344MB       0B / 0B             233
 105.13%             365.9MiB / 1.944GiB   18.38%              261MB / 347MB       0B / 0B             233
 105.13%             365.9MiB / 1.944GiB   18.38%              261MB / 347MB       0B / 0B             233
 102.09%             366.4MiB / 1.944GiB   18.41%              262MB / 349MB       0B / 0B             233
 102.09%             366.4MiB / 1.944GiB   18.41%              262MB / 349MB       0B / 0B             233
 102.05%             366.8MiB / 1.944GiB   18.43%              264MB / 352MB       0B / 0B             233
 102.05%             366.8MiB / 1.944GiB   18.43%              264MB / 352MB       0B / 0B             233
 102.95%             366.7MiB / 1.944GiB   18.42%              266MB / 355MB       0B / 0B             233
 102.95%             366.7MiB / 1.944GiB   18.42%              266MB / 355MB       0B / 0B             233
 102.82%             367.1MiB / 1.944GiB   18.44%              269MB / 357MB       0B / 0B             233
 102.82%             367.1MiB / 1.944GiB   18.44%              269MB / 357MB       0B / 0B             233
 103.41%             367.5MiB / 1.944GiB   18.46%              271MB / 360MB       0B / 0B             233
 103.41%             367.5MiB / 1.944GiB   18.46%              271MB / 360MB       0B / 0B             233
 102.03%             368MiB / 1.944GiB   18.49%              273MB / 363MB       0B / 0B             233
 102.03%             368MiB / 1.944GiB   18.49%              273MB / 363MB       0B / 0B             233
 103.20%             368.2MiB / 1.944GiB   18.50%              275MB / 365MB       0B / 0B             233
 103.20%             368.2MiB / 1.944GiB   18.50%              275MB / 365MB       0B / 0B             233
 104.26%             368.6MiB / 1.944GiB   18.52%              276MB / 368MB       0B / 0B             233
 104.26%             368.6MiB / 1.944GiB   18.52%              276MB / 368MB       0B / 0B             233
 94.10%              368.7MiB / 1.944GiB   18.52%              278MB / 370MB       0B / 0B             233
 94.10%              368.7MiB / 1.944GiB   18.52%              278MB / 370MB       0B / 0B             233
 105.65%             369.3MiB / 1.944GiB   18.55%              280MB / 373MB       0B / 0B             233
 105.65%             369.3MiB / 1.944GiB   18.55%              280MB / 373MB       0B / 0B             233
 98.56%              369.4MiB / 1.944GiB   18.56%              282MB / 376MB       0B / 0B             233
 98.56%              369.4MiB / 1.944GiB   18.56%              282MB / 376MB       0B / 0B             233
 101.26%             370MiB / 1.944GiB   18.59%              285MB / 379MB       0B / 0B             233
 101.26%             370MiB / 1.944GiB   18.59%              285MB / 379MB       0B / 0B             233
 103.41%             370.1MiB / 1.944GiB   18.59%              286MB / 381MB       0B / 0B             233
 103.41%             370.1MiB / 1.944GiB   18.59%              286MB / 381MB       0B / 0B             233
 74.83%              370.6MiB / 1.944GiB   18.62%              288MB / 384MB       0B / 0B             233
 74.83%              370.6MiB / 1.944GiB   18.62%              288MB / 384MB       0B / 0B             233
 64.98%              370.8MiB / 1.944GiB   18.63%              290MB / 386MB       0B / 0B             233
 64.98%              370.8MiB / 1.944GiB   18.63%              290MB / 386MB       0B / 0B             233
 66.26%              371.2MiB / 1.944GiB   18.65%              292MB / 389MB       0B / 0B             233
 66.26%              371.2MiB / 1.944GiB   18.65%              292MB / 389MB       0B / 0B             233
 87.37%              371.6MiB / 1.944GiB   18.67%              294MB / 392MB       0B / 0B             233
 87.37%              371.6MiB / 1.944GiB   18.67%              294MB / 392MB       0B / 0B             233
 71.97%              372.1MiB / 1.944GiB   18.70%              296MB / 394MB       0B / 0B             233
 71.97%              372.1MiB / 1.944GiB   18.70%              296MB / 394MB       0B / 0B             233
 65.25%              372.1MiB / 1.944GiB   18.70%              298MB / 397MB       0B / 0B             233
 65.25%              372.1MiB / 1.944GiB   18.70%              298MB / 397MB       0B / 0B             233
 84.46%              372.5MiB / 1.944GiB   18.72%              301MB / 400MB       0B / 0B             233
 84.46%              372.5MiB / 1.944GiB   18.72%              301MB / 400MB       0B / 0B             233
 84.27%              373.1MiB / 1.944GiB   18.75%              303MB / 403MB       0B / 0B             233
 84.27%              373.1MiB / 1.944GiB   18.75%              303MB / 403MB       0B / 0B             233
 74.45%              373.2MiB / 1.944GiB   18.75%              305MB / 406MB       0B / 0B             233
 74.45%              373.2MiB / 1.944GiB   18.75%              305MB / 406MB       0B / 0B             233
 74.65%              373.7MiB / 1.944GiB   18.77%              307MB / 409MB       0B / 0B             233
 74.65%              373.7MiB / 1.944GiB   18.77%              307MB / 409MB       0B / 0B             233
 69.29%              373.7MiB / 1.944GiB   18.78%              309MB / 412MB       0B / 0B             233
 69.29%              373.7MiB / 1.944GiB   18.78%              309MB / 412MB       0B / 0B             233
 71.27%              374.1MiB / 1.944GiB   18.80%              311MB / 415MB       0B / 0B             233
 71.27%              374.1MiB / 1.944GiB   18.80%              311MB / 415MB       0B / 0B             233
 87.65%              374.7MiB / 1.944GiB   18.83%              313MB / 418MB       0B / 0B             233
 87.65%              374.7MiB / 1.944GiB   18.83%              313MB / 418MB       0B / 0B             233
 66.70%              374.8MiB / 1.944GiB   18.83%              316MB / 421MB       0B / 0B             233
 66.70%              374.8MiB / 1.944GiB   18.83%              316MB / 421MB       0B / 0B             233
 65.71%              375.3MiB / 1.944GiB   18.85%              318MB / 423MB       0B / 0B             233
 65.71%              375.3MiB / 1.944GiB   18.85%              318MB / 423MB       0B / 0B             233
 72.34%              375.8MiB / 1.944GiB   18.88%              320MB / 427MB       0B / 0B             233
 72.34%              375.8MiB / 1.944GiB   18.88%              320MB / 427MB       0B / 0B             233
 68.06%              376MiB / 1.944GiB   18.89%              322MB / 430MB       0B / 0B             233
 68.06%              376MiB / 1.944GiB   18.89%              322MB / 430MB       0B / 0B             233
 68.73%              376MiB / 1.944GiB   18.89%              324MB / 433MB       0B / 0B             233
 68.73%              376MiB / 1.944GiB   18.89%              324MB / 433MB       0B / 0B             233
 72.00%              376.7MiB / 1.944GiB   18.92%              326MB / 436MB       0B / 0B             233
 72.00%              376.7MiB / 1.944GiB   18.92%              326MB / 436MB       0B / 0B             233
 70.64%              376.7MiB / 1.944GiB   18.93%              329MB / 439MB       0B / 0B             233
 70.64%              376.7MiB / 1.944GiB   18.93%              329MB / 439MB       0B / 0B             233
 68.76%              377.3MiB / 1.944GiB   18.96%              331MB / 442MB       0B / 0B             233
 68.76%              377.3MiB / 1.944GiB   18.96%              331MB / 442MB       0B / 0B             233
 57.55%              377.3MiB / 1.944GiB   18.96%              333MB / 444MB       0B / 0B             233
 57.55%              377.3MiB / 1.944GiB   18.96%              333MB / 444MB       0B / 0B             233
 81.06%              378MiB / 1.944GiB   18.99%              335MB / 448MB       0B / 0B             233
 81.06%              378MiB / 1.944GiB   18.99%              335MB / 448MB       0B / 0B             233
 73.83%              378.5MiB / 1.944GiB   19.02%              337MB / 451MB       0B / 0B             233
 73.83%              378.5MiB / 1.944GiB   19.02%              337MB / 451MB       0B / 0B             233
 65.53%              378.8MiB / 1.944GiB   19.03%              340MB / 454MB       0B / 0B             233
 65.53%              378.8MiB / 1.944GiB   19.03%              340MB / 454MB       0B / 0B             233
 85.95%              378.8MiB / 1.944GiB   19.03%              342MB / 456MB       0B / 0B             233
 85.95%              378.8MiB / 1.944GiB   19.03%              342MB / 456MB       0B / 0B             233
 66.60%              379.1MiB / 1.944GiB   19.04%              344MB / 459MB       0B / 0B             233
 66.60%              379.1MiB / 1.944GiB   19.04%              344MB / 459MB       0B / 0B             233
 54.33%              379.8MiB / 1.944GiB   19.08%              346MB / 462MB       0B / 0B             233
 54.33%              379.8MiB / 1.944GiB   19.08%              346MB / 462MB       0B / 0B             233
 73.61%              379.6MiB / 1.944GiB   19.07%              348MB / 465MB       0B / 0B             233
 73.61%              379.6MiB / 1.944GiB   19.07%              348MB / 465MB       0B / 0B             233
 80.58%              379.8MiB / 1.944GiB   19.08%              350MB / 468MB       0B / 0B             233
 80.58%              379.8MiB / 1.944GiB   19.08%              350MB / 468MB       0B / 0B             233
 65.68%              380.1MiB / 1.944GiB   19.10%              352MB / 471MB       0B / 0B             233
 65.68%              380.1MiB / 1.944GiB   19.10%              352MB / 471MB       0B / 0B             233
 73.99%              380.3MiB / 1.944GiB   19.11%              355MB / 474MB       0B / 0B             233
 73.99%              380.3MiB / 1.944GiB   19.11%              355MB / 474MB       0B / 0B             233
 78.73%              381MiB / 1.944GiB   19.14%              357MB / 477MB       0B / 0B             233
 78.73%              381MiB / 1.944GiB   19.14%              357MB / 477MB       0B / 0B             233
 66.50%              381.2MiB / 1.944GiB   19.15%              359MB / 480MB       0B / 0B             233
 66.50%              381.2MiB / 1.944GiB   19.15%              359MB / 480MB       0B / 0B             233
 77.32%              381.3MiB / 1.944GiB   19.16%              361MB / 483MB       0B / 0B             233
 77.32%              381.3MiB / 1.944GiB   19.16%              361MB / 483MB       0B / 0B             233
 62.93%              381.6MiB / 1.944GiB   19.17%              363MB / 485MB       0B / 0B             233
 62.93%              381.6MiB / 1.944GiB   19.17%              363MB / 485MB       0B / 0B             233
 73.34%              382.2MiB / 1.944GiB   19.20%              365MB / 488MB       0B / 0B             233
 73.34%              382.2MiB / 1.944GiB   19.20%              365MB / 488MB       0B / 0B             233
 75.81%              382.4MiB / 1.944GiB   19.21%              368MB / 492MB       0B / 0B             233
 75.81%              382.4MiB / 1.944GiB   19.21%              368MB / 492MB       0B / 0B             233
 70.70%              382.5MiB / 1.944GiB   19.22%              370MB / 494MB       0B / 0B             233
 70.70%              382.5MiB / 1.944GiB   19.22%              370MB / 494MB       0B / 0B             233
 75.46%              382.9MiB / 1.944GiB   19.23%              372MB / 497MB       0B / 0B             233
 75.46%              382.9MiB / 1.944GiB   19.23%              372MB / 497MB       0B / 0B             233
 73.98%              383.3MiB / 1.944GiB   19.26%              374MB / 500MB       0B / 0B             233
 73.98%              383.3MiB / 1.944GiB   19.26%              374MB / 500MB       0B / 0B             233
 77.34%              383.5MiB / 1.944GiB   19.27%              376MB / 503MB       0B / 0B             233
 77.34%              383.5MiB / 1.944GiB   19.27%              376MB / 503MB       0B / 0B             233
 79.06%              384MiB / 1.944GiB   19.29%              378MB / 506MB       0B / 0B             233
 79.06%              384MiB / 1.944GiB   19.29%              378MB / 506MB       0B / 0B             233
 64.49%              384.1MiB / 1.944GiB   19.30%              380MB / 508MB       0B / 0B             233
 64.49%              384.1MiB / 1.944GiB   19.30%              380MB / 508MB       0B / 0B             233
 79.44%              384.5MiB / 1.944GiB   19.32%              382MB / 512MB       0B / 0B             233
 79.44%              384.5MiB / 1.944GiB   19.32%              382MB / 512MB       0B / 0B             233
 81.02%              384.7MiB / 1.944GiB   19.33%              384MB / 514MB       0B / 0B             233
 81.02%              384.7MiB / 1.944GiB   19.33%              384MB / 514MB       0B / 0B             233
 73.46%              385.2MiB / 1.944GiB   19.35%              386MB / 517MB       0B / 0B             233
 73.46%              385.2MiB / 1.944GiB   19.35%              386MB / 517MB       0B / 0B             233
 76.36%              385.4MiB / 1.944GiB   19.36%              389MB / 520MB       0B / 0B             233
 76.36%              385.4MiB / 1.944GiB   19.36%              389MB / 520MB       0B / 0B             233
 62.24%              385.7MiB / 1.944GiB   19.38%              390MB / 523MB       0B / 0B             233
 62.24%              385.7MiB / 1.944GiB   19.38%              390MB / 523MB       0B / 0B             233
 76.33%              386.4MiB / 1.944GiB   19.41%              393MB / 526MB       0B / 0B             233
 76.33%              386.4MiB / 1.944GiB   19.41%              393MB / 526MB       0B / 0B             233
 77.49%              386.6MiB / 1.944GiB   19.42%              395MB / 529MB       0B / 0B             233
 77.49%              386.6MiB / 1.944GiB   19.42%              395MB / 529MB       0B / 0B             233
 83.70%              386.6MiB / 1.944GiB   19.42%              397MB / 532MB       0B / 0B             233
 83.70%              386.6MiB / 1.944GiB   19.42%              397MB / 532MB       0B / 0B             233
 62.40%              387MiB / 1.944GiB   19.44%              399MB / 534MB       0B / 0B             233
 62.40%              387MiB / 1.944GiB   19.44%              399MB / 534MB       0B / 0B             233
 76.58%              387.5MiB / 1.944GiB   19.47%              401MB / 537MB       0B / 0B             233
 76.58%              387.5MiB / 1.944GiB   19.47%              401MB / 537MB       0B / 0B             233
 75.65%              387.5MiB / 1.944GiB   19.47%              403MB / 540MB       0B / 0B             233
 75.65%              387.5MiB / 1.944GiB   19.47%              403MB / 540MB       0B / 0B             233
 70.12%              388MiB / 1.944GiB   19.49%              405MB / 543MB       0B / 0B             233
 70.12%              388MiB / 1.944GiB   19.49%              405MB / 543MB       0B / 0B             233
 78.34%              388.4MiB / 1.944GiB   19.51%              407MB / 546MB       0B / 0B             233
 78.34%              388.4MiB / 1.944GiB   19.51%              407MB / 546MB       0B / 0B             233
 72.99%              388.4MiB / 1.944GiB   19.51%              409MB / 549MB       0B / 0B             233
 72.99%              388.4MiB / 1.944GiB   19.51%              409MB / 549MB       0B / 0B             233
 72.52%              388.6MiB / 1.944GiB   19.52%              412MB / 552MB       0B / 0B             233
 72.52%              388.6MiB / 1.944GiB   19.52%              412MB / 552MB       0B / 0B             233
 81.65%              388.8MiB / 1.944GiB   19.53%              414MB / 555MB       0B / 0B             233
 81.65%              388.8MiB / 1.944GiB   19.53%              414MB / 555MB       0B / 0B             233
 71.33%              389.3MiB / 1.944GiB   19.56%              416MB / 558MB       0B / 0B             233
 71.33%              389.3MiB / 1.944GiB   19.56%              416MB / 558MB       0B / 0B             233
 82.72%              389.5MiB / 1.944GiB   19.57%              418MB / 560MB       0B / 0B             233
 82.72%              389.5MiB / 1.944GiB   19.57%              418MB / 560MB       0B / 0B             233
 71.32%              389.9MiB / 1.944GiB   19.59%              420MB / 563MB       0B / 0B             233
 71.32%              389.9MiB / 1.944GiB   19.59%              420MB / 563MB       0B / 0B             233
 73.80%              389.9MiB / 1.944GiB   19.59%              422MB / 566MB       0B / 0B             233
 73.80%              389.9MiB / 1.944GiB   19.59%              422MB / 566MB       0B / 0B             233
 77.77%              390.2MiB / 1.944GiB   19.60%              425MB / 569MB       0B / 0B             233
 77.77%              390.2MiB / 1.944GiB   19.60%              425MB / 569MB       0B / 0B             233
 75.59%              390.8MiB / 1.944GiB   19.63%              427MB / 572MB       0B / 0B             233
 75.59%              390.8MiB / 1.944GiB   19.63%              427MB / 572MB       0B / 0B             233
 81.00%              391.5MiB / 1.944GiB   19.67%              429MB / 575MB       0B / 0B             233
 81.00%              391.5MiB / 1.944GiB   19.67%              429MB / 575MB       0B / 0B             233
 72.87%              391.2MiB / 1.944GiB   19.66%              431MB / 577MB       0B / 0B             233
 72.87%              391.2MiB / 1.944GiB   19.66%              431MB / 577MB       0B / 0B             233
 83.29%              391.4MiB / 1.944GiB   19.66%              433MB / 581MB       0B / 0B             233
 83.29%              391.4MiB / 1.944GiB   19.66%              433MB / 581MB       0B / 0B             233
 70.31%              391.8MiB / 1.944GiB   19.69%              435MB / 584MB       0B / 0B             233
 70.31%              391.8MiB / 1.944GiB   19.69%              435MB / 584MB       0B / 0B             233
 65.98%              392.5MiB / 1.944GiB   19.72%              437MB / 587MB       0B / 0B             233
 65.98%              392.5MiB / 1.944GiB   19.72%              437MB / 587MB       0B / 0B             233
 72.34%              392.5MiB / 1.944GiB   19.72%              439MB / 589MB       0B / 0B             233
 72.34%              392.5MiB / 1.944GiB   19.72%              439MB / 589MB       0B / 0B             233
 85.97%              393MiB / 1.944GiB   19.75%              442MB / 592MB       0B / 0B             233
 85.97%              393MiB / 1.944GiB   19.75%              442MB / 592MB       0B / 0B             233
 81.56%              393.4MiB / 1.944GiB   19.76%              443MB / 595MB       0B / 0B             233
 81.56%              393.4MiB / 1.944GiB   19.76%              443MB / 595MB       0B / 0B             233
 80.11%              393.7MiB / 1.944GiB   19.78%              445MB / 598MB       0B / 0B             233
 80.11%              393.7MiB / 1.944GiB   19.78%              445MB / 598MB       0B / 0B             233
 78.23%              393.9MiB / 1.944GiB   19.79%              448MB / 601MB       0B / 0B             233
 78.23%              393.9MiB / 1.944GiB   19.79%              448MB / 601MB       0B / 0B             233
 75.28%              394.6MiB / 1.944GiB   19.82%              450MB / 603MB       0B / 0B             233
 75.28%              394.6MiB / 1.944GiB   19.82%              450MB / 603MB       0B / 0B             233
 71.01%              394.5MiB / 1.944GiB   19.82%              451MB / 606MB       0B / 0B             233
 71.01%              394.5MiB / 1.944GiB   19.82%              451MB / 606MB       0B / 0B             233
 90.41%              394.9MiB / 1.944GiB   19.84%              454MB / 609MB       0B / 0B             233
 90.41%              394.9MiB / 1.944GiB   19.84%              454MB / 609MB       0B / 0B             233
 65.91%              394.6MiB / 1.944GiB   19.82%              456MB / 611MB       0B / 0B             233
 65.91%              394.6MiB / 1.944GiB   19.82%              456MB / 611MB       0B / 0B             233
 84.17%              395.1MiB / 1.944GiB   19.85%              457MB / 613MB       0B / 0B             233
 84.17%              395.1MiB / 1.944GiB   19.85%              457MB / 613MB       0B / 0B             233
 79.62%              395.3MiB / 1.944GiB   19.86%              459MB / 616MB       0B / 0B             233
 79.62%              395.3MiB / 1.944GiB   19.86%              459MB / 616MB       0B / 0B             233
 79.62%              395.3MiB / 1.944GiB   19.86%              459MB / 616MB       0B / 0B             233
 80.79%              395.8MiB / 1.944GiB   19.88%              461MB / 619MB       0B / 0B             233
 80.79%              395.8MiB / 1.944GiB   19.88%              461MB / 619MB       0B / 0B             233
 65.60%              396.3MiB / 1.944GiB   19.91%              463MB / 621MB       0B / 0B             233
 65.60%              396.3MiB / 1.944GiB   19.91%              463MB / 621MB       0B / 0B             233
 61.10%              396.3MiB / 1.944GiB   19.91%              465MB / 623MB       0B / 0B             233
 61.10%              396.3MiB / 1.944GiB   19.91%              465MB / 623MB       0B / 0B             233
 62.43%              396.6MiB / 1.944GiB   19.92%              466MB / 626MB       0B / 0B             233
 62.43%              396.6MiB / 1.944GiB   19.92%              466MB / 626MB       0B / 0B             233
 76.79%              397MiB / 1.944GiB   19.94%              468MB / 628MB       0B / 0B             233
 76.79%              397MiB / 1.944GiB   19.94%              468MB / 628MB       0B / 0B             233
 78.32%              396.9MiB / 1.944GiB   19.94%              470MB / 631MB       0B / 0B             233
 78.32%              396.9MiB / 1.944GiB   19.94%              470MB / 631MB       0B / 0B             233
 66.59%              397.3MiB / 1.944GiB   19.96%              472MB / 634MB       0B / 0B             233
 66.59%              397.3MiB / 1.944GiB   19.96%              472MB / 634MB       0B / 0B             233
 82.60%              397.5MiB / 1.944GiB   19.97%              474MB / 636MB       0B / 0B             233
 82.60%              397.5MiB / 1.944GiB   19.97%              474MB / 636MB       0B / 0B             233
 62.05%              397.9MiB / 1.944GiB   19.99%              476MB / 639MB       0B / 0B             233
 62.05%              397.9MiB / 1.944GiB   19.99%              476MB / 639MB       0B / 0B             233
 75.30%              398.2MiB / 1.944GiB   20.01%              478MB / 642MB       0B / 0B             233
 75.30%              398.2MiB / 1.944GiB   20.01%              478MB / 642MB       0B / 0B             233
 79.55%              398.6MiB / 1.944GiB   20.03%              480MB / 644MB       0B / 0B             233
 79.55%              398.6MiB / 1.944GiB   20.03%              480MB / 644MB       0B / 0B             233
 66.64%              398.4MiB / 1.944GiB   20.02%              482MB / 647MB       0B / 0B             233
 66.64%              398.4MiB / 1.944GiB   20.02%              482MB / 647MB       0B / 0B             233
 62.59%              401.2MiB / 1.944GiB   20.16%              484MB / 649MB       0B / 0B             233
 62.59%              401.2MiB / 1.944GiB   20.16%              484MB / 649MB       0B / 0B             233
 90.72%              401.7MiB / 1.944GiB   20.18%              486MB / 652MB       0B / 0B             233
 90.72%              401.7MiB / 1.944GiB   20.18%              486MB / 652MB       0B / 0B             233
 81.91%              401.7MiB / 1.944GiB   20.18%              488MB / 656MB       0B / 0B             233
 81.91%              401.7MiB / 1.944GiB   20.18%              488MB / 656MB       0B / 0B             233
 71.47%              402.2MiB / 1.944GiB   20.21%              490MB / 658MB       0B / 0B             233
 71.47%              402.2MiB / 1.944GiB   20.21%              490MB / 658MB       0B / 0B             233
 72.42%              402.5MiB / 1.944GiB   20.22%              492MB / 661MB       0B / 0B             233
 72.42%              402.5MiB / 1.944GiB   20.22%              492MB / 661MB       0B / 0B             233
 75.16%              402.1MiB / 1.944GiB   20.20%              494MB / 664MB       0B / 0B             233
 75.16%              402.1MiB / 1.944GiB   20.20%              494MB / 664MB       0B / 0B             233
 69.55%              402.7MiB / 1.944GiB   20.23%              496MB / 666MB       0B / 0B             233
 69.55%              402.7MiB / 1.944GiB   20.23%              496MB / 666MB       0B / 0B             233
 75.90%              402.7MiB / 1.944GiB   20.23%              498MB / 669MB       0B / 0B             233
 75.90%              402.7MiB / 1.944GiB   20.23%              498MB / 669MB       0B / 0B             233
 72.96%              403.3MiB / 1.944GiB   20.26%              501MB / 672MB       0B / 0B             233
 72.96%              403.3MiB / 1.944GiB   20.26%              501MB / 672MB       0B / 0B             233
 84.56%              403.9MiB / 1.944GiB   20.29%              503MB / 675MB       0B / 0B             233
 84.56%              403.9MiB / 1.944GiB   20.29%              503MB / 675MB       0B / 0B             233
 74.42%              404MiB / 1.944GiB   20.30%              505MB / 678MB       0B / 0B             233
 74.42%              404MiB / 1.944GiB   20.30%              505MB / 678MB       0B / 0B             233
 97.11%              404MiB / 1.944GiB   20.30%              507MB / 680MB       0B / 0B             233
 97.11%              404MiB / 1.944GiB   20.30%              507MB / 680MB       0B / 0B             233
 78.88%              404.5MiB / 1.944GiB   20.32%              509MB / 683MB       0B / 0B             233
 78.88%              404.5MiB / 1.944GiB   20.32%              509MB / 683MB       0B / 0B             233
 75.26%              404.8MiB / 1.944GiB   20.34%              511MB / 686MB       0B / 0B             233
 75.26%              404.8MiB / 1.944GiB   20.34%              511MB / 686MB       0B / 0B             233
 65.80%              405.1MiB / 1.944GiB   20.35%              513MB / 689MB       0B / 0B             233
 65.80%              405.1MiB / 1.944GiB   20.35%              513MB / 689MB       0B / 0B             233
 78.93%              405.3MiB / 1.944GiB   20.36%              515MB / 692MB       0B / 0B             233
 78.93%              405.3MiB / 1.944GiB   20.36%              515MB / 692MB       0B / 0B             233
 65.88%              405.7MiB / 1.944GiB   20.38%              517MB / 694MB       0B / 0B             233
 65.88%              405.7MiB / 1.944GiB   20.38%              517MB / 694MB       0B / 0B             233
 69.00%              406MiB / 1.944GiB   20.40%              519MB / 697MB       0B / 0B             233
 69.00%              406MiB / 1.944GiB   20.40%              519MB / 697MB       0B / 0B             233
 75.33%              406MiB / 1.944GiB   20.40%              521MB / 700MB       0B / 0B             233
 75.33%              406MiB / 1.944GiB   20.40%              521MB / 700MB       0B / 0B             233
 73.77%              406.7MiB / 1.944GiB   20.43%              524MB / 703MB       0B / 0B             233
 73.77%              406.7MiB / 1.944GiB   20.43%              524MB / 703MB       0B / 0B             233
 75.90%              406.8MiB / 1.944GiB   20.44%              526MB / 707MB       0B / 0B             233
 75.90%              406.8MiB / 1.944GiB   20.44%              526MB / 707MB       0B / 0B             233
 71.06%              407MiB / 1.944GiB   20.45%              528MB / 710MB       0B / 0B             233
 71.06%              407MiB / 1.944GiB   20.45%              528MB / 710MB       0B / 0B             233
 76.38%              407.2MiB / 1.944GiB   20.46%              530MB / 712MB       0B / 0B             233
 76.38%              407.2MiB / 1.944GiB   20.46%              530MB / 712MB       0B / 0B             233
 76.91%              407.8MiB / 1.944GiB   20.49%              532MB / 715MB       0B / 0B             233
 76.91%              407.8MiB / 1.944GiB   20.49%              532MB / 715MB       0B / 0B             233
 67.68%              408.2MiB / 1.944GiB   20.51%              534MB / 718MB       0B / 0B             233
 67.68%              408.2MiB / 1.944GiB   20.51%              534MB / 718MB       0B / 0B             233
 57.29%              408.3MiB / 1.944GiB   20.51%              536MB / 720MB       0B / 0B             233
 57.29%              408.3MiB / 1.944GiB   20.51%              536MB / 720MB       0B / 0B             233
 67.83%              408.6MiB / 1.944GiB   20.53%              538MB / 723MB       0B / 0B             233
 67.83%              408.6MiB / 1.944GiB   20.53%              538MB / 723MB       0B / 0B             233
 67.71%              408.9MiB / 1.944GiB   20.55%              540MB / 726MB       0B / 0B             233
 67.71%              408.9MiB / 1.944GiB   20.55%              540MB / 726MB       0B / 0B             233
 66.92%              409.4MiB / 1.944GiB   20.57%              543MB / 729MB       0B / 0B             233
 66.92%              409.4MiB / 1.944GiB   20.57%              543MB / 729MB       0B / 0B             233
 74.22%              409.5MiB / 1.944GiB   20.57%              545MB / 732MB       0B / 0B             233
 74.22%              409.5MiB / 1.944GiB   20.57%              545MB / 732MB       0B / 0B             233
 73.00%              409.8MiB / 1.944GiB   20.59%              547MB / 735MB       0B / 0B             233
 73.00%              409.8MiB / 1.944GiB   20.59%              547MB / 735MB       0B / 0B             233
 69.61%              409.9MiB / 1.944GiB   20.59%              549MB / 738MB       0B / 0B             233
 69.61%              409.9MiB / 1.944GiB   20.59%              549MB / 738MB       0B / 0B             233
 72.50%              410.3MiB / 1.944GiB   20.61%              551MB / 741MB       0B / 0B             233
 72.50%              410.3MiB / 1.944GiB   20.61%              551MB / 741MB       0B / 0B             233
 65.55%              410.6MiB / 1.944GiB   20.63%              553MB / 744MB       0B / 0B             233
 65.55%              410.6MiB / 1.944GiB   20.63%              553MB / 744MB       0B / 0B             233
 76.02%              411MiB / 1.944GiB   20.65%              556MB / 747MB       0B / 0B             233
 76.02%              411MiB / 1.944GiB   20.65%              556MB / 747MB       0B / 0B             233
 67.84%              411.3MiB / 1.944GiB   20.66%              558MB / 750MB       0B / 0B             233
 67.84%              411.3MiB / 1.944GiB   20.66%              558MB / 750MB       0B / 0B             233
 74.18%              411.6MiB / 1.944GiB   20.68%              560MB / 753MB       0B / 0B             233
 74.18%              411.6MiB / 1.944GiB   20.68%              560MB / 753MB       0B / 0B             233
 67.90%              411.7MiB / 1.944GiB   20.69%              562MB / 756MB       0B / 0B             233
 67.90%              411.7MiB / 1.944GiB   20.69%              562MB / 756MB       0B / 0B             233
 65.51%              412.1MiB / 1.944GiB   20.70%              564MB / 759MB       0B / 0B             233
 65.51%              412.1MiB / 1.944GiB   20.70%              564MB / 759MB       0B / 0B             233
 77.53%              412.4MiB / 1.944GiB   20.72%              567MB / 762MB       0B / 0B             233
 77.53%              412.4MiB / 1.944GiB   20.72%              567MB / 762MB       0B / 0B             233
 73.30%              412.6MiB / 1.944GiB   20.73%              569MB / 765MB       0B / 0B             233
 73.30%              412.6MiB / 1.944GiB   20.73%              569MB / 765MB       0B / 0B             233
 71.98%              412.9MiB / 1.944GiB   20.75%              571MB / 768MB       0B / 0B             233
 71.98%              412.9MiB / 1.944GiB   20.75%              571MB / 768MB       0B / 0B             233
 73.62%              413.6MiB / 1.944GiB   20.78%              573MB / 771MB       0B / 0B             233
 73.62%              413.6MiB / 1.944GiB   20.78%              573MB / 771MB       0B / 0B             233
 73.05%              413.4MiB / 1.944GiB   20.77%              575MB / 774MB       0B / 0B             233
 73.05%              413.4MiB / 1.944GiB   20.77%              575MB / 774MB       0B / 0B             233
 74.34%              413.6MiB / 1.944GiB   20.78%              577MB / 777MB       0B / 0B             233
 74.34%              413.6MiB / 1.944GiB   20.78%              577MB / 777MB       0B / 0B             233
 71.82%              414MiB / 1.944GiB   20.80%              579MB / 780MB       0B / 0B             233
 71.82%              414MiB / 1.944GiB   20.80%              579MB / 780MB       0B / 0B             233
 76.75%              414.4MiB / 1.944GiB   20.82%              582MB / 783MB       0B / 0B             233
 76.75%              414.4MiB / 1.944GiB   20.82%              582MB / 783MB       0B / 0B             233
 93.47%              414.6MiB / 1.944GiB   20.83%              584MB / 786MB       0B / 0B             233
 93.47%              414.6MiB / 1.944GiB   20.83%              584MB / 786MB       0B / 0B             233
 82.12%              415MiB / 1.944GiB   20.85%              586MB / 788MB       0B / 0B             233
 82.12%              415MiB / 1.944GiB   20.85%              586MB / 788MB       0B / 0B             233
 66.51%              415.3MiB / 1.944GiB   20.86%              588MB / 791MB       0B / 0B             233
 66.51%              415.3MiB / 1.944GiB   20.86%              588MB / 791MB       0B / 0B             233
 76.79%              415.7MiB / 1.944GiB   20.88%              590MB / 794MB       0B / 0B             233
 76.79%              415.7MiB / 1.944GiB   20.88%              590MB / 794MB       0B / 0B             233
 74.79%              415.6MiB / 1.944GiB   20.88%              592MB / 797MB       0B / 0B             233
 74.79%              415.6MiB / 1.944GiB   20.88%              592MB / 797MB       0B / 0B             233
 71.06%              416.1MiB / 1.944GiB   20.91%              594MB / 800MB       0B / 0B             233
 71.06%              416.1MiB / 1.944GiB   20.91%              594MB / 800MB       0B / 0B             233
 73.18%              416.7MiB / 1.944GiB   20.93%              596MB / 802MB       0B / 0B             233
 73.18%              416.7MiB / 1.944GiB   20.93%              596MB / 802MB       0B / 0B             233
 69.76%              416.8MiB / 1.944GiB   20.94%              598MB / 805MB       0B / 0B             233
 69.76%              416.8MiB / 1.944GiB   20.94%              598MB / 805MB       0B / 0B             233
 80.05%              417.1MiB / 1.944GiB   20.96%              600MB / 808MB       0B / 0B             233
 80.05%              417.1MiB / 1.944GiB   20.96%              600MB / 808MB       0B / 0B             233
 81.14%              417.2MiB / 1.944GiB   20.96%              602MB / 811MB       0B / 0B             233
 81.14%              417.2MiB / 1.944GiB   20.96%              602MB / 811MB       0B / 0B             233
 73.09%              417.4MiB / 1.944GiB   20.97%              604MB / 814MB       0B / 0B             233
 73.09%              417.4MiB / 1.944GiB   20.97%              604MB / 814MB       0B / 0B             233
 74.33%              417.9MiB / 1.944GiB   21.00%              607MB / 817MB       0B / 0B             233
 74.33%              417.9MiB / 1.944GiB   21.00%              607MB / 817MB       0B / 0B             233
 72.32%              418.3MiB / 1.944GiB   21.02%              609MB / 820MB       0B / 0B             233
 72.32%              418.3MiB / 1.944GiB   21.02%              609MB / 820MB       0B / 0B             233
 71.35%              418.6MiB / 1.944GiB   21.03%              611MB / 823MB       0B / 0B             233
 71.35%              418.6MiB / 1.944GiB   21.03%              611MB / 823MB       0B / 0B             233
 73.32%              418.5MiB / 1.944GiB   21.02%              613MB / 825MB       0B / 0B             233
 73.32%              418.5MiB / 1.944GiB   21.02%              613MB / 825MB       0B / 0B             233
 80.58%              418.9MiB / 1.944GiB   21.05%              615MB / 828MB       0B / 0B             233
 80.58%              418.9MiB / 1.944GiB   21.05%              615MB / 828MB       0B / 0B             233
 78.59%              419.6MiB / 1.944GiB   21.08%              617MB / 831MB       0B / 0B             233
 78.59%              419.6MiB / 1.944GiB   21.08%              617MB / 831MB       0B / 0B             233
 73.85%              420MiB / 1.944GiB   21.10%              619MB / 834MB       0B / 0B             233
 73.85%              420MiB / 1.944GiB   21.10%              619MB / 834MB       0B / 0B             233
 71.87%              420.2MiB / 1.944GiB   21.11%              621MB / 837MB       0B / 0B             233
 71.87%              420.2MiB / 1.944GiB   21.11%              621MB / 837MB       0B / 0B             233
 82.29%              420.6MiB / 1.944GiB   21.13%              623MB / 840MB       0B / 0B             233
 82.29%              420.6MiB / 1.944GiB   21.13%              623MB / 840MB       0B / 0B             233
 67.60%              420.8MiB / 1.944GiB   21.14%              626MB / 842MB       0B / 0B             233
 67.60%              420.8MiB / 1.944GiB   21.14%              626MB / 842MB       0B / 0B             233
 75.97%              421MiB / 1.944GiB   21.15%              628MB / 845MB       0B / 0B             233
 75.97%              421MiB / 1.944GiB   21.15%              628MB / 845MB       0B / 0B             233
 80.09%              421.2MiB / 1.944GiB   21.16%              630MB / 848MB       0B / 0B             233
 80.09%              421.2MiB / 1.944GiB   21.16%              630MB / 848MB       0B / 0B             233
 70.03%              421.7MiB / 1.944GiB   21.19%              632MB / 851MB       0B / 0B             233
 70.03%              421.7MiB / 1.944GiB   21.19%              632MB / 851MB       0B / 0B             233
 78.66%              422.1MiB / 1.944GiB   21.20%              634MB / 854MB       0B / 0B             233
 78.66%              422.1MiB / 1.944GiB   21.20%              634MB / 854MB       0B / 0B             233
 72.86%              422.2MiB / 1.944GiB   21.21%              636MB / 857MB       0B / 0B             233
 72.86%              422.2MiB / 1.944GiB   21.21%              636MB / 857MB       0B / 0B             233
 74.76%              422.6MiB / 1.944GiB   21.23%              639MB / 860MB       0B / 0B             233
 74.76%              422.6MiB / 1.944GiB   21.23%              639MB / 860MB       0B / 0B             233
 68.28%              423MiB / 1.944GiB   21.25%              641MB / 863MB       0B / 0B             233
 68.28%              423MiB / 1.944GiB   21.25%              641MB / 863MB       0B / 0B             233
 76.82%              423.5MiB / 1.944GiB   21.28%              643MB / 866MB       0B / 0B             233
 76.82%              423.5MiB / 1.944GiB   21.28%              643MB / 866MB       0B / 0B             233
 66.74%              423.5MiB / 1.944GiB   21.28%              645MB / 869MB       0B / 0B             233
 66.74%              423.5MiB / 1.944GiB   21.28%              645MB / 869MB       0B / 0B             233
 74.18%              423.9MiB / 1.944GiB   21.30%              647MB / 872MB       0B / 0B             233
 74.18%              423.9MiB / 1.944GiB   21.30%              647MB / 872MB       0B / 0B             233
 68.30%              424.2MiB / 1.944GiB   21.31%              649MB / 875MB       0B / 0B             233
 68.30%              424.2MiB / 1.944GiB   21.31%              649MB / 875MB       0B / 0B             233
 74.32%              424.4MiB / 1.944GiB   21.32%              651MB / 877MB       0B / 0B             233
 74.32%              424.4MiB / 1.944GiB   21.32%              651MB / 877MB       0B / 0B             233
 74.27%              424.6MiB / 1.944GiB   21.33%              653MB / 880MB       0B / 0B             233
 74.27%              424.6MiB / 1.944GiB   21.33%              653MB / 880MB       0B / 0B             233
 71.38%              425MiB / 1.944GiB   21.35%              655MB / 883MB       0B / 0B             233
 71.38%              425MiB / 1.944GiB   21.35%              655MB / 883MB       0B / 0B             233
 75.13%              425.7MiB / 1.944GiB   21.39%              658MB / 886MB       0B / 0B             233
 75.13%              425.7MiB / 1.944GiB   21.39%              658MB / 886MB       0B / 0B             233
 77.89%              425.8MiB / 1.944GiB   21.39%              660MB / 889MB       0B / 0B             233
 77.89%              425.8MiB / 1.944GiB   21.39%              660MB / 889MB       0B / 0B             233
 72.32%              425.9MiB / 1.944GiB   21.40%              662MB / 892MB       0B / 0B             233
 72.32%              425.9MiB / 1.944GiB   21.40%              662MB / 892MB       0B / 0B             233
 74.34%              426.3MiB / 1.944GiB   21.42%              664MB / 895MB       0B / 0B             233
 74.34%              426.3MiB / 1.944GiB   21.42%              664MB / 895MB       0B / 0B             233
 70.35%              426.7MiB / 1.944GiB   21.44%              666MB / 898MB       0B / 0B             233
 70.35%              426.7MiB / 1.944GiB   21.44%              666MB / 898MB       0B / 0B             233
 79.17%              427MiB / 1.944GiB   21.45%              668MB / 901MB       0B / 0B             233
 79.17%              427MiB / 1.944GiB   21.45%              668MB / 901MB       0B / 0B             233
 78.43%              427.4MiB / 1.944GiB   21.47%              670MB / 904MB       0B / 0B             233
 78.43%              427.4MiB / 1.944GiB   21.47%              670MB / 904MB       0B / 0B             233
 65.31%              427.8MiB / 1.944GiB   21.49%              673MB / 906MB       0B / 0B             233
 65.31%              427.8MiB / 1.944GiB   21.49%              673MB / 906MB       0B / 0B             233
 72.76%              427.8MiB / 1.944GiB   21.49%              675MB / 909MB       0B / 0B             233
 72.76%              427.8MiB / 1.944GiB   21.49%              675MB / 909MB       0B / 0B             233
 82.17%              428.3MiB / 1.944GiB   21.52%              677MB / 913MB       0B / 0B             233
 82.17%              428.3MiB / 1.944GiB   21.52%              677MB / 913MB       0B / 0B             233
 72.44%              428.6MiB / 1.944GiB   21.53%              679MB / 916MB       0B / 0B             233
 72.44%              428.6MiB / 1.944GiB   21.53%              679MB / 916MB       0B / 0B             233
 74.94%              429MiB / 1.944GiB   21.56%              681MB / 918MB       0B / 0B             233
 74.94%              429MiB / 1.944GiB   21.56%              681MB / 918MB       0B / 0B             233
 68.30%              429.2MiB / 1.944GiB   21.56%              683MB / 921MB       0B / 0B             233
 68.30%              429.2MiB / 1.944GiB   21.56%              683MB / 921MB       0B / 0B             233
 80.49%              429.5MiB / 1.944GiB   21.58%              685MB / 924MB       0B / 0B             233
 80.49%              429.5MiB / 1.944GiB   21.58%              685MB / 924MB       0B / 0B             233
 71.92%              429.7MiB / 1.944GiB   21.59%              687MB / 927MB       0B / 0B             233
 71.92%              429.7MiB / 1.944GiB   21.59%              687MB / 927MB       0B / 0B             233
 69.97%              430MiB / 1.944GiB   21.60%              689MB / 929MB       0B / 0B             233
 69.97%              430MiB / 1.944GiB   21.60%              689MB / 929MB       0B / 0B             233
 86.43%              430.4MiB / 1.944GiB   21.62%              692MB / 932MB       0B / 0B             233
 86.43%              430.4MiB / 1.944GiB   21.62%              692MB / 932MB       0B / 0B             233
 74.30%              430.5MiB / 1.944GiB   21.63%              694MB / 935MB       0B / 0B             233
 74.30%              430.5MiB / 1.944GiB   21.63%              694MB / 935MB       0B / 0B             233
 72.14%              430.6MiB / 1.944GiB   21.63%              696MB / 938MB       0B / 0B             233
 72.14%              430.6MiB / 1.944GiB   21.63%              696MB / 938MB       0B / 0B             233
 73.43%              431MiB / 1.944GiB   21.65%              698MB / 941MB       0B / 0B             233
 73.43%              431MiB / 1.944GiB   21.65%              698MB / 941MB       0B / 0B             233
 73.24%              431.5MiB / 1.944GiB   21.68%              700MB / 944MB       0B / 0B             233
 73.24%              431.5MiB / 1.944GiB   21.68%              700MB / 944MB       0B / 0B             233
 78.73%              431.5MiB / 1.944GiB   21.68%              702MB / 947MB       0B / 0B             233
 78.73%              431.5MiB / 1.944GiB   21.68%              702MB / 947MB       0B / 0B             233
 56.20%              432.1MiB / 1.944GiB   21.71%              704MB / 949MB       0B / 0B             233
 56.20%              432.1MiB / 1.944GiB   21.71%              704MB / 949MB       0B / 0B             233
 74.90%              432.6MiB / 1.944GiB   21.73%              706MB / 952MB       0B / 0B             233
 74.90%              432.6MiB / 1.944GiB   21.73%              706MB / 952MB       0B / 0B             233
 76.27%              432.8MiB / 1.944GiB   21.74%              708MB / 955MB       0B / 0B             233
 76.27%              432.8MiB / 1.944GiB   21.74%              708MB / 955MB       0B / 0B             233
 69.09%              433.2MiB / 1.944GiB   21.77%              710MB / 958MB       0B / 0B             233
 69.09%              433.2MiB / 1.944GiB   21.77%              710MB / 958MB       0B / 0B             233
 78.59%              433.5MiB / 1.944GiB   21.78%              712MB / 961MB       0B / 0B             233
 78.59%              433.5MiB / 1.944GiB   21.78%              712MB / 961MB       0B / 0B             233
 77.89%              433.6MiB / 1.944GiB   21.78%              714MB / 964MB       0B / 0B             233
 77.89%              433.6MiB / 1.944GiB   21.78%              714MB / 964MB       0B / 0B             233
 80.91%              434MiB / 1.944GiB   21.80%              717MB / 967MB       0B / 0B             233
 80.91%              434MiB / 1.944GiB   21.80%              717MB / 967MB       0B / 0B             233
 80.93%              434.3MiB / 1.944GiB   21.82%              719MB / 970MB       0B / 0B             233
 80.93%              434.3MiB / 1.944GiB   21.82%              719MB / 970MB       0B / 0B             233
 68.85%              434.3MiB / 1.944GiB   21.82%              721MB / 973MB       0B / 0B             233
 68.85%              434.3MiB / 1.944GiB   21.82%              721MB / 973MB       0B / 0B             233
 81.09%              435MiB / 1.944GiB   21.85%              723MB / 976MB       0B / 0B             233
 81.09%              435MiB / 1.944GiB   21.85%              723MB / 976MB       0B / 0B             233
 66.20%              435.1MiB / 1.944GiB   21.86%              725MB / 978MB       0B / 0B             233
 66.20%              435.1MiB / 1.944GiB   21.86%              725MB / 978MB       0B / 0B             233
 67.87%              435.3MiB / 1.944GiB   21.87%              727MB / 981MB       0B / 0B             233
 67.87%              435.3MiB / 1.944GiB   21.87%              727MB / 981MB       0B / 0B             233
 85.93%              435.7MiB / 1.944GiB   21.89%              730MB / 984MB       0B / 0B             233
 85.93%              435.7MiB / 1.944GiB   21.89%              730MB / 984MB       0B / 0B             233
 78.89%              435.7MiB / 1.944GiB   21.89%              732MB / 988MB       0B / 0B             233
 78.89%              435.7MiB / 1.944GiB   21.89%              732MB / 988MB       0B / 0B             233
 79.93%              436.1MiB / 1.944GiB   21.91%              734MB / 990MB       0B / 0B             233
 79.93%              436.1MiB / 1.944GiB   21.91%              734MB / 990MB       0B / 0B             233
 88.52%              436.7MiB / 1.944GiB   21.94%              736MB / 993MB       0B / 0B             233
 88.52%              436.7MiB / 1.944GiB   21.94%              736MB / 993MB       0B / 0B             233
 74.15%              437.2MiB / 1.944GiB   21.96%              738MB / 996MB       0B / 0B             233
 74.15%              437.2MiB / 1.944GiB   21.96%              738MB / 996MB       0B / 0B             233
 79.30%              437.4MiB / 1.944GiB   21.98%              740MB / 999MB       0B / 0B             233
 79.30%              437.4MiB / 1.944GiB   21.98%              740MB / 999MB       0B / 0B             233
 79.92%              437.8MiB / 1.944GiB   22.00%              742MB / 1GB         0B / 0B             233
 79.92%              437.8MiB / 1.944GiB   22.00%              742MB / 1GB         0B / 0B             233
 85.01%              438MiB / 1.944GiB   22.01%              744MB / 1GB         0B / 0B             233
