CPU %               MEM USAGE / LIMIT     MEM %               NET I/O             BLOCK I/O           PIDS
0.00%               24.59MiB / 1.944GiB   1.24%               1.05kB / 0B         0B / 0B             19
0.00%               24.59MiB / 1.944GiB   1.24%               1.05kB / 0B         0B / 0B             19
0.00%               24.59MiB / 1.944GiB   1.24%               1.05kB / 0B         0B / 0B             19
0.00%               24.59MiB / 1.944GiB   1.24%               1.05kB / 0B         0B / 0B             19
0.00%               24.59MiB / 1.944GiB   1.24%               1.05kB / 0B         0B / 0B             19
0.00%               24.59MiB / 1.944GiB   1.24%               1.05kB / 0B         0B / 0B             19
0.00%               24.59MiB / 1.944GiB   1.24%               1.05kB / 0B         0B / 0B             19
0.00%               24.59MiB / 1.944GiB   1.24%               1.05kB / 0B         0B / 0B             19
0.00%               24.59MiB / 1.944GiB   1.24%               1.05kB / 0B         0B / 0B             19
0.00%               24.59MiB / 1.944GiB   1.24%               1.05kB / 0B         0B / 0B             19
37.78%              37.29MiB / 1.944GiB   1.87%               1.44MB / 328kB      0B / 0B             23
37.78%              37.29MiB / 1.944GiB   1.87%               1.44MB / 328kB      0B / 0B             23
60.67%              49.34MiB / 1.944GiB   2.48%               2.76MB / 2.12MB     0B / 0B             23
60.67%              49.34MiB / 1.944GiB   2.48%               2.76MB / 2.12MB     0B / 0B             23
65.97%              50.86MiB / 1.944GiB   2.56%               4.87MB / 3.73MB     0B / 0B             23
65.97%              50.86MiB / 1.944GiB   2.56%               4.87MB / 3.73MB     0B / 0B             23
60.44%              53.71MiB / 1.944GiB   2.70%               6.86MB / 5.24MB     0B / 0B             23
60.44%              53.71MiB / 1.944GiB   2.70%               6.86MB / 5.24MB     0B / 0B             23
60.96%              52.62MiB / 1.944GiB   2.64%               8.81MB / 6.75MB     0B / 0B             23
60.96%              52.62MiB / 1.944GiB   2.64%               8.81MB / 6.75MB     0B / 0B             23
61.30%              53.03MiB / 1.944GiB   2.66%               10.9MB / 8.32MB     0B / 0B             23
61.30%              53.03MiB / 1.944GiB   2.66%               10.9MB / 8.32MB     0B / 0B             23
57.70%              53.42MiB / 1.944GiB   2.68%               13MB / 9.93MB       0B / 0B             23
57.70%              53.42MiB / 1.944GiB   2.68%               13MB / 9.93MB       0B / 0B             23
60.50%              54.07MiB / 1.944GiB   2.72%               15.1MB / 11.6MB     0B / 0B             23
60.50%              54.07MiB / 1.944GiB   2.72%               15.1MB / 11.6MB     0B / 0B             23
52.62%              54.93MiB / 1.944GiB   2.76%               17.2MB / 12.9MB     0B / 0B             23
52.62%              54.93MiB / 1.944GiB   2.76%               17.2MB / 12.9MB     0B / 0B             23
58.39%              53.92MiB / 1.944GiB   2.71%               19.2MB / 14.7MB     0B / 0B             23
58.39%              53.92MiB / 1.944GiB   2.71%               19.2MB / 14.7MB     0B / 0B             23
57.73%              53.66MiB / 1.944GiB   2.70%               21.3MB / 16.3MB     0B / 0B             23
57.73%              53.66MiB / 1.944GiB   2.70%               21.3MB / 16.3MB     0B / 0B             23
52.39%              55.04MiB / 1.944GiB   2.77%               23.2MB / 17.8MB     0B / 0B             23
52.39%              55.04MiB / 1.944GiB   2.77%               23.2MB / 17.8MB     0B / 0B             23
51.83%              55.39MiB / 1.944GiB   2.78%               25.2MB / 19.3MB     0B / 0B             23
51.83%              55.39MiB / 1.944GiB   2.78%               25.2MB / 19.3MB     0B / 0B             23
59.57%              56.36MiB / 1.944GiB   2.83%               27.5MB / 21MB       0B / 0B             23
59.57%              56.36MiB / 1.944GiB   2.83%               27.5MB / 21MB       0B / 0B             23
52.17%              56.73MiB / 1.944GiB   2.85%               29.4MB / 22.5MB     0B / 0B             23
52.17%              56.73MiB / 1.944GiB   2.85%               29.4MB / 22.5MB     0B / 0B             23
57.81%              56.95MiB / 1.944GiB   2.86%               31.5MB / 24.1MB     0B / 0B             23
57.81%              56.95MiB / 1.944GiB   2.86%               31.5MB / 24.1MB     0B / 0B             23
54.39%              56.59MiB / 1.944GiB   2.84%               33.7MB / 25.8MB     0B / 0B             23
54.39%              56.59MiB / 1.944GiB   2.84%               33.7MB / 25.8MB     0B / 0B             23
55.40%              56.56MiB / 1.944GiB   2.84%               35.7MB / 27.3MB     0B / 0B             23
55.40%              56.56MiB / 1.944GiB   2.84%               35.7MB / 27.3MB     0B / 0B             23
55.60%              57.66MiB / 1.944GiB   2.90%               37.8MB / 28.9MB     0B / 0B             23
55.60%              57.66MiB / 1.944GiB   2.90%               37.8MB / 28.9MB     0B / 0B             23
56.34%              57.09MiB / 1.944GiB   2.87%               39.7MB / 30.4MB     0B / 0B             23
56.34%              57.09MiB / 1.944GiB   2.87%               39.7MB / 30.4MB     0B / 0B             23
56.43%              57.5MiB / 1.944GiB   2.89%               41.8MB / 32MB       0B / 0B             23
56.43%              57.5MiB / 1.944GiB   2.89%               41.8MB / 32MB       0B / 0B             23
49.76%              58.09MiB / 1.944GiB   2.92%               43.8MB / 33.5MB     0B / 0B             23
49.76%              58.09MiB / 1.944GiB   2.92%               43.8MB / 33.5MB     0B / 0B             23
56.46%              57.62MiB / 1.944GiB   2.90%               45.9MB / 35.1MB     0B / 0B             23
56.46%              57.62MiB / 1.944GiB   2.90%               45.9MB / 35.1MB     0B / 0B             23
60.95%              58.13MiB / 1.944GiB   2.92%               47.9MB / 36.6MB     0B / 0B             23
60.95%              58.13MiB / 1.944GiB   2.92%               47.9MB / 36.6MB     0B / 0B             23
52.43%              58.32MiB / 1.944GiB   2.93%               49.9MB / 38.2MB     0B / 0B             23
52.43%              58.32MiB / 1.944GiB   2.93%               49.9MB / 38.2MB     0B / 0B             23
50.62%              58.36MiB / 1.944GiB   2.93%               51.9MB / 39.8MB     0B / 0B             23
50.62%              58.36MiB / 1.944GiB   2.93%               51.9MB / 39.8MB     0B / 0B             23
51.02%              58.75MiB / 1.944GiB   2.95%               53.9MB / 41.3MB     0B / 0B             23
51.02%              58.75MiB / 1.944GiB   2.95%               53.9MB / 41.3MB     0B / 0B             23
53.00%              58.79MiB / 1.944GiB   2.95%               56.1MB / 42.9MB     0B / 0B             23
53.00%              58.79MiB / 1.944GiB   2.95%               56.1MB / 42.9MB     0B / 0B             23
48.89%              59.52MiB / 1.944GiB   2.99%               58.1MB / 44.5MB     0B / 0B             23
48.89%              59.52MiB / 1.944GiB   2.99%               58.1MB / 44.5MB     0B / 0B             23
56.69%              59.61MiB / 1.944GiB   3.00%               60.2MB / 46.1MB     0B / 0B             23
56.69%              59.61MiB / 1.944GiB   3.00%               60.2MB / 46.1MB     0B / 0B             23
51.23%              59.9MiB / 1.944GiB   3.01%               62.2MB / 47.6MB     0B / 0B             23
51.23%              59.9MiB / 1.944GiB   3.01%               62.2MB / 47.6MB     0B / 0B             23
52.00%              59.81MiB / 1.944GiB   3.00%               64.2MB / 49.2MB     0B / 0B             23
52.00%              59.81MiB / 1.944GiB   3.00%               64.2MB / 49.2MB     0B / 0B             23
59.03%              60.51MiB / 1.944GiB   3.04%               66.4MB / 50.8MB     0B / 0B             23
59.03%              60.51MiB / 1.944GiB   3.04%               66.4MB / 50.8MB     0B / 0B             23
50.89%              60.2MiB / 1.944GiB   3.02%               68.3MB / 52.3MB     0B / 0B             23
50.89%              60.2MiB / 1.944GiB   3.02%               68.3MB / 52.3MB     0B / 0B             23
53.93%              60.38MiB / 1.944GiB   3.03%               70.5MB / 54MB       0B / 0B             23
53.93%              60.38MiB / 1.944GiB   3.03%               70.5MB / 54MB       0B / 0B             23
52.30%              60.77MiB / 1.944GiB   3.05%               72.5MB / 55.5MB     0B / 0B             23
52.30%              60.77MiB / 1.944GiB   3.05%               72.5MB / 55.5MB     0B / 0B             23
53.47%              61.13MiB / 1.944GiB   3.07%               74.5MB / 57.1MB     0B / 0B             23
53.47%              61.13MiB / 1.944GiB   3.07%               74.5MB / 57.1MB     0B / 0B             23
56.10%              61.07MiB / 1.944GiB   3.07%               76.6MB / 58.7MB     0B / 0B             23
56.10%              61.07MiB / 1.944GiB   3.07%               76.6MB / 58.7MB     0B / 0B             23
50.82%              61.19MiB / 1.944GiB   3.07%               78.5MB / 60.1MB     0B / 0B             23
50.82%              61.19MiB / 1.944GiB   3.07%               78.5MB / 60.1MB     0B / 0B             23
51.83%              61.1MiB / 1.944GiB   3.07%               80.6MB / 61.7MB     0B / 0B             23
51.83%              61.1MiB / 1.944GiB   3.07%               80.6MB / 61.7MB     0B / 0B             23
51.99%              61.29MiB / 1.944GiB   3.08%               82.7MB / 63.3MB     0B / 0B             23
51.99%              61.29MiB / 1.944GiB   3.08%               82.7MB / 63.3MB     0B / 0B             23
53.96%              61.42MiB / 1.944GiB   3.09%               84.8MB / 64.9MB     0B / 0B             23
53.96%              61.42MiB / 1.944GiB   3.09%               84.8MB / 64.9MB     0B / 0B             23
49.04%              62.14MiB / 1.944GiB   3.12%               86.8MB / 66.5MB     0B / 0B             23
49.04%              62.14MiB / 1.944GiB   3.12%               86.8MB / 66.5MB     0B / 0B             23
53.93%              61.94MiB / 1.944GiB   3.11%               88.9MB / 68.1MB     0B / 0B             23
53.93%              61.94MiB / 1.944GiB   3.11%               88.9MB / 68.1MB     0B / 0B             23
51.05%              62.46MiB / 1.944GiB   3.14%               90.9MB / 69.6MB     0B / 0B             23
51.05%              62.46MiB / 1.944GiB   3.14%               90.9MB / 69.6MB     0B / 0B             23
51.57%              63.43MiB / 1.944GiB   3.19%               93.1MB / 71.3MB     0B / 0B             23
51.57%              63.43MiB / 1.944GiB   3.19%               93.1MB / 71.3MB     0B / 0B             23
50.36%              64.31MiB / 1.944GiB   3.23%               95MB / 72.8MB       0B / 0B             23
50.36%              64.31MiB / 1.944GiB   3.23%               95MB / 72.8MB       0B / 0B             23
48.73%              64.19MiB / 1.944GiB   3.22%               97MB / 74.3MB       0B / 0B             23
48.73%              64.19MiB / 1.944GiB   3.22%               97MB / 74.3MB       0B / 0B             23
48.76%              62.39MiB / 1.944GiB   3.13%               99.1MB / 75.8MB     0B / 0B             23
48.76%              62.39MiB / 1.944GiB   3.13%               99.1MB / 75.8MB     0B / 0B             23
52.77%              62.98MiB / 1.944GiB   3.16%               101MB / 77.5MB      0B / 0B             23
52.77%              62.98MiB / 1.944GiB   3.16%               101MB / 77.5MB      0B / 0B             23
53.96%              63.07MiB / 1.944GiB   3.17%               103MB / 79.1MB      0B / 0B             23
53.96%              63.07MiB / 1.944GiB   3.17%               103MB / 79.1MB      0B / 0B             23
50.38%              63.21MiB / 1.944GiB   3.18%               105MB / 80.6MB      0B / 0B             23
50.38%              63.21MiB / 1.944GiB   3.18%               105MB / 80.6MB      0B / 0B             23
49.48%              63.84MiB / 1.944GiB   3.21%               107MB / 82.1MB      0B / 0B             23
49.48%              63.84MiB / 1.944GiB   3.21%               107MB / 82.1MB      0B / 0B             23
56.10%              63.77MiB / 1.944GiB   3.20%               109MB / 83.8MB      0B / 0B             23
56.10%              63.77MiB / 1.944GiB   3.20%               109MB / 83.8MB      0B / 0B             23
50.93%              63.8MiB / 1.944GiB   3.21%               111MB / 85.3MB      0B / 0B             23
50.93%              63.8MiB / 1.944GiB   3.21%               111MB / 85.3MB      0B / 0B             23
50.57%              63.97MiB / 1.944GiB   3.21%               113MB / 86.9MB      0B / 0B             23
50.57%              63.97MiB / 1.944GiB   3.21%               113MB / 86.9MB      0B / 0B             23
54.98%              64.72MiB / 1.944GiB   3.25%               116MB / 88.4MB      0B / 0B             23
54.98%              64.72MiB / 1.944GiB   3.25%               116MB / 88.4MB      0B / 0B             23
55.48%              64.94MiB / 1.944GiB   3.26%               118MB / 90MB        0B / 0B             23
55.48%              64.94MiB / 1.944GiB   3.26%               118MB / 90MB        0B / 0B             23
50.00%              64.43MiB / 1.944GiB   3.24%               120MB / 91.6MB      0B / 0B             23
50.00%              64.43MiB / 1.944GiB   3.24%               120MB / 91.6MB      0B / 0B             23
48.13%              64.55MiB / 1.944GiB   3.24%               122MB / 93.1MB      0B / 0B             23
48.13%              64.55MiB / 1.944GiB   3.24%               122MB / 93.1MB      0B / 0B             23
55.91%              65.07MiB / 1.944GiB   3.27%               124MB / 94.7MB      0B / 0B             23
55.91%              65.07MiB / 1.944GiB   3.27%               124MB / 94.7MB      0B / 0B             23
47.61%              65.08MiB / 1.944GiB   3.27%               126MB / 96.3MB      0B / 0B             23
47.61%              65.08MiB / 1.944GiB   3.27%               126MB / 96.3MB      0B / 0B             23
53.72%              65.76MiB / 1.944GiB   3.30%               128MB / 97.9MB      0B / 0B             23
53.72%              65.76MiB / 1.944GiB   3.30%               128MB / 97.9MB      0B / 0B             23
51.75%              65.82MiB / 1.944GiB   3.31%               130MB / 99.4MB      0B / 0B             23
51.75%              65.82MiB / 1.944GiB   3.31%               130MB / 99.4MB      0B / 0B             23
54.71%              65.43MiB / 1.944GiB   3.29%               132MB / 101MB       0B / 0B             23
54.71%              65.43MiB / 1.944GiB   3.29%               132MB / 101MB       0B / 0B             23
52.37%              65.33MiB / 1.944GiB   3.28%               134MB / 103MB       0B / 0B             23
52.37%              65.33MiB / 1.944GiB   3.28%               134MB / 103MB       0B / 0B             23
54.44%              65.71MiB / 1.944GiB   3.30%               136MB / 104MB       0B / 0B             23
54.44%              65.71MiB / 1.944GiB   3.30%               136MB / 104MB       0B / 0B             23
50.80%              66.28MiB / 1.944GiB   3.33%               138MB / 106MB       0B / 0B             23
50.80%              66.28MiB / 1.944GiB   3.33%               138MB / 106MB       0B / 0B             23
53.46%              66.72MiB / 1.944GiB   3.35%               140MB / 107MB       0B / 0B             23
53.46%              66.72MiB / 1.944GiB   3.35%               140MB / 107MB       0B / 0B             23
52.27%              66.9MiB / 1.944GiB   3.36%               142MB / 109MB       0B / 0B             23
52.27%              66.9MiB / 1.944GiB   3.36%               142MB / 109MB       0B / 0B             23
48.02%              66.94MiB / 1.944GiB   3.36%               144MB / 110MB       0B / 0B             23
48.02%              66.94MiB / 1.944GiB   3.36%               144MB / 110MB       0B / 0B             23
54.83%              67.06MiB / 1.944GiB   3.37%               146MB / 112MB       0B / 0B             23
54.83%              67.06MiB / 1.944GiB   3.37%               146MB / 112MB       0B / 0B             23
50.81%              67.34MiB / 1.944GiB   3.38%               148MB / 114MB       0B / 0B             23
50.81%              67.34MiB / 1.944GiB   3.38%               148MB / 114MB       0B / 0B             23
55.21%              67.84MiB / 1.944GiB   3.41%               150MB / 115MB       0B / 0B             23
55.21%              67.84MiB / 1.944GiB   3.41%               150MB / 115MB       0B / 0B             23
56.71%              67.97MiB / 1.944GiB   3.41%               152MB / 117MB       0B / 0B             23
56.71%              67.97MiB / 1.944GiB   3.41%               152MB / 117MB       0B / 0B             23
52.74%              68.44MiB / 1.944GiB   3.44%               154MB / 118MB       0B / 0B             23
52.74%              68.44MiB / 1.944GiB   3.44%               154MB / 118MB       0B / 0B             23
48.74%              68.75MiB / 1.944GiB   3.45%               156MB / 120MB       0B / 0B             23
48.74%              68.75MiB / 1.944GiB   3.45%               156MB / 120MB       0B / 0B             23
53.98%              68.23MiB / 1.944GiB   3.43%               159MB / 121MB       0B / 0B             23
53.98%              68.23MiB / 1.944GiB   3.43%               159MB / 121MB       0B / 0B             23
50.33%              68.35MiB / 1.944GiB   3.43%               161MB / 123MB       0B / 0B             23
50.33%              68.35MiB / 1.944GiB   3.43%               161MB / 123MB       0B / 0B             23
50.50%              68.38MiB / 1.944GiB   3.44%               163MB / 125MB       0B / 0B             23
50.50%              68.38MiB / 1.944GiB   3.44%               163MB / 125MB       0B / 0B             23
49.80%              68.45MiB / 1.944GiB   3.44%               165MB / 126MB       0B / 0B             23
49.80%              68.45MiB / 1.944GiB   3.44%               165MB / 126MB       0B / 0B             23
52.52%              69.18MiB / 1.944GiB   3.48%               167MB / 128MB       0B / 0B             23
52.52%              69.18MiB / 1.944GiB   3.48%               167MB / 128MB       0B / 0B             23
53.91%              69.21MiB / 1.944GiB   3.48%               169MB / 129MB       0B / 0B             23
53.91%              69.21MiB / 1.944GiB   3.48%               169MB / 129MB       0B / 0B             23
53.96%              68.82MiB / 1.944GiB   3.46%               171MB / 131MB       0B / 0B             23
53.96%              68.82MiB / 1.944GiB   3.46%               171MB / 131MB       0B / 0B             23
49.41%              69.31MiB / 1.944GiB   3.48%               173MB / 132MB       0B / 0B             23
49.41%              69.31MiB / 1.944GiB   3.48%               173MB / 132MB       0B / 0B             23
54.69%              70.19MiB / 1.944GiB   3.53%               175MB / 134MB       0B / 0B             23
54.69%              70.19MiB / 1.944GiB   3.53%               175MB / 134MB       0B / 0B             23
48.67%              70.41MiB / 1.944GiB   3.54%               177MB / 136MB       0B / 0B             23
48.67%              70.41MiB / 1.944GiB   3.54%               177MB / 136MB       0B / 0B             23
56.34%              70.58MiB / 1.944GiB   3.55%               179MB / 137MB       0B / 0B             23
56.34%              70.58MiB / 1.944GiB   3.55%               179MB / 137MB       0B / 0B             23
51.74%              71.04MiB / 1.944GiB   3.57%               181MB / 139MB       0B / 0B             23
51.74%              71.04MiB / 1.944GiB   3.57%               181MB / 139MB       0B / 0B             23
51.29%              71.61MiB / 1.944GiB   3.60%               183MB / 140MB       0B / 0B             23
51.29%              71.61MiB / 1.944GiB   3.60%               183MB / 140MB       0B / 0B             23
53.10%              71.85MiB / 1.944GiB   3.61%               185MB / 142MB       0B / 0B             23
53.10%              71.85MiB / 1.944GiB   3.61%               185MB / 142MB       0B / 0B             23
50.20%              71.63MiB / 1.944GiB   3.60%               187MB / 143MB       0B / 0B             23
50.20%              71.63MiB / 1.944GiB   3.60%               187MB / 143MB       0B / 0B             23
55.03%              71.96MiB / 1.944GiB   3.62%               189MB / 145MB       0B / 0B             23
55.03%              71.96MiB / 1.944GiB   3.62%               189MB / 145MB       0B / 0B             23
51.88%              72.18MiB / 1.944GiB   3.63%               191MB / 147MB       0B / 0B             23
51.88%              72.18MiB / 1.944GiB   3.63%               191MB / 147MB       0B / 0B             23
48.59%              72.61MiB / 1.944GiB   3.65%               193MB / 148MB       0B / 0B             23
48.59%              72.61MiB / 1.944GiB   3.65%               193MB / 148MB       0B / 0B             23
53.69%              72.54MiB / 1.944GiB   3.64%               195MB / 150MB       0B / 0B             23
53.69%              72.54MiB / 1.944GiB   3.64%               195MB / 150MB       0B / 0B             23
45.53%              72.91MiB / 1.944GiB   3.66%               198MB / 151MB       0B / 0B             23
45.53%              72.91MiB / 1.944GiB   3.66%               198MB / 151MB       0B / 0B             23
48.89%              72.99MiB / 1.944GiB   3.67%               199MB / 153MB       0B / 0B             23
48.89%              72.99MiB / 1.944GiB   3.67%               199MB / 153MB       0B / 0B             23
52.49%              73.51MiB / 1.944GiB   3.69%               202MB / 154MB       0B / 0B             23
52.49%              73.51MiB / 1.944GiB   3.69%               202MB / 154MB       0B / 0B             23
54.62%              73.08MiB / 1.944GiB   3.67%               204MB / 156MB       0B / 0B             23
54.62%              73.08MiB / 1.944GiB   3.67%               204MB / 156MB       0B / 0B             23
47.64%              73.43MiB / 1.944GiB   3.69%               206MB / 157MB       0B / 0B             23
47.64%              73.43MiB / 1.944GiB   3.69%               206MB / 157MB       0B / 0B             23
53.47%              73.68MiB / 1.944GiB   3.70%               208MB / 159MB       0B / 0B             23
53.47%              73.68MiB / 1.944GiB   3.70%               208MB / 159MB       0B / 0B             23
54.40%              73.57MiB / 1.944GiB   3.70%               210MB / 161MB       0B / 0B             23
54.40%              73.57MiB / 1.944GiB   3.70%               210MB / 161MB       0B / 0B             23
54.35%              73.93MiB / 1.944GiB   3.71%               212MB / 162MB       0B / 0B             23
54.35%              73.93MiB / 1.944GiB   3.71%               212MB / 162MB       0B / 0B             23
50.68%              74.3MiB / 1.944GiB   3.73%               214MB / 164MB       0B / 0B             23
50.68%              74.3MiB / 1.944GiB   3.73%               214MB / 164MB       0B / 0B             23
47.28%              74.53MiB / 1.944GiB   3.74%               216MB / 165MB       0B / 0B             23
47.28%              74.53MiB / 1.944GiB   3.74%               216MB / 165MB       0B / 0B             23
51.07%              74.61MiB / 1.944GiB   3.75%               218MB / 167MB       0B / 0B             23
51.07%              74.61MiB / 1.944GiB   3.75%               218MB / 167MB       0B / 0B             23
53.20%              74.95MiB / 1.944GiB   3.77%               220MB / 168MB       0B / 0B             23
53.20%              74.95MiB / 1.944GiB   3.77%               220MB / 168MB       0B / 0B             23
50.01%              75.48MiB / 1.944GiB   3.79%               222MB / 170MB       0B / 0B             23
50.01%              75.48MiB / 1.944GiB   3.79%               222MB / 170MB       0B / 0B             23
54.49%              75.49MiB / 1.944GiB   3.79%               224MB / 172MB       0B / 0B             23
54.49%              75.49MiB / 1.944GiB   3.79%               224MB / 172MB       0B / 0B             23
54.72%              75.23MiB / 1.944GiB   3.78%               226MB / 173MB       0B / 0B             23
54.72%              75.23MiB / 1.944GiB   3.78%               226MB / 173MB       0B / 0B             23
50.61%              75.45MiB / 1.944GiB   3.79%               228MB / 175MB       0B / 0B             23
50.61%              75.45MiB / 1.944GiB   3.79%               228MB / 175MB       0B / 0B             23
52.04%              75.61MiB / 1.944GiB   3.80%               230MB / 176MB       0B / 0B             23
52.04%              75.61MiB / 1.944GiB   3.80%               230MB / 176MB       0B / 0B             23
49.81%              75.76MiB / 1.944GiB   3.81%               232MB / 178MB       0B / 0B             23
49.81%              75.76MiB / 1.944GiB   3.81%               232MB / 178MB       0B / 0B             23
53.41%              75.73MiB / 1.944GiB   3.80%               234MB / 180MB       0B / 0B             23
53.41%              75.73MiB / 1.944GiB   3.80%               234MB / 180MB       0B / 0B             23
52.86%              76.18MiB / 1.944GiB   3.83%               236MB / 181MB       0B / 0B             23
52.86%              76.18MiB / 1.944GiB   3.83%               236MB / 181MB       0B / 0B             23
57.34%              76.74MiB / 1.944GiB   3.86%               238MB / 183MB       0B / 0B             23
57.34%              76.74MiB / 1.944GiB   3.86%               238MB / 183MB       0B / 0B             23
49.40%              77.46MiB / 1.944GiB   3.89%               240MB / 184MB       0B / 0B             23
49.40%              77.46MiB / 1.944GiB   3.89%               240MB / 184MB       0B / 0B             23
52.63%              76.83MiB / 1.944GiB   3.86%               243MB / 186MB       0B / 0B             23
52.63%              76.83MiB / 1.944GiB   3.86%               243MB / 186MB       0B / 0B             23
49.10%              77.42MiB / 1.944GiB   3.89%               245MB / 187MB       0B / 0B             23
49.10%              77.42MiB / 1.944GiB   3.89%               245MB / 187MB       0B / 0B             23
46.85%              77.63MiB / 1.944GiB   3.90%               247MB / 189MB       0B / 0B             23
46.85%              77.63MiB / 1.944GiB   3.90%               247MB / 189MB       0B / 0B             23
46.96%              77.18MiB / 1.944GiB   3.88%               249MB / 190MB       0B / 0B             23
46.96%              77.18MiB / 1.944GiB   3.88%               249MB / 190MB       0B / 0B             23
54.39%              77.77MiB / 1.944GiB   3.91%               251MB / 192MB       0B / 0B             23
54.39%              77.77MiB / 1.944GiB   3.91%               251MB / 192MB       0B / 0B             23
50.29%              77.48MiB / 1.944GiB   3.89%               253MB / 194MB       0B / 0B             23
50.29%              77.48MiB / 1.944GiB   3.89%               253MB / 194MB       0B / 0B             23
46.01%              78.02MiB / 1.944GiB   3.92%               255MB / 195MB       0B / 0B             23
46.01%              78.02MiB / 1.944GiB   3.92%               255MB / 195MB       0B / 0B             23
51.45%              77.83MiB / 1.944GiB   3.91%               257MB / 197MB       0B / 0B             23
51.45%              77.83MiB / 1.944GiB   3.91%               257MB / 197MB       0B / 0B             23
48.11%              78.55MiB / 1.944GiB   3.95%               259MB / 198MB       0B / 0B             23
48.11%              78.55MiB / 1.944GiB   3.95%               259MB / 198MB       0B / 0B             23
51.33%              79.03MiB / 1.944GiB   3.97%               261MB / 200MB       0B / 0B             23
51.33%              79.03MiB / 1.944GiB   3.97%               261MB / 200MB       0B / 0B             23
48.20%              78.78MiB / 1.944GiB   3.96%               263MB / 201MB       0B / 0B             23
48.20%              78.78MiB / 1.944GiB   3.96%               263MB / 201MB       0B / 0B             23
50.77%              79.28MiB / 1.944GiB   3.98%               265MB / 203MB       0B / 0B             23
50.77%              79.28MiB / 1.944GiB   3.98%               265MB / 203MB       0B / 0B             23
55.39%              79.54MiB / 1.944GiB   4.00%               267MB / 205MB       0B / 0B             23
55.39%              79.54MiB / 1.944GiB   4.00%               267MB / 205MB       0B / 0B             23
41.74%              79.87MiB / 1.944GiB   4.01%               269MB / 206MB       0B / 0B             23
41.74%              79.87MiB / 1.944GiB   4.01%               269MB / 206MB       0B / 0B             23
50.77%              79.95MiB / 1.944GiB   4.02%               271MB / 207MB       0B / 0B             23
50.77%              79.95MiB / 1.944GiB   4.02%               271MB / 207MB       0B / 0B             23
47.89%              79.91MiB / 1.944GiB   4.01%               273MB / 209MB       0B / 0B             23
47.89%              79.91MiB / 1.944GiB   4.01%               273MB / 209MB       0B / 0B             23
49.62%              80.56MiB / 1.944GiB   4.05%               275MB / 211MB       0B / 0B             23
49.62%              80.56MiB / 1.944GiB   4.05%               275MB / 211MB       0B / 0B             23
45.77%              80.75MiB / 1.944GiB   4.06%               277MB / 212MB       0B / 0B             23
45.77%              80.75MiB / 1.944GiB   4.06%               277MB / 212MB       0B / 0B             23
55.37%              81.07MiB / 1.944GiB   4.07%               279MB / 214MB       0B / 0B             23
55.37%              81.07MiB / 1.944GiB   4.07%               279MB / 214MB       0B / 0B             23
51.31%              80.95MiB / 1.944GiB   4.07%               281MB / 215MB       0B / 0B             23
51.31%              80.95MiB / 1.944GiB   4.07%               281MB / 215MB       0B / 0B             23
39.10%              81.23MiB / 1.944GiB   4.08%               283MB / 217MB       0B / 0B             23
39.10%              81.23MiB / 1.944GiB   4.08%               283MB / 217MB       0B / 0B             23
47.52%              80.96MiB / 1.944GiB   4.07%               285MB / 218MB       0B / 0B             23
47.52%              80.96MiB / 1.944GiB   4.07%               285MB / 218MB       0B / 0B             23
51.01%              81.64MiB / 1.944GiB   4.10%               287MB / 220MB       0B / 0B             23
51.01%              81.64MiB / 1.944GiB   4.10%               287MB / 220MB       0B / 0B             23
46.65%              81.85MiB / 1.944GiB   4.11%               289MB / 221MB       0B / 0B             23
46.65%              81.85MiB / 1.944GiB   4.11%               289MB / 221MB       0B / 0B             23
50.55%              82.96MiB / 1.944GiB   4.17%               291MB / 223MB       0B / 0B             23
50.55%              82.96MiB / 1.944GiB   4.17%               291MB / 223MB       0B / 0B             23
47.50%              83.36MiB / 1.944GiB   4.19%               293MB / 225MB       0B / 0B             23
47.50%              83.36MiB / 1.944GiB   4.19%               293MB / 225MB       0B / 0B             23
46.02%              82.98MiB / 1.944GiB   4.17%               295MB / 226MB       0B / 0B             23
46.02%              82.98MiB / 1.944GiB   4.17%               295MB / 226MB       0B / 0B             23
50.41%              83.32MiB / 1.944GiB   4.19%               297MB / 228MB       0B / 0B             23
50.41%              83.32MiB / 1.944GiB   4.19%               297MB / 228MB       0B / 0B             23
49.21%              83.34MiB / 1.944GiB   4.19%               300MB / 229MB       0B / 0B             23
49.21%              83.34MiB / 1.944GiB   4.19%               300MB / 229MB       0B / 0B             23
47.32%              83.67MiB / 1.944GiB   4.20%               302MB / 231MB       0B / 0B             23
47.32%              83.67MiB / 1.944GiB   4.20%               302MB / 231MB       0B / 0B             23
49.06%              84.01MiB / 1.944GiB   4.22%               304MB / 233MB       0B / 0B             23
49.06%              84.01MiB / 1.944GiB   4.22%               304MB / 233MB       0B / 0B             23
48.74%              84.12MiB / 1.944GiB   4.23%               306MB / 234MB       0B / 0B             23
48.74%              84.12MiB / 1.944GiB   4.23%               306MB / 234MB       0B / 0B             23
49.70%              84.03MiB / 1.944GiB   4.22%               308MB / 236MB       0B / 0B             23
49.70%              84.03MiB / 1.944GiB   4.22%               308MB / 236MB       0B / 0B             23
47.25%              83.74MiB / 1.944GiB   4.21%               310MB / 237MB       0B / 0B             23
47.25%              83.74MiB / 1.944GiB   4.21%               310MB / 237MB       0B / 0B             23
48.85%              83.89MiB / 1.944GiB   4.21%               312MB / 239MB       0B / 0B             23
48.85%              83.89MiB / 1.944GiB   4.21%               312MB / 239MB       0B / 0B             23
50.10%              84.05MiB / 1.944GiB   4.22%               314MB / 240MB       0B / 0B             23
50.10%              84.05MiB / 1.944GiB   4.22%               314MB / 240MB       0B / 0B             23
47.21%              83.93MiB / 1.944GiB   4.22%               316MB / 242MB       0B / 0B             23
47.21%              83.93MiB / 1.944GiB   4.22%               316MB / 242MB       0B / 0B             23
49.43%              84.12MiB / 1.944GiB   4.23%               318MB / 244MB       0B / 0B             23
49.43%              84.12MiB / 1.944GiB   4.23%               318MB / 244MB       0B / 0B             23
45.87%              83.71MiB / 1.944GiB   4.21%               320MB / 245MB       0B / 0B             23
45.87%              83.71MiB / 1.944GiB   4.21%               320MB / 245MB       0B / 0B             23
50.37%              85.62MiB / 1.944GiB   4.30%               322MB / 247MB       0B / 0B             23
50.37%              85.62MiB / 1.944GiB   4.30%               322MB / 247MB       0B / 0B             23
51.07%              85.11MiB / 1.944GiB   4.28%               324MB / 248MB       0B / 0B             23
51.07%              85.11MiB / 1.944GiB   4.28%               324MB / 248MB       0B / 0B             23
53.52%              84.98MiB / 1.944GiB   4.27%               326MB / 250MB       0B / 0B             23
53.52%              84.98MiB / 1.944GiB   4.27%               326MB / 250MB       0B / 0B             23
49.59%              84.91MiB / 1.944GiB   4.27%               328MB / 251MB       0B / 0B             23
49.59%              84.91MiB / 1.944GiB   4.27%               328MB / 251MB       0B / 0B             23
44.42%              85.52MiB / 1.944GiB   4.30%               330MB / 253MB       0B / 0B             23
44.42%              85.52MiB / 1.944GiB   4.30%               330MB / 253MB       0B / 0B             23
45.38%              85.21MiB / 1.944GiB   4.28%               332MB / 254MB       0B / 0B             23
45.38%              85.21MiB / 1.944GiB   4.28%               332MB / 254MB       0B / 0B             23
50.46%              85.71MiB / 1.944GiB   4.31%               334MB / 256MB       0B / 0B             23
50.46%              85.71MiB / 1.944GiB   4.31%               334MB / 256MB       0B / 0B             23
46.47%              85.82MiB / 1.944GiB   4.31%               336MB / 258MB       0B / 0B             23
46.47%              85.82MiB / 1.944GiB   4.31%               336MB / 258MB       0B / 0B             23
46.90%              85.99MiB / 1.944GiB   4.32%               338MB / 259MB       0B / 0B             23
46.90%              85.99MiB / 1.944GiB   4.32%               338MB / 259MB       0B / 0B             23
49.16%              86.12MiB / 1.944GiB   4.33%               340MB / 261MB       0B / 0B             23
49.16%              86.12MiB / 1.944GiB   4.33%               340MB / 261MB       0B / 0B             23
49.61%              86.52MiB / 1.944GiB   4.35%               343MB / 262MB       0B / 0B             23
49.61%              86.52MiB / 1.944GiB   4.35%               343MB / 262MB       0B / 0B             23
50.61%              86.94MiB / 1.944GiB   4.37%               345MB / 264MB       0B / 0B             23
50.61%              86.94MiB / 1.944GiB   4.37%               345MB / 264MB       0B / 0B             23
52.88%              86.86MiB / 1.944GiB   4.36%               347MB / 265MB       0B / 0B             23
52.88%              86.86MiB / 1.944GiB   4.36%               347MB / 265MB       0B / 0B             23
48.66%              87.98MiB / 1.944GiB   4.42%               349MB / 267MB       0B / 0B             23
48.66%              87.98MiB / 1.944GiB   4.42%               349MB / 267MB       0B / 0B             23
53.86%              88.01MiB / 1.944GiB   4.42%               351MB / 269MB       0B / 0B             23
53.86%              88.01MiB / 1.944GiB   4.42%               351MB / 269MB       0B / 0B             23
47.09%              87.61MiB / 1.944GiB   4.40%               353MB / 270MB       0B / 0B             23
47.09%              87.61MiB / 1.944GiB   4.40%               353MB / 270MB       0B / 0B             23
48.40%              88.09MiB / 1.944GiB   4.43%               355MB / 272MB       0B / 0B             23
48.40%              88.09MiB / 1.944GiB   4.43%               355MB / 272MB       0B / 0B             23
50.82%              88.49MiB / 1.944GiB   4.45%               357MB / 273MB       0B / 0B             23
50.82%              88.49MiB / 1.944GiB   4.45%               357MB / 273MB       0B / 0B             23
47.30%              88.76MiB / 1.944GiB   4.46%               359MB / 275MB       0B / 0B             23
47.30%              88.76MiB / 1.944GiB   4.46%               359MB / 275MB       0B / 0B             23
46.52%              89.1MiB / 1.944GiB   4.48%               361MB / 276MB       0B / 0B             23
46.52%              89.1MiB / 1.944GiB   4.48%               361MB / 276MB       0B / 0B             23
55.27%              88.94MiB / 1.944GiB   4.47%               363MB / 278MB       0B / 0B             23
55.27%              88.94MiB / 1.944GiB   4.47%               363MB / 278MB       0B / 0B             23
43.65%              88.91MiB / 1.944GiB   4.47%               365MB / 280MB       0B / 0B             23
43.65%              88.91MiB / 1.944GiB   4.47%               365MB / 280MB       0B / 0B             23
51.00%              89.28MiB / 1.944GiB   4.49%               367MB / 281MB       0B / 0B             23
51.00%              89.28MiB / 1.944GiB   4.49%               367MB / 281MB       0B / 0B             23
49.40%              89.62MiB / 1.944GiB   4.50%               369MB / 283MB       0B / 0B             23
49.40%              89.62MiB / 1.944GiB   4.50%               369MB / 283MB       0B / 0B             23
48.81%              88.86MiB / 1.944GiB   4.46%               371MB / 284MB       0B / 0B             23
48.81%              88.86MiB / 1.944GiB   4.46%               371MB / 284MB       0B / 0B             23
53.63%              89.1MiB / 1.944GiB   4.48%               373MB / 286MB       0B / 0B             23
53.63%              89.1MiB / 1.944GiB   4.48%               373MB / 286MB       0B / 0B             23
46.63%              89.54MiB / 1.944GiB   4.50%               375MB / 287MB       0B / 0B             23
46.63%              89.54MiB / 1.944GiB   4.50%               375MB / 287MB       0B / 0B             23
51.48%              89.87MiB / 1.944GiB   4.51%               377MB / 289MB       0B / 0B             23
51.48%              89.87MiB / 1.944GiB   4.51%               377MB / 289MB       0B / 0B             23
48.00%              89.85MiB / 1.944GiB   4.51%               379MB / 291MB       0B / 0B             23
48.00%              89.85MiB / 1.944GiB   4.51%               379MB / 291MB       0B / 0B             23
49.76%              90.34MiB / 1.944GiB   4.54%               382MB / 292MB       0B / 0B             23
49.76%              90.34MiB / 1.944GiB   4.54%               382MB / 292MB       0B / 0B             23
53.20%              90.41MiB / 1.944GiB   4.54%               384MB / 294MB       0B / 0B             23
53.20%              90.41MiB / 1.944GiB   4.54%               384MB / 294MB       0B / 0B             23
51.63%              90.36MiB / 1.944GiB   4.54%               386MB / 295MB       0B / 0B             23
51.63%              90.36MiB / 1.944GiB   4.54%               386MB / 295MB       0B / 0B             23
45.00%              90.66MiB / 1.944GiB   4.55%               388MB / 297MB       0B / 0B             23
45.00%              90.66MiB / 1.944GiB   4.55%               388MB / 297MB       0B / 0B             23
50.86%              91.18MiB / 1.944GiB   4.58%               390MB / 298MB       0B / 0B             23
50.86%              91.18MiB / 1.944GiB   4.58%               390MB / 298MB       0B / 0B             23
50.67%              91.4MiB / 1.944GiB   4.59%               392MB / 300MB       0B / 0B             23
50.67%              91.4MiB / 1.944GiB   4.59%               392MB / 300MB       0B / 0B             23
51.25%              91.52MiB / 1.944GiB   4.60%               394MB / 302MB       0B / 0B             23
51.25%              91.52MiB / 1.944GiB   4.60%               394MB / 302MB       0B / 0B             23
51.68%              91.79MiB / 1.944GiB   4.61%               396MB / 303MB       0B / 0B             23
51.68%              91.79MiB / 1.944GiB   4.61%               396MB / 303MB       0B / 0B             23
49.67%              91.85MiB / 1.944GiB   4.61%               398MB / 305MB       0B / 0B             23
49.67%              91.85MiB / 1.944GiB   4.61%               398MB / 305MB       0B / 0B             23
47.08%              91.98MiB / 1.944GiB   4.62%               400MB / 306MB       0B / 0B             23
47.08%              91.98MiB / 1.944GiB   4.62%               400MB / 306MB       0B / 0B             23
54.14%              92.46MiB / 1.944GiB   4.65%               402MB / 308MB       0B / 0B             23
54.14%              92.46MiB / 1.944GiB   4.65%               402MB / 308MB       0B / 0B             23
48.65%              92.55MiB / 1.944GiB   4.65%               404MB / 309MB       0B / 0B             23
48.65%              92.55MiB / 1.944GiB   4.65%               404MB / 309MB       0B / 0B             23
48.93%              92.86MiB / 1.944GiB   4.67%               406MB / 311MB       0B / 0B             23
48.93%              92.86MiB / 1.944GiB   4.67%               406MB / 311MB       0B / 0B             23
48.93%              92.86MiB / 1.944GiB   4.67%               406MB / 311MB       0B / 0B             23
48.84%              93.04MiB / 1.944GiB   4.67%               408MB / 313MB       0B / 0B             23
48.84%              93.04MiB / 1.944GiB   4.67%               408MB / 313MB       0B / 0B             23
51.10%              93.84MiB / 1.944GiB   4.71%               410MB / 314MB       0B / 0B             23
51.10%              93.84MiB / 1.944GiB   4.71%               410MB / 314MB       0B / 0B             23
51.92%              93.72MiB / 1.944GiB   4.71%               412MB / 316MB       0B / 0B             23
51.92%              93.72MiB / 1.944GiB   4.71%               412MB / 316MB       0B / 0B             23
47.00%              93.31MiB / 1.944GiB   4.69%               414MB / 317MB       0B / 0B             23
47.00%              93.31MiB / 1.944GiB   4.69%               414MB / 317MB       0B / 0B             23
48.67%              93.87MiB / 1.944GiB   4.72%               416MB / 319MB       0B / 0B             23
48.67%              93.87MiB / 1.944GiB   4.72%               416MB / 319MB       0B / 0B             23
53.99%              93.96MiB / 1.944GiB   4.72%               418MB / 320MB       0B / 0B             23
53.99%              93.96MiB / 1.944GiB   4.72%               418MB / 320MB       0B / 0B             23
48.47%              94.58MiB / 1.944GiB   4.75%               420MB / 322MB       0B / 0B             23
48.47%              94.58MiB / 1.944GiB   4.75%               420MB / 322MB       0B / 0B             23
50.01%              94.71MiB / 1.944GiB   4.76%               422MB / 323MB       0B / 0B             23
50.01%              94.71MiB / 1.944GiB   4.76%               422MB / 323MB       0B / 0B             23
47.77%              94.68MiB / 1.944GiB   4.76%               424MB / 325MB       0B / 0B             23
47.77%              94.68MiB / 1.944GiB   4.76%               424MB / 325MB       0B / 0B             23
50.51%              93.91MiB / 1.944GiB   4.72%               426MB / 327MB       0B / 0B             23
50.51%              93.91MiB / 1.944GiB   4.72%               426MB / 327MB       0B / 0B             23
52.58%              94.66MiB / 1.944GiB   4.76%               428MB / 328MB       0B / 0B             23
52.58%              94.66MiB / 1.944GiB   4.76%               428MB / 328MB       0B / 0B             23
53.81%              94.71MiB / 1.944GiB   4.76%               431MB / 330MB       0B / 0B             23
53.81%              94.71MiB / 1.944GiB   4.76%               431MB / 330MB       0B / 0B             23
51.94%              94.93MiB / 1.944GiB   4.77%               432MB / 331MB       0B / 0B             23
51.94%              94.93MiB / 1.944GiB   4.77%               432MB / 331MB       0B / 0B             23
51.45%              94.75MiB / 1.944GiB   4.76%               435MB / 333MB       0B / 0B             23
51.45%              94.75MiB / 1.944GiB   4.76%               435MB / 333MB       0B / 0B             23
52.65%              95.93MiB / 1.944GiB   4.82%               437MB / 334MB       0B / 0B             23
52.65%              95.93MiB / 1.944GiB   4.82%               437MB / 334MB       0B / 0B             23
52.05%              95.84MiB / 1.944GiB   4.82%               439MB / 336MB       0B / 0B             23
52.05%              95.84MiB / 1.944GiB   4.82%               439MB / 336MB       0B / 0B             23
49.04%              95.15MiB / 1.944GiB   4.78%               441MB / 337MB       0B / 0B             23
49.04%              95.15MiB / 1.944GiB   4.78%               441MB / 337MB       0B / 0B             23
49.88%              94.94MiB / 1.944GiB   4.77%               443MB / 339MB       0B / 0B             23
49.88%              94.94MiB / 1.944GiB   4.77%               443MB / 339MB       0B / 0B             23
47.41%              95.43MiB / 1.944GiB   4.79%               445MB / 341MB       0B / 0B             23
47.41%              95.43MiB / 1.944GiB   4.79%               445MB / 341MB       0B / 0B             23
49.39%              95.42MiB / 1.944GiB   4.79%               447MB / 342MB       0B / 0B             23
49.39%              95.42MiB / 1.944GiB   4.79%               447MB / 342MB       0B / 0B             23
50.10%              95.63MiB / 1.944GiB   4.80%               449MB / 344MB       0B / 0B             23
50.10%              95.63MiB / 1.944GiB   4.80%               449MB / 344MB       0B / 0B             23
47.81%              96.11MiB / 1.944GiB   4.83%               451MB / 345MB       0B / 0B             23
47.81%              96.11MiB / 1.944GiB   4.83%               451MB / 345MB       0B / 0B             23
52.44%              96.5MiB / 1.944GiB   4.85%               453MB / 347MB       0B / 0B             23
52.44%              96.5MiB / 1.944GiB   4.85%               453MB / 347MB       0B / 0B             23
48.16%              97.08MiB / 1.944GiB   4.88%               455MB / 348MB       0B / 0B             23
48.16%              97.08MiB / 1.944GiB   4.88%               455MB / 348MB       0B / 0B             23
49.00%              97.42MiB / 1.944GiB   4.89%               457MB / 350MB       0B / 0B             23
49.00%              97.42MiB / 1.944GiB   4.89%               457MB / 350MB       0B / 0B             23
52.91%              96.16MiB / 1.944GiB   4.83%               459MB / 352MB       0B / 0B             23
52.91%              96.16MiB / 1.944GiB   4.83%               459MB / 352MB       0B / 0B             23
45.08%              96.51MiB / 1.944GiB   4.85%               461MB / 353MB       0B / 0B             23
45.08%              96.51MiB / 1.944GiB   4.85%               461MB / 353MB       0B / 0B             23
53.81%              96.95MiB / 1.944GiB   4.87%               463MB / 355MB       0B / 0B             23
53.81%              96.95MiB / 1.944GiB   4.87%               463MB / 355MB       0B / 0B             23
50.95%              97.09MiB / 1.944GiB   4.88%               465MB / 356MB       0B / 0B             23
50.95%              97.09MiB / 1.944GiB   4.88%               465MB / 356MB       0B / 0B             23
47.78%              97.23MiB / 1.944GiB   4.88%               467MB / 358MB       0B / 0B             23
47.78%              97.23MiB / 1.944GiB   4.88%               467MB / 358MB       0B / 0B             23
52.64%              97.86MiB / 1.944GiB   4.92%               469MB / 359MB       0B / 0B             23
52.64%              97.86MiB / 1.944GiB   4.92%               469MB / 359MB       0B / 0B             23
45.68%              97.93MiB / 1.944GiB   4.92%               471MB / 361MB       0B / 0B             23
45.68%              97.93MiB / 1.944GiB   4.92%               471MB / 361MB       0B / 0B             23
48.25%              98.03MiB / 1.944GiB   4.92%               473MB / 362MB       0B / 0B             23
48.25%              98.03MiB / 1.944GiB   4.92%               473MB / 362MB       0B / 0B             23
53.20%              98.5MiB / 1.944GiB   4.95%               475MB / 364MB       0B / 0B             23
53.20%              98.5MiB / 1.944GiB   4.95%               475MB / 364MB       0B / 0B             23
48.21%              99.29MiB / 1.944GiB   4.99%               477MB / 366MB       0B / 0B             23
48.21%              99.29MiB / 1.944GiB   4.99%               477MB / 366MB       0B / 0B             23
48.90%              99.45MiB / 1.944GiB   5.00%               480MB / 367MB       0B / 0B             23
48.90%              99.45MiB / 1.944GiB   5.00%               480MB / 367MB       0B / 0B             23
52.31%              99.59MiB / 1.944GiB   5.00%               482MB / 369MB       0B / 0B             23
52.31%              99.59MiB / 1.944GiB   5.00%               482MB / 369MB       0B / 0B             23
53.19%              99.86MiB / 1.944GiB   5.02%               484MB / 370MB       0B / 0B             23
53.19%              99.86MiB / 1.944GiB   5.02%               484MB / 370MB       0B / 0B             23
51.16%              99.75MiB / 1.944GiB   5.01%               486MB / 372MB       0B / 0B             23
51.16%              99.75MiB / 1.944GiB   5.01%               486MB / 372MB       0B / 0B             23
48.28%              100.3MiB / 1.944GiB   5.04%               488MB / 373MB       0B / 0B             23
48.28%              100.3MiB / 1.944GiB   5.04%               488MB / 373MB       0B / 0B             23
48.75%              100.1MiB / 1.944GiB   5.03%               490MB / 375MB       0B / 0B             23
48.75%              100.1MiB / 1.944GiB   5.03%               490MB / 375MB       0B / 0B             23
46.08%              100.4MiB / 1.944GiB   5.04%               492MB / 377MB       0B / 0B             23
46.08%              100.4MiB / 1.944GiB   5.04%               492MB / 377MB       0B / 0B             23
47.16%              100.7MiB / 1.944GiB   5.06%               494MB / 378MB       0B / 0B             23
47.16%              100.7MiB / 1.944GiB   5.06%               494MB / 378MB       0B / 0B             23
50.39%              100.9MiB / 1.944GiB   5.07%               496MB / 380MB       0B / 0B             23
50.39%              100.9MiB / 1.944GiB   5.07%               496MB / 380MB       0B / 0B             23
47.59%              101.5MiB / 1.944GiB   5.10%               498MB / 381MB       0B / 0B             23
47.59%              101.5MiB / 1.944GiB   5.10%               498MB / 381MB       0B / 0B             23
47.51%              101.6MiB / 1.944GiB   5.11%               500MB / 383MB       0B / 0B             23
47.51%              101.6MiB / 1.944GiB   5.11%               500MB / 383MB       0B / 0B             23
48.10%              102MiB / 1.944GiB   5.13%               502MB / 384MB       0B / 0B             23
48.10%              102MiB / 1.944GiB   5.13%               502MB / 384MB       0B / 0B             23
49.34%              102.4MiB / 1.944GiB   5.14%               504MB / 386MB       0B / 0B             23
49.34%              102.4MiB / 1.944GiB   5.14%               504MB / 386MB       0B / 0B             23
51.25%              102.4MiB / 1.944GiB   5.14%               506MB / 388MB       0B / 0B             23
51.25%              102.4MiB / 1.944GiB   5.14%               506MB / 388MB       0B / 0B             23
49.00%              102.8MiB / 1.944GiB   5.17%               508MB / 389MB       0B / 0B             23
49.00%              102.8MiB / 1.944GiB   5.17%               508MB / 389MB       0B / 0B             23
53.21%              102.4MiB / 1.944GiB   5.15%               510MB / 391MB       0B / 0B             23
53.21%              102.4MiB / 1.944GiB   5.15%               510MB / 391MB       0B / 0B             23
51.68%              102.6MiB / 1.944GiB   5.16%               512MB / 392MB       0B / 0B             23
51.68%              102.6MiB / 1.944GiB   5.16%               512MB / 392MB       0B / 0B             23
46.87%              102.6MiB / 1.944GiB   5.16%               514MB / 394MB       0B / 0B             23
46.87%              102.6MiB / 1.944GiB   5.16%               514MB / 394MB       0B / 0B             23
50.51%              102.5MiB / 1.944GiB   5.15%               516MB / 395MB       0B / 0B             23
50.51%              102.5MiB / 1.944GiB   5.15%               516MB / 395MB       0B / 0B             23
46.25%              102.4MiB / 1.944GiB   5.14%               518MB / 397MB       0B / 0B             23
46.25%              102.4MiB / 1.944GiB   5.14%               518MB / 397MB       0B / 0B             23
49.80%              103.2MiB / 1.944GiB   5.18%               520MB / 399MB       0B / 0B             23
49.80%              103.2MiB / 1.944GiB   5.18%               520MB / 399MB       0B / 0B             23
47.05%              103.2MiB / 1.944GiB   5.19%               522MB / 400MB       0B / 0B             23
47.05%              103.2MiB / 1.944GiB   5.19%               522MB / 400MB       0B / 0B             23
49.73%              104.3MiB / 1.944GiB   5.24%               525MB / 402MB       0B / 0B             23
49.73%              104.3MiB / 1.944GiB   5.24%               525MB / 402MB       0B / 0B             23
50.05%              104.4MiB / 1.944GiB   5.25%               527MB / 403MB       0B / 0B             23
50.05%              104.4MiB / 1.944GiB   5.25%               527MB / 403MB       0B / 0B             23
49.12%              104.7MiB / 1.944GiB   5.26%               529MB / 405MB       0B / 0B             23
49.12%              104.7MiB / 1.944GiB   5.26%               529MB / 405MB       0B / 0B             23
51.61%              104.6MiB / 1.944GiB   5.26%               531MB / 406MB       0B / 0B             23
51.61%              104.6MiB / 1.944GiB   5.26%               531MB / 406MB       0B / 0B             23
52.07%              104.5MiB / 1.944GiB   5.25%               533MB / 408MB       0B / 0B             23
52.07%              104.5MiB / 1.944GiB   5.25%               533MB / 408MB       0B / 0B             23
52.47%              104.8MiB / 1.944GiB   5.26%               535MB / 410MB       0B / 0B             23
52.47%              104.8MiB / 1.944GiB   5.26%               535MB / 410MB       0B / 0B             23
50.35%              105.3MiB / 1.944GiB   5.29%               537MB / 411MB       0B / 0B             23
50.35%              105.3MiB / 1.944GiB   5.29%               537MB / 411MB       0B / 0B             23
