CPU %               MEM USAGE / LIMIT     MEM %               NET I/O             BLOCK I/O           PIDS
0.00%               143.5MiB / 1.944GiB   7.21%               1.05kB / 0B         0B / 0B             42
0.00%               143.5MiB / 1.944GiB   7.21%               1.05kB / 0B         0B / 0B             42
0.47%               143.5MiB / 1.944GiB   7.21%               1.05kB / 0B         0B / 0B             42
0.47%               143.5MiB / 1.944GiB   7.21%               1.05kB / 0B         0B / 0B             42
0.30%               143.5MiB / 1.944GiB   7.21%               1.05kB / 0B         0B / 0B             42
0.30%               143.5MiB / 1.944GiB   7.21%               1.05kB / 0B         0B / 0B             42
0.33%               143.5MiB / 1.944GiB   7.21%               1.05kB / 0B         0B / 0B             42
0.33%               143.5MiB / 1.944GiB   7.21%               1.05kB / 0B         0B / 0B             42
30.75%              153.6MiB / 1.944GiB   7.72%               995kB / 25.2kB      0B / 0B             99
30.75%              153.6MiB / 1.944GiB   7.72%               995kB / 25.2kB      0B / 0B             99
101.26%             186.5MiB / 1.944GiB   9.37%               1.6MB / 40.5kB      0B / 0B             228
101.26%             186.5MiB / 1.944GiB   9.37%               1.6MB / 40.5kB      0B / 0B             228
100.15%             193.2MiB / 1.944GiB   9.71%               1.6MB / 40.5kB      0B / 0B             229
100.15%             193.2MiB / 1.944GiB   9.71%               1.6MB / 40.5kB      0B / 0B             229
99.46%              199.7MiB / 1.944GiB   10.03%              1.6MB / 40.5kB      0B / 0B             230
99.46%              199.7MiB / 1.944GiB   10.03%              1.6MB / 40.5kB      0B / 0B             230
101.87%             201.8MiB / 1.944GiB   10.14%              1.69MB / 555kB      0B / 0B             230
101.87%             201.8MiB / 1.944GiB   10.14%              1.69MB / 555kB      0B / 0B             230
101.87%             216MiB / 1.944GiB   10.85%              2.51MB / 1.38MB     0B / 0B             230
101.87%             216MiB / 1.944GiB   10.85%              2.51MB / 1.38MB     0B / 0B             230
101.67%             220.9MiB / 1.944GiB   11.10%              3.53MB / 2.03MB     0B / 0B             230
101.67%             220.9MiB / 1.944GiB   11.10%              3.53MB / 2.03MB     0B / 0B             230
101.54%             234MiB / 1.944GiB   11.76%              4.37MB / 2.74MB     0B / 0B             230
101.54%             234MiB / 1.944GiB   11.76%              4.37MB / 2.74MB     0B / 0B             230
102.19%             236.1MiB / 1.944GiB   11.86%              5.47MB / 3.91MB     0B / 0B             230
102.19%             236.1MiB / 1.944GiB   11.86%              5.47MB / 3.91MB     0B / 0B             230
101.55%             246.9MiB / 1.944GiB   12.40%              6.79MB / 4.58MB     0B / 0B             230
101.55%             246.9MiB / 1.944GiB   12.40%              6.79MB / 4.58MB     0B / 0B             230
102.39%             268.1MiB / 1.944GiB   13.47%              7.75MB / 5.61MB     0B / 0B             230
102.39%             268.1MiB / 1.944GiB   13.47%              7.75MB / 5.61MB     0B / 0B             230
101.91%             268.6MiB / 1.944GiB   13.50%              9MB / 6.6MB         0B / 0B             230
101.91%             268.6MiB / 1.944GiB   13.50%              9MB / 6.6MB         0B / 0B             230
103.25%             269.5MiB / 1.944GiB   13.54%              10.4MB / 7.68MB     0B / 0B             230
103.25%             269.5MiB / 1.944GiB   13.54%              10.4MB / 7.68MB     0B / 0B             230
106.30%             273.1MiB / 1.944GiB   13.72%              11.7MB / 8.7MB      0B / 0B             230
106.30%             273.1MiB / 1.944GiB   13.72%              11.7MB / 8.7MB      0B / 0B             230
106.19%             275.2MiB / 1.944GiB   13.83%              13MB / 9.66MB       0B / 0B             230
106.19%             275.2MiB / 1.944GiB   13.83%              13MB / 9.66MB       0B / 0B             230
103.96%             277.4MiB / 1.944GiB   13.94%              14.2MB / 10.9MB     0B / 0B             230
103.96%             277.4MiB / 1.944GiB   13.94%              14.2MB / 10.9MB     0B / 0B             230
103.34%             278.1MiB / 1.944GiB   13.97%              15.9MB / 12.1MB     0B / 0B             230
103.34%             278.1MiB / 1.944GiB   13.97%              15.9MB / 12.1MB     0B / 0B             230
102.43%             278.9MiB / 1.944GiB   14.01%              17.4MB / 13.4MB     0B / 0B             230
102.43%             278.9MiB / 1.944GiB   14.01%              17.4MB / 13.4MB     0B / 0B             230
101.62%             279.8MiB / 1.944GiB   14.06%              19MB / 14.6MB       0B / 0B             230
101.62%             279.8MiB / 1.944GiB   14.06%              19MB / 14.6MB       0B / 0B             230
102.78%             280.3MiB / 1.944GiB   14.08%              20.5MB / 16MB       0B / 0B             230
102.78%             280.3MiB / 1.944GiB   14.08%              20.5MB / 16MB       0B / 0B             230
103.09%             281.2MiB / 1.944GiB   14.13%              22.3MB / 17.2MB     0B / 0B             230
103.09%             281.2MiB / 1.944GiB   14.13%              22.3MB / 17.2MB     0B / 0B             230
103.09%             281.7MiB / 1.944GiB   14.15%              24MB / 18.7MB       0B / 0B             230
103.09%             281.7MiB / 1.944GiB   14.15%              24MB / 18.7MB       0B / 0B             230
102.63%             282.9MiB / 1.944GiB   14.21%              25.8MB / 20.1MB     0B / 0B             230
102.63%             282.9MiB / 1.944GiB   14.21%              25.8MB / 20.1MB     0B / 0B             230
102.20%             283.7MiB / 1.944GiB   14.25%              27.8MB / 21.6MB     0B / 0B             230
102.20%             283.7MiB / 1.944GiB   14.25%              27.8MB / 21.6MB     0B / 0B             230
101.87%             284.8MiB / 1.944GiB   14.31%              29.7MB / 23.1MB     0B / 0B             230
101.87%             284.8MiB / 1.944GiB   14.31%              29.7MB / 23.1MB     0B / 0B             230
103.17%             285.5MiB / 1.944GiB   14.35%              31.6MB / 24.6MB     0B / 0B             230
103.17%             285.5MiB / 1.944GiB   14.35%              31.6MB / 24.6MB     0B / 0B             230
101.41%             286.4MiB / 1.944GiB   14.39%              33.7MB / 26.2MB     0B / 0B             230
101.41%             286.4MiB / 1.944GiB   14.39%              33.7MB / 26.2MB     0B / 0B             230
99.51%              287.1MiB / 1.944GiB   14.43%              35.7MB / 27.8MB     0B / 0B             230
99.51%              287.1MiB / 1.944GiB   14.43%              35.7MB / 27.8MB     0B / 0B             230
102.97%             287.4MiB / 1.944GiB   14.44%              37.8MB / 29.4MB     0B / 0B             230
102.97%             287.4MiB / 1.944GiB   14.44%              37.8MB / 29.4MB     0B / 0B             230
100.41%             289.5MiB / 1.944GiB   14.54%              39.9MB / 31MB       0B / 0B             230
100.41%             289.5MiB / 1.944GiB   14.54%              39.9MB / 31MB       0B / 0B             230
100.74%             290MiB / 1.944GiB   14.57%              42.1MB / 32.6MB     0B / 0B             230
100.74%             290MiB / 1.944GiB   14.57%              42.1MB / 32.6MB     0B / 0B             230
102.16%             290.4MiB / 1.944GiB   14.59%              44.2MB / 34.2MB     0B / 0B             230
102.16%             290.4MiB / 1.944GiB   14.59%              44.2MB / 34.2MB     0B / 0B             230
101.69%             304.8MiB / 1.944GiB   15.31%              45.9MB / 35.3MB     0B / 0B             230
101.69%             304.8MiB / 1.944GiB   15.31%              45.9MB / 35.3MB     0B / 0B             230
99.89%              310.1MiB / 1.944GiB   15.58%              47.6MB / 36.9MB     0B / 0B             230
99.89%              310.1MiB / 1.944GiB   15.58%              47.6MB / 36.9MB     0B / 0B             230
101.65%             311.6MiB / 1.944GiB   15.66%              49.6MB / 38.4MB     0B / 0B             230
101.65%             311.6MiB / 1.944GiB   15.66%              49.6MB / 38.4MB     0B / 0B             230
101.56%             311.9MiB / 1.944GiB   15.67%              51.8MB / 40MB       0B / 0B             230
101.56%             311.9MiB / 1.944GiB   15.67%              51.8MB / 40MB       0B / 0B             230
102.27%             305.9MiB / 1.944GiB   15.37%              53.8MB / 41.7MB     0B / 0B             230
102.27%             305.9MiB / 1.944GiB   15.37%              53.8MB / 41.7MB     0B / 0B             230
100.95%             306.5MiB / 1.944GiB   15.40%              55.8MB / 43.2MB     0B / 0B             230
100.95%             306.5MiB / 1.944GiB   15.40%              55.8MB / 43.2MB     0B / 0B             230
100.90%             307.1MiB / 1.944GiB   15.43%              58MB / 44.8MB       0B / 0B             230
100.90%             307.1MiB / 1.944GiB   15.43%              58MB / 44.8MB       0B / 0B             230
101.66%             307.5MiB / 1.944GiB   15.45%              60MB / 46.4MB       0B / 0B             230
101.66%             307.5MiB / 1.944GiB   15.45%              60MB / 46.4MB       0B / 0B             230
102.50%             308MiB / 1.944GiB   15.47%              62.2MB / 48.1MB     0B / 0B             230
102.50%             308MiB / 1.944GiB   15.47%              62.2MB / 48.1MB     0B / 0B             230
101.56%             308MiB / 1.944GiB   15.47%              64.2MB / 49.7MB     0B / 0B             230
101.56%             308MiB / 1.944GiB   15.47%              64.2MB / 49.7MB     0B / 0B             230
95.76%              309MiB / 1.944GiB   15.52%              66.3MB / 51.2MB     0B / 0B             230
95.76%              309MiB / 1.944GiB   15.52%              66.3MB / 51.2MB     0B / 0B             230
100.98%             309.3MiB / 1.944GiB   15.54%              68.4MB / 52.8MB     0B / 0B             230
100.98%             309.3MiB / 1.944GiB   15.54%              68.4MB / 52.8MB     0B / 0B             230
102.64%             310.6MiB / 1.944GiB   15.60%              70.4MB / 54.5MB     0B / 0B             230
102.64%             310.6MiB / 1.944GiB   15.60%              70.4MB / 54.5MB     0B / 0B             230
83.78%              310.9MiB / 1.944GiB   15.62%              72.6MB / 56.2MB     0B / 0B             230
83.78%              310.9MiB / 1.944GiB   15.62%              72.6MB / 56.2MB     0B / 0B             230
93.48%              304.4MiB / 1.944GiB   15.29%              74.7MB / 57.8MB     0B / 0B             230
93.48%              304.4MiB / 1.944GiB   15.29%              74.7MB / 57.8MB     0B / 0B             230
70.27%              304.2MiB / 1.944GiB   15.28%              76.7MB / 59.4MB     0B / 0B             230
70.27%              304.2MiB / 1.944GiB   15.28%              76.7MB / 59.4MB     0B / 0B             230
69.03%              304.6MiB / 1.944GiB   15.30%              78.8MB / 61.1MB     0B / 0B             230
69.03%              304.6MiB / 1.944GiB   15.30%              78.8MB / 61.1MB     0B / 0B             230
57.59%              305MiB / 1.944GiB   15.32%              80.8MB / 62.6MB     0B / 0B             230
57.59%              305MiB / 1.944GiB   15.32%              80.8MB / 62.6MB     0B / 0B             230
94.39%              305.5MiB / 1.944GiB   15.35%              83MB / 64.3MB       0B / 0B             230
94.39%              305.5MiB / 1.944GiB   15.35%              83MB / 64.3MB       0B / 0B             230
68.64%              306MiB / 1.944GiB   15.37%              85MB / 66MB         0B / 0B             230
68.64%              306MiB / 1.944GiB   15.37%              85MB / 66MB         0B / 0B             230
80.63%              306.4MiB / 1.944GiB   15.39%              87.1MB / 67.6MB     0B / 0B             230
80.63%              306.4MiB / 1.944GiB   15.39%              87.1MB / 67.6MB     0B / 0B             230
71.86%              306.9MiB / 1.944GiB   15.42%              89.1MB / 69.2MB     0B / 0B             230
71.86%              306.9MiB / 1.944GiB   15.42%              89.1MB / 69.2MB     0B / 0B             230
68.75%              307.3MiB / 1.944GiB   15.44%              91.2MB / 70.8MB     0B / 0B             230
68.75%              307.3MiB / 1.944GiB   15.44%              91.2MB / 70.8MB     0B / 0B             230
69.11%              307.4MiB / 1.944GiB   15.44%              93.3MB / 72.5MB     0B / 0B             230
69.11%              307.4MiB / 1.944GiB   15.44%              93.3MB / 72.5MB     0B / 0B             230
78.42%              308.2MiB / 1.944GiB   15.48%              95.3MB / 74.1MB     0B / 0B             230
78.42%              308.2MiB / 1.944GiB   15.48%              95.3MB / 74.1MB     0B / 0B             230
56.44%              308.4MiB / 1.944GiB   15.49%              97.5MB / 75.8MB     0B / 0B             230
56.44%              308.4MiB / 1.944GiB   15.49%              97.5MB / 75.8MB     0B / 0B             230
49.11%              308.7MiB / 1.944GiB   15.51%              99.5MB / 77.4MB     0B / 0B             230
49.11%              308.7MiB / 1.944GiB   15.51%              99.5MB / 77.4MB     0B / 0B             230
53.69%              308.8MiB / 1.944GiB   15.51%              102MB / 79.1MB      0B / 0B             230
53.69%              308.8MiB / 1.944GiB   15.51%              102MB / 79.1MB      0B / 0B             230
61.07%              309.4MiB / 1.944GiB   15.54%              104MB / 80.7MB      0B / 0B             230
61.07%              309.4MiB / 1.944GiB   15.54%              104MB / 80.7MB      0B / 0B             230
54.12%              309.7MiB / 1.944GiB   15.56%              106MB / 82.3MB      0B / 0B             230
54.12%              309.7MiB / 1.944GiB   15.56%              106MB / 82.3MB      0B / 0B             230
50.68%              309.9MiB / 1.944GiB   15.57%              108MB / 84MB        0B / 0B             230
50.68%              309.9MiB / 1.944GiB   15.57%              108MB / 84MB        0B / 0B             230
76.27%              310.7MiB / 1.944GiB   15.61%              110MB / 85.6MB      0B / 0B             230
76.27%              310.7MiB / 1.944GiB   15.61%              110MB / 85.6MB      0B / 0B             230
101.09%             316.1MiB / 1.944GiB   15.88%              112MB / 87.2MB      0B / 0B             230
101.09%             316.1MiB / 1.944GiB   15.88%              112MB / 87.2MB      0B / 0B             230
94.27%              318.9MiB / 1.944GiB   16.02%              114MB / 88.9MB      0B / 0B             230
94.27%              318.9MiB / 1.944GiB   16.02%              114MB / 88.9MB      0B / 0B             230
48.70%              311.7MiB / 1.944GiB   15.66%              116MB / 90.5MB      0B / 0B             230
48.70%              311.7MiB / 1.944GiB   15.66%              116MB / 90.5MB      0B / 0B             230
74.20%              312.2MiB / 1.944GiB   15.69%              118MB / 92.1MB      0B / 0B             230
74.20%              312.2MiB / 1.944GiB   15.69%              118MB / 92.1MB      0B / 0B             230
101.98%             312.7MiB / 1.944GiB   15.71%              120MB / 93.8MB      0B / 0B             230
101.98%             312.7MiB / 1.944GiB   15.71%              120MB / 93.8MB      0B / 0B             230
72.05%              313MiB / 1.944GiB   15.72%              122MB / 95.5MB      0B / 0B             230
72.05%              313MiB / 1.944GiB   15.72%              122MB / 95.5MB      0B / 0B             230
48.72%              312.9MiB / 1.944GiB   15.72%              125MB / 97.2MB      0B / 0B             230
48.72%              312.9MiB / 1.944GiB   15.72%              125MB / 97.2MB      0B / 0B             230
69.96%              314.4MiB / 1.944GiB   15.80%              127MB / 98.8MB      0B / 0B             230
69.96%              314.4MiB / 1.944GiB   15.80%              127MB / 98.8MB      0B / 0B             230
103.76%             315.3MiB / 1.944GiB   15.84%              129MB / 100MB       0B / 0B             230
103.76%             315.3MiB / 1.944GiB   15.84%              129MB / 100MB       0B / 0B             230
91.24%              315.5MiB / 1.944GiB   15.85%              131MB / 102MB       0B / 0B             230
91.24%              315.5MiB / 1.944GiB   15.85%              131MB / 102MB       0B / 0B             230
45.32%              315.7MiB / 1.944GiB   15.86%              133MB / 104MB       0B / 0B             230
45.32%              315.7MiB / 1.944GiB   15.86%              133MB / 104MB       0B / 0B             230
70.36%              316.2MiB / 1.944GiB   15.89%              135MB / 105MB       0B / 0B             230
70.36%              316.2MiB / 1.944GiB   15.89%              135MB / 105MB       0B / 0B             230
92.67%              317MiB / 1.944GiB   15.92%              137MB / 107MB       0B / 0B             230
92.67%              317MiB / 1.944GiB   15.92%              137MB / 107MB       0B / 0B             230
48.29%              317MiB / 1.944GiB   15.93%              139MB / 109MB       0B / 0B             230
48.29%              317MiB / 1.944GiB   15.93%              139MB / 109MB       0B / 0B             230
39.70%              317.4MiB / 1.944GiB   15.95%              141MB / 110MB       0B / 0B             230
39.70%              317.4MiB / 1.944GiB   15.95%              141MB / 110MB       0B / 0B             230
66.58%              318.2MiB / 1.944GiB   15.99%              143MB / 112MB       0B / 0B             230
66.58%              318.2MiB / 1.944GiB   15.99%              143MB / 112MB       0B / 0B             230
48.83%              318.4MiB / 1.944GiB   16.00%              146MB / 114MB       0B / 0B             230
48.83%              318.4MiB / 1.944GiB   16.00%              146MB / 114MB       0B / 0B             230
40.97%              319MiB / 1.944GiB   16.03%              148MB / 115MB       0B / 0B             230
40.97%              319MiB / 1.944GiB   16.03%              148MB / 115MB       0B / 0B             230
39.90%              319.5MiB / 1.944GiB   16.05%              150MB / 117MB       0B / 0B             230
39.90%              319.5MiB / 1.944GiB   16.05%              150MB / 117MB       0B / 0B             230
40.27%              319.9MiB / 1.944GiB   16.07%              152MB / 119MB       0B / 0B             230
40.27%              319.9MiB / 1.944GiB   16.07%              152MB / 119MB       0B / 0B             230
39.87%              320MiB / 1.944GiB   16.08%              154MB / 120MB       0B / 0B             230
39.87%              320MiB / 1.944GiB   16.08%              154MB / 120MB       0B / 0B             230
39.29%              320.4MiB / 1.944GiB   16.10%              156MB / 122MB       0B / 0B             230
39.29%              320.4MiB / 1.944GiB   16.10%              156MB / 122MB       0B / 0B             230
41.06%              320.5MiB / 1.944GiB   16.10%              158MB / 124MB       0B / 0B             230
41.06%              320.5MiB / 1.944GiB   16.10%              158MB / 124MB       0B / 0B             230
40.32%              321.1MiB / 1.944GiB   16.13%              160MB / 125MB       0B / 0B             230
40.32%              321.1MiB / 1.944GiB   16.13%              160MB / 125MB       0B / 0B             230
40.16%              321.3MiB / 1.944GiB   16.14%              162MB / 127MB       0B / 0B             230
40.16%              321.3MiB / 1.944GiB   16.14%              162MB / 127MB       0B / 0B             230
42.92%              321.7MiB / 1.944GiB   16.16%              164MB / 129MB       0B / 0B             230
42.92%              321.7MiB / 1.944GiB   16.16%              164MB / 129MB       0B / 0B             230
38.00%              321.9MiB / 1.944GiB   16.17%              166MB / 130MB       0B / 0B             230
38.00%              321.9MiB / 1.944GiB   16.17%              166MB / 130MB       0B / 0B             230
40.65%              322.3MiB / 1.944GiB   16.19%              168MB / 132MB       0B / 0B             230
40.65%              322.3MiB / 1.944GiB   16.19%              168MB / 132MB       0B / 0B             230
39.27%              322.5MiB / 1.944GiB   16.20%              170MB / 134MB       0B / 0B             230
39.27%              322.5MiB / 1.944GiB   16.20%              170MB / 134MB       0B / 0B             230
38.47%              323.2MiB / 1.944GiB   16.24%              172MB / 135MB       0B / 0B             230
38.47%              323.2MiB / 1.944GiB   16.24%              172MB / 135MB       0B / 0B             230
40.82%              323.4MiB / 1.944GiB   16.25%              175MB / 137MB       0B / 0B             230
40.82%              323.4MiB / 1.944GiB   16.25%              175MB / 137MB       0B / 0B             230
37.76%              323.7MiB / 1.944GiB   16.26%              177MB / 138MB       0B / 0B             230
37.76%              323.7MiB / 1.944GiB   16.26%              177MB / 138MB       0B / 0B             230
41.10%              323.8MiB / 1.944GiB   16.27%              179MB / 140MB       0B / 0B             230
41.10%              323.8MiB / 1.944GiB   16.27%              179MB / 140MB       0B / 0B             230
37.34%              324.3MiB / 1.944GiB   16.29%              181MB / 142MB       0B / 0B             230
37.34%              324.3MiB / 1.944GiB   16.29%              181MB / 142MB       0B / 0B             230
42.31%              324.7MiB / 1.944GiB   16.31%              183MB / 144MB       0B / 0B             230
42.31%              324.7MiB / 1.944GiB   16.31%              183MB / 144MB       0B / 0B             230
39.83%              325.2MiB / 1.944GiB   16.34%              185MB / 145MB       0B / 0B             230
39.83%              325.2MiB / 1.944GiB   16.34%              185MB / 145MB       0B / 0B             230
38.56%              325.3MiB / 1.944GiB   16.34%              187MB / 147MB       0B / 0B             230
38.56%              325.3MiB / 1.944GiB   16.34%              187MB / 147MB       0B / 0B             230
41.62%              325.5MiB / 1.944GiB   16.36%              189MB / 148MB       0B / 0B             230
41.62%              325.5MiB / 1.944GiB   16.36%              189MB / 148MB       0B / 0B             230
43.03%              325.9MiB / 1.944GiB   16.37%              191MB / 150MB       0B / 0B             230
43.03%              325.9MiB / 1.944GiB   16.37%              191MB / 150MB       0B / 0B             230
40.07%              326.3MiB / 1.944GiB   16.40%              193MB / 152MB       0B / 0B             230
40.07%              326.3MiB / 1.944GiB   16.40%              193MB / 152MB       0B / 0B             230
41.31%              326.6MiB / 1.944GiB   16.41%              196MB / 153MB       0B / 0B             230
41.31%              326.6MiB / 1.944GiB   16.41%              196MB / 153MB       0B / 0B             230
39.49%              326.8MiB / 1.944GiB   16.42%              198MB / 155MB       0B / 0B             230
39.49%              326.8MiB / 1.944GiB   16.42%              198MB / 155MB       0B / 0B             230
40.35%              327.3MiB / 1.944GiB   16.45%              200MB / 157MB       0B / 0B             230
40.35%              327.3MiB / 1.944GiB   16.45%              200MB / 157MB       0B / 0B             230
41.06%              327.4MiB / 1.944GiB   16.45%              202MB / 158MB       0B / 0B             230
41.06%              327.4MiB / 1.944GiB   16.45%              202MB / 158MB       0B / 0B             230
54.51%              327.7MiB / 1.944GiB   16.47%              204MB / 160MB       0B / 0B             230
54.51%              327.7MiB / 1.944GiB   16.47%              204MB / 160MB       0B / 0B             230
38.31%              328.1MiB / 1.944GiB   16.49%              206MB / 162MB       0B / 0B             230
38.31%              328.1MiB / 1.944GiB   16.49%              206MB / 162MB       0B / 0B             230
41.14%              328.6MiB / 1.944GiB   16.51%              208MB / 163MB       0B / 0B             230
41.14%              328.6MiB / 1.944GiB   16.51%              208MB / 163MB       0B / 0B             230
40.25%              328.9MiB / 1.944GiB   16.53%              210MB / 165MB       0B / 0B             230
40.25%              328.9MiB / 1.944GiB   16.53%              210MB / 165MB       0B / 0B             230
41.54%              329.4MiB / 1.944GiB   16.55%              212MB / 167MB       0B / 0B             230
41.54%              329.4MiB / 1.944GiB   16.55%              212MB / 167MB       0B / 0B             230
40.84%              329.7MiB / 1.944GiB   16.56%              214MB / 169MB       0B / 0B             230
40.84%              329.7MiB / 1.944GiB   16.56%              214MB / 169MB       0B / 0B             230
42.34%              330.2MiB / 1.944GiB   16.59%              216MB / 170MB       0B / 0B             230
42.34%              330.2MiB / 1.944GiB   16.59%              216MB / 170MB       0B / 0B             230
39.64%              330.3MiB / 1.944GiB   16.60%              219MB / 172MB       0B / 0B             230
39.64%              330.3MiB / 1.944GiB   16.60%              219MB / 172MB       0B / 0B             230
40.56%              330.7MiB / 1.944GiB   16.62%              221MB / 174MB       0B / 0B             230
40.56%              330.7MiB / 1.944GiB   16.62%              221MB / 174MB       0B / 0B             230
42.35%              331.4MiB / 1.944GiB   16.65%              223MB / 175MB       0B / 0B             230
42.35%              331.4MiB / 1.944GiB   16.65%              223MB / 175MB       0B / 0B             230
38.95%              331.4MiB / 1.944GiB   16.65%              225MB / 177MB       0B / 0B             230
38.95%              331.4MiB / 1.944GiB   16.65%              225MB / 177MB       0B / 0B             230
41.51%              331.8MiB / 1.944GiB   16.67%              227MB / 178MB       0B / 0B             230
41.51%              331.8MiB / 1.944GiB   16.67%              227MB / 178MB       0B / 0B             230
44.79%              332.2MiB / 1.944GiB   16.69%              229MB / 180MB       0B / 0B             230
44.79%              332.2MiB / 1.944GiB   16.69%              229MB / 180MB       0B / 0B             230
43.58%              332.5MiB / 1.944GiB   16.70%              231MB / 182MB       0B / 0B             230
43.58%              332.5MiB / 1.944GiB   16.70%              231MB / 182MB       0B / 0B             230
41.98%              332.8MiB / 1.944GiB   16.72%              233MB / 183MB       0B / 0B             230
41.98%              332.8MiB / 1.944GiB   16.72%              233MB / 183MB       0B / 0B             230
41.90%              333.1MiB / 1.944GiB   16.74%              235MB / 185MB       0B / 0B             230
41.90%              333.1MiB / 1.944GiB   16.74%              235MB / 185MB       0B / 0B             230
44.48%              333.4MiB / 1.944GiB   16.75%              237MB / 187MB       0B / 0B             230
44.48%              333.4MiB / 1.944GiB   16.75%              237MB / 187MB       0B / 0B             230
42.18%              333.8MiB / 1.944GiB   16.77%              240MB / 188MB       0B / 0B             230
42.18%              333.8MiB / 1.944GiB   16.77%              240MB / 188MB       0B / 0B             230
42.99%              334.1MiB / 1.944GiB   16.79%              242MB / 190MB       0B / 0B             230
42.99%              334.1MiB / 1.944GiB   16.79%              242MB / 190MB       0B / 0B             230
41.59%              334.6MiB / 1.944GiB   16.81%              244MB / 192MB       0B / 0B             230
41.59%              334.6MiB / 1.944GiB   16.81%              244MB / 192MB       0B / 0B             230
48.14%              334.8MiB / 1.944GiB   16.82%              246MB / 193MB       0B / 0B             230
48.14%              334.8MiB / 1.944GiB   16.82%              246MB / 193MB       0B / 0B             230
41.46%              335.4MiB / 1.944GiB   16.85%              248MB / 195MB       0B / 0B             230
41.46%              335.4MiB / 1.944GiB   16.85%              248MB / 195MB       0B / 0B             230
44.40%              335.6MiB / 1.944GiB   16.86%              250MB / 197MB       0B / 0B             230
44.40%              335.6MiB / 1.944GiB   16.86%              250MB / 197MB       0B / 0B             230
53.57%              335.9MiB / 1.944GiB   16.87%              252MB / 198MB       0B / 0B             230
53.57%              335.9MiB / 1.944GiB   16.87%              252MB / 198MB       0B / 0B             230
55.14%              336.5MiB / 1.944GiB   16.91%              254MB / 200MB       0B / 0B             230
55.14%              336.5MiB / 1.944GiB   16.91%              254MB / 200MB       0B / 0B             230
39.58%              336.9MiB / 1.944GiB   16.93%              256MB / 202MB       0B / 0B             230
39.58%              336.9MiB / 1.944GiB   16.93%              256MB / 202MB       0B / 0B             230
45.05%              337.2MiB / 1.944GiB   16.94%              258MB / 203MB       0B / 0B             230
45.05%              337.2MiB / 1.944GiB   16.94%              258MB / 203MB       0B / 0B             230
36.87%              337.3MiB / 1.944GiB   16.95%              260MB / 205MB       0B / 0B             230
36.87%              337.3MiB / 1.944GiB   16.95%              260MB / 205MB       0B / 0B             230
39.97%              337.8MiB / 1.944GiB   16.97%              262MB / 207MB       0B / 0B             230
39.97%              337.8MiB / 1.944GiB   16.97%              262MB / 207MB       0B / 0B             230
40.36%              338.1MiB / 1.944GiB   16.99%              265MB / 208MB       0B / 0B             230
40.36%              338.1MiB / 1.944GiB   16.99%              265MB / 208MB       0B / 0B             230
47.23%              338.6MiB / 1.944GiB   17.01%              267MB / 210MB       0B / 0B             230
47.23%              338.6MiB / 1.944GiB   17.01%              267MB / 210MB       0B / 0B             230
41.05%              338.9MiB / 1.944GiB   17.03%              269MB / 212MB       0B / 0B             230
41.05%              338.9MiB / 1.944GiB   17.03%              269MB / 212MB       0B / 0B             230
42.91%              339.1MiB / 1.944GiB   17.04%              271MB / 213MB       0B / 0B             230
42.91%              339.1MiB / 1.944GiB   17.04%              271MB / 213MB       0B / 0B             230
41.32%              339.5MiB / 1.944GiB   17.06%              273MB / 215MB       0B / 0B             230
41.32%              339.5MiB / 1.944GiB   17.06%              273MB / 215MB       0B / 0B             230
39.29%              339.9MiB / 1.944GiB   17.08%              275MB / 217MB       0B / 0B             230
39.29%              339.9MiB / 1.944GiB   17.08%              275MB / 217MB       0B / 0B             230
41.49%              340.2MiB / 1.944GiB   17.09%              277MB / 218MB       0B / 0B             230
41.49%              340.2MiB / 1.944GiB   17.09%              277MB / 218MB       0B / 0B             230
38.40%              340.6MiB / 1.944GiB   17.11%              279MB / 220MB       0B / 0B             230
38.40%              340.6MiB / 1.944GiB   17.11%              279MB / 220MB       0B / 0B             230
44.83%              341MiB / 1.944GiB   17.13%              281MB / 222MB       0B / 0B             230
44.83%              341MiB / 1.944GiB   17.13%              281MB / 222MB       0B / 0B             230
38.54%              340.9MiB / 1.944GiB   17.13%              283MB / 223MB       0B / 0B             230
38.54%              340.9MiB / 1.944GiB   17.13%              283MB / 223MB       0B / 0B             230
39.15%              341.1MiB / 1.944GiB   17.14%              285MB / 225MB       0B / 0B             230
39.15%              341.1MiB / 1.944GiB   17.14%              285MB / 225MB       0B / 0B             230
44.97%              341.5MiB / 1.944GiB   17.16%              288MB / 226MB       0B / 0B             230
44.97%              341.5MiB / 1.944GiB   17.16%              288MB / 226MB       0B / 0B             230
41.33%              341.9MiB / 1.944GiB   17.18%              290MB / 228MB       0B / 0B             230
41.33%              341.9MiB / 1.944GiB   17.18%              290MB / 228MB       0B / 0B             230
37.75%              342.2MiB / 1.944GiB   17.19%              292MB / 230MB       0B / 0B             230
37.75%              342.2MiB / 1.944GiB   17.19%              292MB / 230MB       0B / 0B             230
43.11%              342.3MiB / 1.944GiB   17.20%              294MB / 231MB       0B / 0B             230
43.11%              342.3MiB / 1.944GiB   17.20%              294MB / 231MB       0B / 0B             230
39.88%              342.7MiB / 1.944GiB   17.22%              296MB / 233MB       0B / 0B             230
39.88%              342.7MiB / 1.944GiB   17.22%              296MB / 233MB       0B / 0B             230
40.17%              343MiB / 1.944GiB   17.23%              298MB / 235MB       0B / 0B             230
40.17%              343MiB / 1.944GiB   17.23%              298MB / 235MB       0B / 0B             230
40.44%              343.3MiB / 1.944GiB   17.25%              300MB / 236MB       0B / 0B             230
40.44%              343.3MiB / 1.944GiB   17.25%              300MB / 236MB       0B / 0B             230
41.21%              343.8MiB / 1.944GiB   17.27%              302MB / 238MB       0B / 0B             230
41.21%              343.8MiB / 1.944GiB   17.27%              302MB / 238MB       0B / 0B             230
39.24%              344.2MiB / 1.944GiB   17.29%              304MB / 240MB       0B / 0B             230
39.24%              344.2MiB / 1.944GiB   17.29%              304MB / 240MB       0B / 0B             230
42.60%              344.6MiB / 1.944GiB   17.31%              306MB / 241MB       0B / 0B             230
42.60%              344.6MiB / 1.944GiB   17.31%              306MB / 241MB       0B / 0B             230
40.24%              344.9MiB / 1.944GiB   17.33%              308MB / 243MB       0B / 0B             230
40.24%              344.9MiB / 1.944GiB   17.33%              308MB / 243MB       0B / 0B             230
42.68%              345.3MiB / 1.944GiB   17.35%              310MB / 245MB       0B / 0B             230
42.68%              345.3MiB / 1.944GiB   17.35%              310MB / 245MB       0B / 0B             230
40.51%              345.5MiB / 1.944GiB   17.36%              313MB / 246MB       0B / 0B             230
40.51%              345.5MiB / 1.944GiB   17.36%              313MB / 246MB       0B / 0B             230
42.27%              345.7MiB / 1.944GiB   17.37%              315MB / 248MB       0B / 0B             230
42.27%              345.7MiB / 1.944GiB   17.37%              315MB / 248MB       0B / 0B             230
43.70%              346.1MiB / 1.944GiB   17.39%              317MB / 250MB       0B / 0B             230
43.70%              346.1MiB / 1.944GiB   17.39%              317MB / 250MB       0B / 0B             230
41.32%              346.5MiB / 1.944GiB   17.41%              319MB / 251MB       0B / 0B             230
41.32%              346.5MiB / 1.944GiB   17.41%              319MB / 251MB       0B / 0B             230
41.29%              346.8MiB / 1.944GiB   17.42%              321MB / 253MB       0B / 0B             230
41.29%              346.8MiB / 1.944GiB   17.42%              321MB / 253MB       0B / 0B             230
40.62%              347.2MiB / 1.944GiB   17.45%              323MB / 255MB       0B / 0B             230
40.62%              347.2MiB / 1.944GiB   17.45%              323MB / 255MB       0B / 0B             230
40.57%              347.8MiB / 1.944GiB   17.48%              325MB / 256MB       0B / 0B             230
40.57%              347.8MiB / 1.944GiB   17.48%              325MB / 256MB       0B / 0B             230
41.69%              347.8MiB / 1.944GiB   17.47%              327MB / 258MB       0B / 0B             230
41.69%              347.8MiB / 1.944GiB   17.47%              327MB / 258MB       0B / 0B             230
39.72%              348MiB / 1.944GiB   17.49%              329MB / 259MB       0B / 0B             230
39.72%              348MiB / 1.944GiB   17.49%              329MB / 259MB       0B / 0B             230
43.84%              348.4MiB / 1.944GiB   17.51%              331MB / 261MB       0B / 0B             230
43.84%              348.4MiB / 1.944GiB   17.51%              331MB / 261MB       0B / 0B             230
42.55%              348.8MiB / 1.944GiB   17.52%              333MB / 263MB       0B / 0B             230
42.55%              348.8MiB / 1.944GiB   17.52%              333MB / 263MB       0B / 0B             230
40.48%              349MiB / 1.944GiB   17.53%              336MB / 265MB       0B / 0B             230
40.48%              349MiB / 1.944GiB   17.53%              336MB / 265MB       0B / 0B             230
39.52%              349.6MiB / 1.944GiB   17.56%              338MB / 266MB       0B / 0B             230
39.52%              349.6MiB / 1.944GiB   17.56%              338MB / 266MB       0B / 0B             230
38.34%              349.7MiB / 1.944GiB   17.57%              340MB / 268MB       0B / 0B             230
38.34%              349.7MiB / 1.944GiB   17.57%              340MB / 268MB       0B / 0B             230
40.38%              350.1MiB / 1.944GiB   17.59%              342MB / 269MB       0B / 0B             230
40.38%              350.1MiB / 1.944GiB   17.59%              342MB / 269MB       0B / 0B             230
41.78%              350.5MiB / 1.944GiB   17.61%              344MB / 271MB       0B / 0B             230
41.78%              350.5MiB / 1.944GiB   17.61%              344MB / 271MB       0B / 0B             230
40.51%              350.9MiB / 1.944GiB   17.63%              346MB / 273MB       0B / 0B             230
40.51%              350.9MiB / 1.944GiB   17.63%              346MB / 273MB       0B / 0B             230
39.45%              351.3MiB / 1.944GiB   17.65%              348MB / 274MB       0B / 0B             230
39.45%              351.3MiB / 1.944GiB   17.65%              348MB / 274MB       0B / 0B             230
43.54%              351.6MiB / 1.944GiB   17.66%              350MB / 276MB       0B / 0B             230
43.54%              351.6MiB / 1.944GiB   17.66%              350MB / 276MB       0B / 0B             230
40.83%              351.8MiB / 1.944GiB   17.68%              352MB / 278MB       0B / 0B             230
40.83%              351.8MiB / 1.944GiB   17.68%              352MB / 278MB       0B / 0B             230
39.07%              352.5MiB / 1.944GiB   17.71%              354MB / 279MB       0B / 0B             230
39.07%              352.5MiB / 1.944GiB   17.71%              354MB / 279MB       0B / 0B             230
43.49%              352.7MiB / 1.944GiB   17.72%              356MB / 281MB       0B / 0B             230
43.49%              352.7MiB / 1.944GiB   17.72%              356MB / 281MB       0B / 0B             230
42.14%              352.9MiB / 1.944GiB   17.73%              358MB / 283MB       0B / 0B             230
42.14%              352.9MiB / 1.944GiB   17.73%              358MB / 283MB       0B / 0B             230
39.66%              353.2MiB / 1.944GiB   17.75%              360MB / 284MB       0B / 0B             230
39.66%              353.2MiB / 1.944GiB   17.75%              360MB / 284MB       0B / 0B             230
42.22%              353.6MiB / 1.944GiB   17.76%              363MB / 286MB       0B / 0B             230
42.22%              353.6MiB / 1.944GiB   17.76%              363MB / 286MB       0B / 0B             230
40.69%              353.9MiB / 1.944GiB   17.78%              365MB / 288MB       0B / 0B             230
40.69%              353.9MiB / 1.944GiB   17.78%              365MB / 288MB       0B / 0B             230
40.97%              354.2MiB / 1.944GiB   17.79%              367MB / 289MB       0B / 0B             230
40.97%              354.2MiB / 1.944GiB   17.79%              367MB / 289MB       0B / 0B             230
40.17%              354.3MiB / 1.944GiB   17.80%              369MB / 291MB       0B / 0B             230
40.17%              354.3MiB / 1.944GiB   17.80%              369MB / 291MB       0B / 0B             230
41.12%              354.9MiB / 1.944GiB   17.83%              371MB / 293MB       0B / 0B             230
41.12%              354.9MiB / 1.944GiB   17.83%              371MB / 293MB       0B / 0B             230
38.81%              355MiB / 1.944GiB   17.83%              373MB / 294MB       0B / 0B             230
38.81%              355MiB / 1.944GiB   17.83%              373MB / 294MB       0B / 0B             230
39.63%              354.7MiB / 1.944GiB   17.82%              375MB / 296MB       0B / 0B             230
39.63%              354.7MiB / 1.944GiB   17.82%              375MB / 296MB       0B / 0B             230
42.52%              355.2MiB / 1.944GiB   17.85%              377MB / 298MB       0B / 0B             230
42.52%              355.2MiB / 1.944GiB   17.85%              377MB / 298MB       0B / 0B             230
39.31%              355.6MiB / 1.944GiB   17.87%              379MB / 299MB       0B / 0B             230
39.31%              355.6MiB / 1.944GiB   17.87%              379MB / 299MB       0B / 0B             230
39.78%              356.2MiB / 1.944GiB   17.90%              381MB / 301MB       0B / 0B             230
39.78%              356.2MiB / 1.944GiB   17.90%              381MB / 301MB       0B / 0B             230
39.58%              356.4MiB / 1.944GiB   17.91%              383MB / 302MB       0B / 0B             230
39.58%              356.4MiB / 1.944GiB   17.91%              383MB / 302MB       0B / 0B             230
40.02%              356.7MiB / 1.944GiB   17.92%              385MB / 304MB       0B / 0B             230
40.02%              356.7MiB / 1.944GiB   17.92%              385MB / 304MB       0B / 0B             230
40.02%              356.7MiB / 1.944GiB   17.92%              385MB / 304MB       0B / 0B             230
40.02%              356.7MiB / 1.944GiB   17.92%              385MB / 304MB       0B / 0B             230
15.87%              357.1MiB / 1.944GiB   17.94%              387MB / 305MB       0B / 0B             230
15.87%              357.1MiB / 1.944GiB   17.94%              387MB / 305MB       0B / 0B             230
55.56%              357.3MiB / 1.944GiB   17.95%              389MB / 307MB       0B / 0B             230
55.56%              357.3MiB / 1.944GiB   17.95%              389MB / 307MB       0B / 0B             230
41.63%              357.9MiB / 1.944GiB   17.98%              391MB / 309MB       0B / 0B             230
41.63%              357.9MiB / 1.944GiB   17.98%              391MB / 309MB       0B / 0B             230
39.24%              358.1MiB / 1.944GiB   17.99%              393MB / 310MB       0B / 0B             230
39.24%              358.1MiB / 1.944GiB   17.99%              393MB / 310MB       0B / 0B             230
38.54%              358.5MiB / 1.944GiB   18.01%              395MB / 312MB       0B / 0B             230
38.54%              358.5MiB / 1.944GiB   18.01%              395MB / 312MB       0B / 0B             230
40.22%              358.7MiB / 1.944GiB   18.02%              397MB / 314MB       0B / 0B             230
40.22%              358.7MiB / 1.944GiB   18.02%              397MB / 314MB       0B / 0B             230
41.35%              358.9MiB / 1.944GiB   18.03%              400MB / 315MB       0B / 0B             230
41.35%              358.9MiB / 1.944GiB   18.03%              400MB / 315MB       0B / 0B             230
40.53%              359.4MiB / 1.944GiB   18.06%              402MB / 317MB       0B / 0B             230
40.53%              359.4MiB / 1.944GiB   18.06%              402MB / 317MB       0B / 0B             230
38.80%              359.8MiB / 1.944GiB   18.08%              404MB / 319MB       0B / 0B             230
38.80%              359.8MiB / 1.944GiB   18.08%              404MB / 319MB       0B / 0B             230
41.11%              360MiB / 1.944GiB   18.09%              406MB / 320MB       0B / 0B             230
41.11%              360MiB / 1.944GiB   18.09%              406MB / 320MB       0B / 0B             230
42.18%              360.2MiB / 1.944GiB   18.10%              408MB / 322MB       0B / 0B             230
42.18%              360.2MiB / 1.944GiB   18.10%              408MB / 322MB       0B / 0B             230
39.74%              360.7MiB / 1.944GiB   18.12%              410MB / 324MB       0B / 0B             230
39.74%              360.7MiB / 1.944GiB   18.12%              410MB / 324MB       0B / 0B             230
39.57%              361.1MiB / 1.944GiB   18.14%              412MB / 325MB       0B / 0B             230
39.57%              361.1MiB / 1.944GiB   18.14%              412MB / 325MB       0B / 0B             230
39.22%              361.4MiB / 1.944GiB   18.16%              414MB / 327MB       0B / 0B             230
39.22%              361.4MiB / 1.944GiB   18.16%              414MB / 327MB       0B / 0B             230
41.87%              361.7MiB / 1.944GiB   18.17%              416MB / 328MB       0B / 0B             230
41.87%              361.7MiB / 1.944GiB   18.17%              416MB / 328MB       0B / 0B             230
41.00%              362MiB / 1.944GiB   18.19%              418MB / 330MB       0B / 0B             230
41.00%              362MiB / 1.944GiB   18.19%              418MB / 330MB       0B / 0B             230
42.37%              362.2MiB / 1.944GiB   18.20%              420MB / 332MB       0B / 0B             230
42.37%              362.2MiB / 1.944GiB   18.20%              420MB / 332MB       0B / 0B             230
40.13%              362.8MiB / 1.944GiB   18.23%              422MB / 333MB       0B / 0B             230
40.13%              362.8MiB / 1.944GiB   18.23%              422MB / 333MB       0B / 0B             230
40.68%              362.9MiB / 1.944GiB   18.23%              424MB / 335MB       0B / 0B             230
40.68%              362.9MiB / 1.944GiB   18.23%              424MB / 335MB       0B / 0B             230
38.00%              363.5MiB / 1.944GiB   18.26%              426MB / 337MB       0B / 0B             230
38.00%              363.5MiB / 1.944GiB   18.26%              426MB / 337MB       0B / 0B             230
43.08%              363.4MiB / 1.944GiB   18.26%              429MB / 338MB       0B / 0B             230
43.08%              363.4MiB / 1.944GiB   18.26%              429MB / 338MB       0B / 0B             230
38.39%              363.7MiB / 1.944GiB   18.27%              431MB / 340MB       0B / 0B             230
38.39%              363.7MiB / 1.944GiB   18.27%              431MB / 340MB       0B / 0B             230
40.02%              364.3MiB / 1.944GiB   18.30%              433MB / 342MB       0B / 0B             230
40.02%              364.3MiB / 1.944GiB   18.30%              433MB / 342MB       0B / 0B             230
41.83%              364.8MiB / 1.944GiB   18.33%              435MB / 343MB       0B / 0B             230
41.83%              364.8MiB / 1.944GiB   18.33%              435MB / 343MB       0B / 0B             230
39.14%              365.2MiB / 1.944GiB   18.35%              437MB / 345MB       0B / 0B             230
39.14%              365.2MiB / 1.944GiB   18.35%              437MB / 345MB       0B / 0B             230
41.28%              365.6MiB / 1.944GiB   18.37%              439MB / 346MB       0B / 0B             230
41.28%              365.6MiB / 1.944GiB   18.37%              439MB / 346MB       0B / 0B             230
41.97%              366MiB / 1.944GiB   18.39%              441MB / 348MB       0B / 0B             230
41.97%              366MiB / 1.944GiB   18.39%              441MB / 348MB       0B / 0B             230
39.19%              366.1MiB / 1.944GiB   18.40%              443MB / 350MB       0B / 0B             230
39.19%              366.1MiB / 1.944GiB   18.40%              443MB / 350MB       0B / 0B             230
41.70%              366.2MiB / 1.944GiB   18.40%              445MB / 351MB       0B / 0B             230
41.70%              366.2MiB / 1.944GiB   18.40%              445MB / 351MB       0B / 0B             230
38.07%              366.4MiB / 1.944GiB   18.41%              447MB / 353MB       0B / 0B             230
38.07%              366.4MiB / 1.944GiB   18.41%              447MB / 353MB       0B / 0B             230
40.78%              366.7MiB / 1.944GiB   18.42%              449MB / 355MB       0B / 0B             230
40.78%              366.7MiB / 1.944GiB   18.42%              449MB / 355MB       0B / 0B             230
44.27%              367.3MiB / 1.944GiB   18.46%              451MB / 356MB       0B / 0B             230
44.27%              367.3MiB / 1.944GiB   18.46%              451MB / 356MB       0B / 0B             230
40.59%              367.5MiB / 1.944GiB   18.46%              453MB / 358MB       0B / 0B             230
40.59%              367.5MiB / 1.944GiB   18.46%              453MB / 358MB       0B / 0B             230
41.16%              367.8MiB / 1.944GiB   18.48%              455MB / 360MB       0B / 0B             230
41.16%              367.8MiB / 1.944GiB   18.48%              455MB / 360MB       0B / 0B             230
40.96%              368.2MiB / 1.944GiB   18.50%              458MB / 361MB       0B / 0B             230
40.96%              368.2MiB / 1.944GiB   18.50%              458MB / 361MB       0B / 0B             230
39.12%              368.4MiB / 1.944GiB   18.51%              460MB / 363MB       0B / 0B             230
39.12%              368.4MiB / 1.944GiB   18.51%              460MB / 363MB       0B / 0B             230
40.04%              368.9MiB / 1.944GiB   18.54%              462MB / 364MB       0B / 0B             230
40.04%              368.9MiB / 1.944GiB   18.54%              462MB / 364MB       0B / 0B             230
41.20%              369.2MiB / 1.944GiB   18.55%              464MB / 366MB       0B / 0B             230
41.20%              369.2MiB / 1.944GiB   18.55%              464MB / 366MB       0B / 0B             230
40.83%              369.6MiB / 1.944GiB   18.57%              466MB / 368MB       0B / 0B             230
40.83%              369.6MiB / 1.944GiB   18.57%              466MB / 368MB       0B / 0B             230
39.39%              369.9MiB / 1.944GiB   18.59%              468MB / 369MB       0B / 0B             230
39.39%              369.9MiB / 1.944GiB   18.59%              468MB / 369MB       0B / 0B             230
39.13%              370.2MiB / 1.944GiB   18.60%              470MB / 371MB       0B / 0B             230
39.13%              370.2MiB / 1.944GiB   18.60%              470MB / 371MB       0B / 0B             230
42.41%              370.5MiB / 1.944GiB   18.62%              472MB / 373MB       0B / 0B             230
42.41%              370.5MiB / 1.944GiB   18.62%              472MB / 373MB       0B / 0B             230
41.41%              370.6MiB / 1.944GiB   18.62%              474MB / 374MB       0B / 0B             230
41.41%              370.6MiB / 1.944GiB   18.62%              474MB / 374MB       0B / 0B             230
39.44%              371.1MiB / 1.944GiB   18.65%              476MB / 376MB       0B / 0B             230
39.44%              371.1MiB / 1.944GiB   18.65%              476MB / 376MB       0B / 0B             230
39.93%              371.5MiB / 1.944GiB   18.66%              478MB / 378MB       0B / 0B             230
39.93%              371.5MiB / 1.944GiB   18.66%              478MB / 378MB       0B / 0B             230
40.44%              371.8MiB / 1.944GiB   18.68%              480MB / 379MB       0B / 0B             230
40.44%              371.8MiB / 1.944GiB   18.68%              480MB / 379MB       0B / 0B             230
39.85%              372.3MiB / 1.944GiB   18.71%              482MB / 381MB       0B / 0B             230
39.85%              372.3MiB / 1.944GiB   18.71%              482MB / 381MB       0B / 0B             230
41.86%              372.8MiB / 1.944GiB   18.73%              485MB / 383MB       0B / 0B             230
41.86%              372.8MiB / 1.944GiB   18.73%              485MB / 383MB       0B / 0B             230
38.74%              373MiB / 1.944GiB   18.74%              487MB / 384MB       0B / 0B             230
38.74%              373MiB / 1.944GiB   18.74%              487MB / 384MB       0B / 0B             230
39.69%              373.2MiB / 1.944GiB   18.75%              489MB / 386MB       0B / 0B             230
39.69%              373.2MiB / 1.944GiB   18.75%              489MB / 386MB       0B / 0B             230
42.17%              373.5MiB / 1.944GiB   18.76%              491MB / 388MB       0B / 0B             230
42.17%              373.5MiB / 1.944GiB   18.76%              491MB / 388MB       0B / 0B             230
38.19%              373.5MiB / 1.944GiB   18.77%              493MB / 389MB       0B / 0B             230
38.19%              373.5MiB / 1.944GiB   18.77%              493MB / 389MB       0B / 0B             230
41.33%              374MiB / 1.944GiB   18.79%              495MB / 391MB       0B / 0B             230
41.33%              374MiB / 1.944GiB   18.79%              495MB / 391MB       0B / 0B             230
42.71%              374.6MiB / 1.944GiB   18.82%              497MB / 393MB       0B / 0B             230
42.71%              374.6MiB / 1.944GiB   18.82%              497MB / 393MB       0B / 0B             230
40.15%              374.7MiB / 1.944GiB   18.83%              499MB / 394MB       0B / 0B             230
40.15%              374.7MiB / 1.944GiB   18.83%              499MB / 394MB       0B / 0B             230
39.96%              375.2MiB / 1.944GiB   18.85%              501MB / 396MB       0B / 0B             230
39.96%              375.2MiB / 1.944GiB   18.85%              501MB / 396MB       0B / 0B             230
39.96%              375.5MiB / 1.944GiB   18.87%              503MB / 398MB       0B / 0B             230
39.96%              375.5MiB / 1.944GiB   18.87%              503MB / 398MB       0B / 0B             230
42.86%              375.9MiB / 1.944GiB   18.89%              505MB / 399MB       0B / 0B             230
42.86%              375.9MiB / 1.944GiB   18.89%              505MB / 399MB       0B / 0B             230
39.97%              376MiB / 1.944GiB   18.89%              507MB / 401MB       0B / 0B             230
39.97%              376MiB / 1.944GiB   18.89%              507MB / 401MB       0B / 0B             230
43.53%              376.7MiB / 1.944GiB   18.93%              510MB / 403MB       0B / 0B             230
43.53%              376.7MiB / 1.944GiB   18.93%              510MB / 403MB       0B / 0B             230
46.33%              377.1MiB / 1.944GiB   18.94%              512MB / 404MB       0B / 0B             230
46.33%              377.1MiB / 1.944GiB   18.94%              512MB / 404MB       0B / 0B             230
44.16%              377.3MiB / 1.944GiB   18.96%              514MB / 406MB       0B / 0B             230
44.16%              377.3MiB / 1.944GiB   18.96%              514MB / 406MB       0B / 0B             230
41.70%              377.3MiB / 1.944GiB   18.96%              516MB / 408MB       0B / 0B             230
41.70%              377.3MiB / 1.944GiB   18.96%              516MB / 408MB       0B / 0B             230
42.76%              377.7MiB / 1.944GiB   18.98%              518MB / 409MB       0B / 0B             230
42.76%              377.7MiB / 1.944GiB   18.98%              518MB / 409MB       0B / 0B             230
41.24%              378.2MiB / 1.944GiB   19.00%              520MB / 411MB       0B / 0B             230
41.24%              378.2MiB / 1.944GiB   19.00%              520MB / 411MB       0B / 0B             230
28.56%              378.4MiB / 1.944GiB   19.01%              521MB / 412MB       0B / 0B             230
28.56%              378.4MiB / 1.944GiB   19.01%              521MB / 412MB       0B / 0B             230
59.44%              378.6MiB / 1.944GiB   19.02%              524MB / 414MB       0B / 0B             230
59.44%              378.6MiB / 1.944GiB   19.02%              524MB / 414MB       0B / 0B             230
48.43%              379.1MiB / 1.944GiB   19.05%              526MB / 416MB       0B / 0B             230
48.43%              379.1MiB / 1.944GiB   19.05%              526MB / 416MB       0B / 0B             230
43.47%              379.6MiB / 1.944GiB   19.07%              528MB / 417MB       0B / 0B             230
43.47%              379.6MiB / 1.944GiB   19.07%              528MB / 417MB       0B / 0B             230
39.58%              379.6MiB / 1.944GiB   19.07%              530MB / 419MB       0B / 0B             230
39.58%              379.6MiB / 1.944GiB   19.07%              530MB / 419MB       0B / 0B             230
38.65%              379.8MiB / 1.944GiB   19.08%              532MB / 420MB       0B / 0B             230
38.65%              379.8MiB / 1.944GiB   19.08%              532MB / 420MB       0B / 0B             230
40.22%              380.4MiB / 1.944GiB   19.11%              534MB / 422MB       0B / 0B             230
40.22%              380.4MiB / 1.944GiB   19.11%              534MB / 422MB       0B / 0B             230
40.80%              380.6MiB / 1.944GiB   19.12%              536MB / 424MB       0B / 0B             230
40.80%              380.6MiB / 1.944GiB   19.12%              536MB / 424MB       0B / 0B             230
42.08%              380.8MiB / 1.944GiB   19.13%              538MB / 425MB       0B / 0B             230
42.08%              380.8MiB / 1.944GiB   19.13%              538MB / 425MB       0B / 0B             230
40.65%              381.2MiB / 1.944GiB   19.15%              540MB / 427MB       0B / 0B             230
40.65%              381.2MiB / 1.944GiB   19.15%              540MB / 427MB       0B / 0B             230
41.52%              381.1MiB / 1.944GiB   19.14%              542MB / 429MB       0B / 0B             230
41.52%              381.1MiB / 1.944GiB   19.14%              542MB / 429MB       0B / 0B             230
42.02%              381.1MiB / 1.944GiB   19.15%              545MB / 430MB       0B / 0B             230
42.02%              381.1MiB / 1.944GiB   19.15%              545MB / 430MB       0B / 0B             230
39.21%              381.3MiB / 1.944GiB   19.16%              547MB / 432MB       0B / 0B             230
39.21%              381.3MiB / 1.944GiB   19.16%              547MB / 432MB       0B / 0B             230
39.90%              381.8MiB / 1.944GiB   19.18%              549MB / 434MB       0B / 0B             230
39.90%              381.8MiB / 1.944GiB   19.18%              549MB / 434MB       0B / 0B             230
39.26%              382.3MiB / 1.944GiB   19.21%              551MB / 435MB       0B / 0B             230
39.26%              382.3MiB / 1.944GiB   19.21%              551MB / 435MB       0B / 0B             230
41.60%              382.6MiB / 1.944GiB   19.22%              553MB / 437MB       0B / 0B             230
41.60%              382.6MiB / 1.944GiB   19.22%              553MB / 437MB       0B / 0B             230
41.41%              382.8MiB / 1.944GiB   19.23%              555MB / 439MB       0B / 0B             230
41.41%              382.8MiB / 1.944GiB   19.23%              555MB / 439MB       0B / 0B             230
41.04%              383.2MiB / 1.944GiB   19.25%              557MB / 440MB       0B / 0B             230
41.04%              383.2MiB / 1.944GiB   19.25%              557MB / 440MB       0B / 0B             230
38.80%              383.2MiB / 1.944GiB   19.25%              559MB / 442MB       0B / 0B             230
38.80%              383.2MiB / 1.944GiB   19.25%              559MB / 442MB       0B / 0B             230
43.66%              383.8MiB / 1.944GiB   19.28%              561MB / 443MB       0B / 0B             230
43.66%              383.8MiB / 1.944GiB   19.28%              561MB / 443MB       0B / 0B             230
38.96%              384.2MiB / 1.944GiB   19.30%              563MB / 445MB       0B / 0B             230
38.96%              384.2MiB / 1.944GiB   19.30%              563MB / 445MB       0B / 0B             230
41.90%              384.3MiB / 1.944GiB   19.31%              565MB / 447MB       0B / 0B             230
41.90%              384.3MiB / 1.944GiB   19.31%              565MB / 447MB       0B / 0B             230
42.06%              384.9MiB / 1.944GiB   19.34%              567MB / 448MB       0B / 0B             230
42.06%              384.9MiB / 1.944GiB   19.34%              567MB / 448MB       0B / 0B             230
39.31%              385.2MiB / 1.944GiB   19.35%              569MB / 450MB       0B / 0B             230
39.31%              385.2MiB / 1.944GiB   19.35%              569MB / 450MB       0B / 0B             230
41.40%              385.6MiB / 1.944GiB   19.37%              572MB / 452MB       0B / 0B             230
41.40%              385.6MiB / 1.944GiB   19.37%              572MB / 452MB       0B / 0B             230
42.27%              385.6MiB / 1.944GiB   19.37%              574MB / 453MB       0B / 0B             230
42.27%              385.6MiB / 1.944GiB   19.37%              574MB / 453MB       0B / 0B             230
40.35%              386.4MiB / 1.944GiB   19.41%              576MB / 455MB       0B / 0B             230
40.35%              386.4MiB / 1.944GiB   19.41%              576MB / 455MB       0B / 0B             230
41.16%              386.7MiB / 1.944GiB   19.43%              578MB / 457MB       0B / 0B             230
41.16%              386.7MiB / 1.944GiB   19.43%              578MB / 457MB       0B / 0B             230
40.53%              386.7MiB / 1.944GiB   19.43%              580MB / 458MB       0B / 0B             230
40.53%              386.7MiB / 1.944GiB   19.43%              580MB / 458MB       0B / 0B             230
40.59%              387.3MiB / 1.944GiB   19.46%              582MB / 460MB       0B / 0B             230
40.59%              387.3MiB / 1.944GiB   19.46%              582MB / 460MB       0B / 0B             230
41.57%              387.5MiB / 1.944GiB   19.47%              584MB / 462MB       0B / 0B             230
41.57%              387.5MiB / 1.944GiB   19.47%              584MB / 462MB       0B / 0B             230
43.52%              387.9MiB / 1.944GiB   19.49%              586MB / 463MB       0B / 0B             230
43.52%              387.9MiB / 1.944GiB   19.49%              586MB / 463MB       0B / 0B             230
38.77%              388.3MiB / 1.944GiB   19.51%              588MB / 465MB       0B / 0B             230
38.77%              388.3MiB / 1.944GiB   19.51%              588MB / 465MB       0B / 0B             230
41.49%              388.4MiB / 1.944GiB   19.51%              590MB / 467MB       0B / 0B             230
41.49%              388.4MiB / 1.944GiB   19.51%              590MB / 467MB       0B / 0B             230
38.13%              388.6MiB / 1.944GiB   19.53%              592MB / 468MB       0B / 0B             230
38.13%              388.6MiB / 1.944GiB   19.53%              592MB / 468MB       0B / 0B             230
40.34%              388.9MiB / 1.944GiB   19.54%              594MB / 470MB       0B / 0B             230
40.34%              388.9MiB / 1.944GiB   19.54%              594MB / 470MB       0B / 0B             230
43.06%              389.5MiB / 1.944GiB   19.57%              596MB / 471MB       0B / 0B             230
43.06%              389.5MiB / 1.944GiB   19.57%              596MB / 471MB       0B / 0B             230
43.66%              389.7MiB / 1.944GiB   19.58%              599MB / 473MB       0B / 0B             230
43.66%              389.7MiB / 1.944GiB   19.58%              599MB / 473MB       0B / 0B             230
41.81%              390.1MiB / 1.944GiB   19.60%              601MB / 475MB       0B / 0B             230
41.81%              390.1MiB / 1.944GiB   19.60%              601MB / 475MB       0B / 0B             230
42.46%              390.4MiB / 1.944GiB   19.61%              603MB / 476MB       0B / 0B             230
42.46%              390.4MiB / 1.944GiB   19.61%              603MB / 476MB       0B / 0B             230
41.33%              390.7MiB / 1.944GiB   19.63%              605MB / 478MB       0B / 0B             230
41.33%              390.7MiB / 1.944GiB   19.63%              605MB / 478MB       0B / 0B             230
43.00%              391.1MiB / 1.944GiB   19.65%              607MB / 480MB       0B / 0B             230
43.00%              391.1MiB / 1.944GiB   19.65%              607MB / 480MB       0B / 0B             230
40.66%              391.4MiB / 1.944GiB   19.66%              609MB / 481MB       0B / 0B             230
40.66%              391.4MiB / 1.944GiB   19.66%              609MB / 481MB       0B / 0B             230
41.27%              391.8MiB / 1.944GiB   19.68%              611MB / 483MB       0B / 0B             230
41.27%              391.8MiB / 1.944GiB   19.68%              611MB / 483MB       0B / 0B             230
43.53%              392.4MiB / 1.944GiB   19.71%              613MB / 485MB       0B / 0B             230
43.53%              392.4MiB / 1.944GiB   19.71%              613MB / 485MB       0B / 0B             230
39.98%              392.2MiB / 1.944GiB   19.70%              615MB / 486MB       0B / 0B             230
39.98%              392.2MiB / 1.944GiB   19.70%              615MB / 486MB       0B / 0B             230
42.14%              392.7MiB / 1.944GiB   19.73%              617MB / 488MB       0B / 0B             230
42.14%              392.7MiB / 1.944GiB   19.73%              617MB / 488MB       0B / 0B             230
43.27%              393.2MiB / 1.944GiB   19.75%              619MB / 490MB       0B / 0B             230
43.27%              393.2MiB / 1.944GiB   19.75%              619MB / 490MB       0B / 0B             230
40.63%              393.4MiB / 1.944GiB   19.77%              621MB / 491MB       0B / 0B             230
40.63%              393.4MiB / 1.944GiB   19.77%              621MB / 491MB       0B / 0B             230
42.60%              393.8MiB / 1.944GiB   19.79%              624MB / 493MB       0B / 0B             230
42.60%              393.8MiB / 1.944GiB   19.79%              624MB / 493MB       0B / 0B             230
43.35%              393.9MiB / 1.944GiB   19.79%              626MB / 495MB       0B / 0B             230
43.35%              393.9MiB / 1.944GiB   19.79%              626MB / 495MB       0B / 0B             230
42.53%              394.2MiB / 1.944GiB   19.80%              628MB / 496MB       0B / 0B             230
42.53%              394.2MiB / 1.944GiB   19.80%              628MB / 496MB       0B / 0B             230
42.84%              394.5MiB / 1.944GiB   19.82%              630MB / 498MB       0B / 0B             230
42.84%              394.5MiB / 1.944GiB   19.82%              630MB / 498MB       0B / 0B             230
41.27%              395.1MiB / 1.944GiB   19.85%              632MB / 499MB       0B / 0B             230
41.27%              395.1MiB / 1.944GiB   19.85%              632MB / 499MB       0B / 0B             230
43.68%              395.2MiB / 1.944GiB   19.85%              634MB / 501MB       0B / 0B             230
43.68%              395.2MiB / 1.944GiB   19.85%              634MB / 501MB       0B / 0B             230
42.69%              395.8MiB / 1.944GiB   19.89%              636MB / 503MB       0B / 0B             230
42.69%              395.8MiB / 1.944GiB   19.89%              636MB / 503MB       0B / 0B             230
42.54%              396MiB / 1.944GiB   19.90%              638MB / 504MB       0B / 0B             230
42.54%              396MiB / 1.944GiB   19.90%              638MB / 504MB       0B / 0B             230
44.95%              396.6MiB / 1.944GiB   19.93%              640MB / 506MB       0B / 0B             230
44.95%              396.6MiB / 1.944GiB   19.93%              640MB / 506MB       0B / 0B             230
41.84%              396.6MiB / 1.944GiB   19.93%              642MB / 508MB       0B / 0B             230
41.84%              396.6MiB / 1.944GiB   19.93%              642MB / 508MB       0B / 0B             230
43.17%              397.1MiB / 1.944GiB   19.95%              644MB / 509MB       0B / 0B             230
43.17%              397.1MiB / 1.944GiB   19.95%              644MB / 509MB       0B / 0B             230
44.61%              397.6MiB / 1.944GiB   19.97%              646MB / 511MB       0B / 0B             230
44.61%              397.6MiB / 1.944GiB   19.97%              646MB / 511MB       0B / 0B             230
44.94%              397.2MiB / 1.944GiB   19.96%              648MB / 513MB       0B / 0B             230
44.94%              397.2MiB / 1.944GiB   19.96%              648MB / 513MB       0B / 0B             230
41.61%              397.6MiB / 1.944GiB   19.97%              650MB / 514MB       0B / 0B             230
41.61%              397.6MiB / 1.944GiB   19.97%              650MB / 514MB       0B / 0B             230
42.27%              397.9MiB / 1.944GiB   19.99%              652MB / 516MB       0B / 0B             230
42.27%              397.9MiB / 1.944GiB   19.99%              652MB / 516MB       0B / 0B             230
44.56%              398.2MiB / 1.944GiB   20.01%              655MB / 518MB       0B / 0B             230
44.56%              398.2MiB / 1.944GiB   20.01%              655MB / 518MB       0B / 0B             230
41.98%              398.6MiB / 1.944GiB   20.03%              657MB / 519MB       0B / 0B             230
41.98%              398.6MiB / 1.944GiB   20.03%              657MB / 519MB       0B / 0B             230
44.11%              399MiB / 1.944GiB   20.04%              659MB / 521MB       0B / 0B             230
44.11%              399MiB / 1.944GiB   20.04%              659MB / 521MB       0B / 0B             230
43.74%              399.4MiB / 1.944GiB   20.06%              661MB / 523MB       0B / 0B             230
43.74%              399.4MiB / 1.944GiB   20.06%              661MB / 523MB       0B / 0B             230
44.71%              399.4MiB / 1.944GiB   20.07%              663MB / 524MB       0B / 0B             230
44.71%              399.4MiB / 1.944GiB   20.07%              663MB / 524MB       0B / 0B             230
40.80%              400MiB / 1.944GiB   20.09%              665MB / 526MB       0B / 0B             230
40.80%              400MiB / 1.944GiB   20.09%              665MB / 526MB       0B / 0B             230
42.30%              400.2MiB / 1.944GiB   20.11%              667MB / 527MB       0B / 0B             230
42.30%              400.2MiB / 1.944GiB   20.11%              667MB / 527MB       0B / 0B             230
42.08%              400.8MiB / 1.944GiB   20.14%              669MB / 529MB       0B / 0B             230
42.08%              400.8MiB / 1.944GiB   20.14%              669MB / 529MB       0B / 0B             230
44.05%              401MiB / 1.944GiB   20.14%              671MB / 531MB       0B / 0B             230
44.05%              401MiB / 1.944GiB   20.14%              671MB / 531MB       0B / 0B             230
39.87%              401.2MiB / 1.944GiB   20.16%              673MB / 532MB       0B / 0B             230
39.87%              401.2MiB / 1.944GiB   20.16%              673MB / 532MB       0B / 0B             230
42.94%              401.9MiB / 1.944GiB   20.19%              675MB / 534MB       0B / 0B             230
42.94%              401.9MiB / 1.944GiB   20.19%              675MB / 534MB       0B / 0B             230
40.85%              402MiB / 1.944GiB   20.20%              677MB / 536MB       0B / 0B             230
40.85%              402MiB / 1.944GiB   20.20%              677MB / 536MB       0B / 0B             230
44.24%              402.3MiB / 1.944GiB   20.21%              679MB / 537MB       0B / 0B             230
44.24%              402.3MiB / 1.944GiB   20.21%              679MB / 537MB       0B / 0B             230
43.47%              402.6MiB / 1.944GiB   20.23%              682MB / 539MB       0B / 0B             230
43.47%              402.6MiB / 1.944GiB   20.23%              682MB / 539MB       0B / 0B             230
40.00%              402.8MiB / 1.944GiB   20.24%              684MB / 541MB       0B / 0B             230
40.00%              402.8MiB / 1.944GiB   20.24%              684MB / 541MB       0B / 0B             230
41.81%              403.4MiB / 1.944GiB   20.27%              686MB / 542MB       0B / 0B             230
41.81%              403.4MiB / 1.944GiB   20.27%              686MB / 542MB       0B / 0B             230
41.68%              403.6MiB / 1.944GiB   20.28%              688MB / 544MB       0B / 0B             230
41.68%              403.6MiB / 1.944GiB   20.28%              688MB / 544MB       0B / 0B             230
42.11%              403.9MiB / 1.944GiB   20.29%              690MB / 546MB       0B / 0B             230
42.11%              403.9MiB / 1.944GiB   20.29%              690MB / 546MB       0B / 0B             230
42.55%              404.1MiB / 1.944GiB   20.30%              692MB / 547MB       0B / 0B             230
42.55%              404.1MiB / 1.944GiB   20.30%              692MB / 547MB       0B / 0B             230
41.43%              404.6MiB / 1.944GiB   20.33%              694MB / 549MB       0B / 0B             230
41.43%              404.6MiB / 1.944GiB   20.33%              694MB / 549MB       0B / 0B             230
42.10%              405.1MiB / 1.944GiB   20.35%              696MB / 551MB       0B / 0B             230
42.10%              405.1MiB / 1.944GiB   20.35%              696MB / 551MB       0B / 0B             230
40.95%              405.6MiB / 1.944GiB   20.38%              698MB / 552MB       0B / 0B             230
40.95%              405.6MiB / 1.944GiB   20.38%              698MB / 552MB       0B / 0B             230
42.22%              405.7MiB / 1.944GiB   20.38%              700MB / 554MB       0B / 0B             230
42.22%              405.7MiB / 1.944GiB   20.38%              700MB / 554MB       0B / 0B             230
42.35%              406MiB / 1.944GiB   20.40%              702MB / 555MB       0B / 0B             230
42.35%              406MiB / 1.944GiB   20.40%              702MB / 555MB       0B / 0B             230
41.17%              406.5MiB / 1.944GiB   20.42%              704MB / 557MB       0B / 0B             230
41.17%              406.5MiB / 1.944GiB   20.42%              704MB / 557MB       0B / 0B             230
41.97%              406.9MiB / 1.944GiB   20.44%              706MB / 559MB       0B / 0B             230
41.97%              406.9MiB / 1.944GiB   20.44%              706MB / 559MB       0B / 0B             230
42.47%              406.8MiB / 1.944GiB   20.44%              709MB / 560MB       0B / 0B             230
42.47%              406.8MiB / 1.944GiB   20.44%              709MB / 560MB       0B / 0B             230
41.44%              407.2MiB / 1.944GiB   20.46%              711MB / 562MB       0B / 0B             230
41.44%              407.2MiB / 1.944GiB   20.46%              711MB / 562MB       0B / 0B             230
42.24%              407.7MiB / 1.944GiB   20.48%              713MB / 564MB       0B / 0B             230
42.24%              407.7MiB / 1.944GiB   20.48%              713MB / 564MB       0B / 0B             230
41.46%              407.9MiB / 1.944GiB   20.49%              715MB / 565MB       0B / 0B             230
41.46%              407.9MiB / 1.944GiB   20.49%              715MB / 565MB       0B / 0B             230
41.28%              408.4MiB / 1.944GiB   20.52%              717MB / 567MB       0B / 0B             230
41.28%              408.4MiB / 1.944GiB   20.52%              717MB / 567MB       0B / 0B             230
41.17%              408.6MiB / 1.944GiB   20.53%              719MB / 569MB       0B / 0B             230
41.17%              408.6MiB / 1.944GiB   20.53%              719MB / 569MB       0B / 0B             230
44.02%              408.9MiB / 1.944GiB   20.54%              721MB / 570MB       0B / 0B             230
44.02%              408.9MiB / 1.944GiB   20.54%              721MB / 570MB       0B / 0B             230
40.23%              409.4MiB / 1.944GiB   20.57%              723MB / 572MB       0B / 0B             230
40.23%              409.4MiB / 1.944GiB   20.57%              723MB / 572MB       0B / 0B             230
42.82%              409.4MiB / 1.944GiB   20.57%              725MB / 574MB       0B / 0B             230
42.82%              409.4MiB / 1.944GiB   20.57%              725MB / 574MB       0B / 0B             230
44.59%              409.9MiB / 1.944GiB   20.59%              727MB / 575MB       0B / 0B             230
44.59%              409.9MiB / 1.944GiB   20.59%              727MB / 575MB       0B / 0B             230
42.23%              410.1MiB / 1.944GiB   20.61%              729MB / 577MB       0B / 0B             230
42.23%              410.1MiB / 1.944GiB   20.61%              729MB / 577MB       0B / 0B             230
41.87%              410.5MiB / 1.944GiB   20.62%              731MB / 579MB       0B / 0B             230
41.87%              410.5MiB / 1.944GiB   20.62%              731MB / 579MB       0B / 0B             230
42.09%              411.1MiB / 1.944GiB   20.65%              734MB / 580MB       0B / 0B             230
42.09%              411.1MiB / 1.944GiB   20.65%              734MB / 580MB       0B / 0B             230
40.10%              411.1MiB / 1.944GiB   20.65%              736MB / 582MB       0B / 0B             230
40.10%              411.1MiB / 1.944GiB   20.65%              736MB / 582MB       0B / 0B             230
40.99%              411.5MiB / 1.944GiB   20.67%              738MB / 584MB       0B / 0B             230
40.99%              411.5MiB / 1.944GiB   20.67%              738MB / 584MB       0B / 0B             230
41.19%              412MiB / 1.944GiB   20.70%              740MB / 585MB       0B / 0B             230
41.19%              412MiB / 1.944GiB   20.70%              740MB / 585MB       0B / 0B             230
40.81%              412.1MiB / 1.944GiB   20.70%              742MB / 587MB       0B / 0B             230
40.81%              412.1MiB / 1.944GiB   20.70%              742MB / 587MB       0B / 0B             230
41.76%              412.5MiB / 1.944GiB   20.72%              744MB / 589MB       0B / 0B             230
41.76%              412.5MiB / 1.944GiB   20.72%              744MB / 589MB       0B / 0B             230
43.54%              413MiB / 1.944GiB   20.75%              746MB / 590MB       0B / 0B             230
43.54%              413MiB / 1.944GiB   20.75%              746MB / 590MB       0B / 0B             230
38.70%              413.2MiB / 1.944GiB   20.76%              748MB / 592MB       0B / 0B             230
38.70%              413.2MiB / 1.944GiB   20.76%              748MB / 592MB       0B / 0B             230
41.10%              413.6MiB / 1.944GiB   20.78%              750MB / 593MB       0B / 0B             230
41.10%              413.6MiB / 1.944GiB   20.78%              750MB / 593MB       0B / 0B             230
40.88%              413.7MiB / 1.944GiB   20.79%              752MB / 595MB       0B / 0B             230
40.88%              413.7MiB / 1.944GiB   20.79%              752MB / 595MB       0B / 0B             230
42.33%              413.8MiB / 1.944GiB   20.79%              754MB / 597MB       0B / 0B             230
42.33%              413.8MiB / 1.944GiB   20.79%              754MB / 597MB       0B / 0B             230
43.53%              414.4MiB / 1.944GiB   20.82%              756MB / 598MB       0B / 0B             230
43.53%              414.4MiB / 1.944GiB   20.82%              756MB / 598MB       0B / 0B             230
40.18%              414.8MiB / 1.944GiB   20.84%              758MB / 600MB       0B / 0B             230
40.18%              414.8MiB / 1.944GiB   20.84%              758MB / 600MB       0B / 0B             230
41.77%              415.2MiB / 1.944GiB   20.86%              760MB / 602MB       0B / 0B             230
41.77%              415.2MiB / 1.944GiB   20.86%              760MB / 602MB       0B / 0B             230
41.26%              415.7MiB / 1.944GiB   20.88%              763MB / 603MB       0B / 0B             230
41.26%              415.7MiB / 1.944GiB   20.88%              763MB / 603MB       0B / 0B             230
42.30%              416.1MiB / 1.944GiB   20.91%              765MB / 605MB       0B / 0B             230
42.30%              416.1MiB / 1.944GiB   20.91%              765MB / 605MB       0B / 0B             230
40.88%              416.3MiB / 1.944GiB   20.91%              767MB / 607MB       0B / 0B             230
40.88%              416.3MiB / 1.944GiB   20.91%              767MB / 607MB       0B / 0B             230
41.19%              416.5MiB / 1.944GiB   20.93%              769MB / 608MB       0B / 0B             230
41.19%              416.5MiB / 1.944GiB   20.93%              769MB / 608MB       0B / 0B             230
42.21%              417MiB / 1.944GiB   20.95%              771MB / 610MB       0B / 0B             230
42.21%              417MiB / 1.944GiB   20.95%              771MB / 610MB       0B / 0B             230
40.69%              417.5MiB / 1.944GiB   20.98%              773MB / 612MB       0B / 0B             230
40.69%              417.5MiB / 1.944GiB   20.98%              773MB / 612MB       0B / 0B             230
42.58%              417.7MiB / 1.944GiB   20.98%              775MB / 613MB       0B / 0B             230
42.58%              417.7MiB / 1.944GiB   20.98%              775MB / 613MB       0B / 0B             230
41.03%              418MiB / 1.944GiB   21.00%              777MB / 615MB       0B / 0B             230
41.03%              418MiB / 1.944GiB   21.00%              777MB / 615MB       0B / 0B             230
44.93%              418.4MiB / 1.944GiB   21.02%              779MB / 617MB       0B / 0B             230
44.93%              418.4MiB / 1.944GiB   21.02%              779MB / 617MB       0B / 0B             230
42.17%              418.6MiB / 1.944GiB   21.03%              781MB / 618MB       0B / 0B             230
42.17%              418.6MiB / 1.944GiB   21.03%              781MB / 618MB       0B / 0B             230
46.78%              419.2MiB / 1.944GiB   21.06%              783MB / 620MB       0B / 0B             230
46.78%              419.2MiB / 1.944GiB   21.06%              783MB / 620MB       0B / 0B             230
45.16%              419.4MiB / 1.944GiB   21.07%              786MB / 622MB       0B / 0B             230
45.16%              419.4MiB / 1.944GiB   21.07%              786MB / 622MB       0B / 0B             230
46.32%              419.7MiB / 1.944GiB   21.08%              788MB / 623MB       0B / 0B             230
46.32%              419.7MiB / 1.944GiB   21.08%              788MB / 623MB       0B / 0B             230
36.59%              420.3MiB / 1.944GiB   21.12%              790MB / 625MB       0B / 0B             230
36.59%              420.3MiB / 1.944GiB   21.12%              790MB / 625MB       0B / 0B             230
54.24%              420.3MiB / 1.944GiB   21.11%              792MB / 627MB       0B / 0B             230
54.24%              420.3MiB / 1.944GiB   21.11%              792MB / 627MB       0B / 0B             230
54.24%              420.3MiB / 1.944GiB   21.11%              792MB / 627MB       0B / 0B             230
43.08%              420.6MiB / 1.944GiB   21.13%              794MB / 628MB       0B / 0B             230
43.44%              420.7MiB / 1.944GiB   21.13%              796MB / 630MB       0B / 0B             230
